TpTrace Verbose: 0 : 31192, 1, 2024/06/03, 10:24:29.997, 24209325473308, vstest.console.dll, Version: 17.9.0-release-24072-02 Current process architecture: X64
TpTrace Verbose: 0 : 31192, 1, 2024/06/03, 10:24:30.002, 24209325520762, vstest.console.dll, Runtime location: C:\Program Files\dotnet\shared\Microsoft.NETCore.App\8.0.3
TpTrace Verbose: 0 : 31192, 1, 2024/06/03, 10:24:30.008, 24209325588663, vstest.console.dll, ArtifactProcessingPostProcessModeProcessorExecutor.Initialize: ArtifactProcessingMode.Collect
TpTrace Verbose: 0 : 31192, 1, 2024/06/03, 10:24:30.009, 24209325592078, vstest.console.dll, TestSessionCorrelationIdProcessorModeProcessorExecutor.Initialize: TestSessionCorrelationId '10464_6cdb6d69-6c47-48af-8759-114c4413d859'
TpTrace Information: 0 : 31192, 1, 2024/06/03, 10:24:30.034, 24209325844464, vstest.console.dll, FilePatternParser: The given file C:\Users\VC\Desktop\mini_project\EventManagementSolution\EventManagementTest\bin\Debug\net8.0\fine-code-coverage\build-output\EventManagementTest.dll is a full path.
TpTrace Verbose: 0 : 31192, 1, 2024/06/03, 10:24:30.038, 24209325885452, vstest.console.dll, TestPluginCache.DiscoverTestExtensions: finding test extensions in assemblies ends with: RuntimeProvider.dll TPluginInfo: Microsoft.VisualStudio.TestPlatform.Common.ExtensionFramework.Utilities.TestRuntimePluginInformation TExtension: Microsoft.VisualStudio.TestPlatform.ObjectModel.Host.ITestRuntimeProvider
TpTrace Verbose: 0 : 31192, 1, 2024/06/03, 10:24:30.038, 24209325888747, vstest.console.dll, TestPluginCache.GetExtensionPaths: Filtered extension paths: 
TpTrace Verbose: 0 : 31192, 1, 2024/06/03, 10:24:30.039, 24209325889574, vstest.console.dll, TestPluginCache.GetExtensionPaths: Added default extension paths: C:\Program Files\dotnet\sdk\8.0.202\Extensions\Microsoft.Diagnostics.NETCore.Client.dll
C:\Program Files\dotnet\sdk\8.0.202\Extensions\Microsoft.TestPlatform.Extensions.BlameDataCollector.dll
C:\Program Files\dotnet\sdk\8.0.202\Extensions\Microsoft.TestPlatform.Extensions.EventLogCollector.dll
C:\Program Files\dotnet\sdk\8.0.202\Extensions\Microsoft.TestPlatform.TestHostRuntimeProvider.dll
C:\Program Files\dotnet\sdk\8.0.202\Extensions\Microsoft.VisualStudio.TestPlatform.Extensions.Html.TestLogger.dll
C:\Program Files\dotnet\sdk\8.0.202\Extensions\Microsoft.VisualStudio.TestPlatform.Extensions.Trx.TestLogger.dll
TpTrace Verbose: 0 : 31192, 1, 2024/06/03, 10:24:30.039, 24209325889861, vstest.console.dll, TestPluginCache.GetExtensionPaths: Added unfilterableExtensionPaths: 
TpTrace Information: 0 : 31192, 1, 2024/06/03, 10:24:30.039, 24209325894122, vstest.console.dll, AssemblyResolver.ctor: Creating AssemblyResolver with searchDirectories C:\Program Files\dotnet\sdk\8.0.202\Extensions,C:\Program Files\dotnet\sdk\8.0.202
TpTrace Verbose: 0 : 31192, 1, 2024/06/03, 10:24:30.040, 24209325906503, vstest.console.dll, TestPluginCache.DiscoverTestExtensions: Discovering the extensions using extension path.
TpTrace Verbose: 0 : 31192, 1, 2024/06/03, 10:24:30.040, 24209325907818, vstest.console.dll, TestPluginCache.GetExtensionPaths: Filtered extension paths: 
TpTrace Verbose: 0 : 31192, 1, 2024/06/03, 10:24:30.040, 24209325908211, vstest.console.dll, TestPluginCache.GetExtensionPaths: Added default extension paths: C:\Program Files\dotnet\sdk\8.0.202\Extensions\Microsoft.Diagnostics.NETCore.Client.dll
C:\Program Files\dotnet\sdk\8.0.202\Extensions\Microsoft.TestPlatform.Extensions.BlameDataCollector.dll
C:\Program Files\dotnet\sdk\8.0.202\Extensions\Microsoft.TestPlatform.Extensions.EventLogCollector.dll
C:\Program Files\dotnet\sdk\8.0.202\Extensions\Microsoft.TestPlatform.TestHostRuntimeProvider.dll
C:\Program Files\dotnet\sdk\8.0.202\Extensions\Microsoft.VisualStudio.TestPlatform.Extensions.Html.TestLogger.dll
C:\Program Files\dotnet\sdk\8.0.202\Extensions\Microsoft.VisualStudio.TestPlatform.Extensions.Trx.TestLogger.dll
TpTrace Verbose: 0 : 31192, 1, 2024/06/03, 10:24:30.040, 24209325908477, vstest.console.dll, TestPluginCache.GetExtensionPaths: Added unfilterableExtensionPaths: 
TpTrace Verbose: 0 : 31192, 1, 2024/06/03, 10:24:30.041, 24209325909377, vstest.console.dll, TestPluginCache.DiscoverTestExtensions: Discovering the extensions using allExtensionPaths: C:\Program Files\dotnet\sdk\8.0.202\Extensions\Microsoft.Diagnostics.NETCore.Client.dll
C:\Program Files\dotnet\sdk\8.0.202\Extensions\Microsoft.TestPlatform.Extensions.BlameDataCollector.dll
C:\Program Files\dotnet\sdk\8.0.202\Extensions\Microsoft.TestPlatform.Extensions.EventLogCollector.dll
C:\Program Files\dotnet\sdk\8.0.202\Extensions\Microsoft.TestPlatform.TestHostRuntimeProvider.dll
C:\Program Files\dotnet\sdk\8.0.202\Extensions\Microsoft.VisualStudio.TestPlatform.Extensions.Html.TestLogger.dll
C:\Program Files\dotnet\sdk\8.0.202\Extensions\Microsoft.VisualStudio.TestPlatform.Extensions.Trx.TestLogger.dll
TpTrace Information: 0 : 31192, 1, 2024/06/03, 10:24:30.041, 24209325910214, vstest.console.dll, AssemblyResolver.AddSearchDirectories: Adding more searchDirectories C:\Program Files\dotnet\sdk\8.0.202\Extensions,C:\Program Files\dotnet\sdk\8.0.202
TpTrace Information: 0 : 31192, 1, 2024/06/03, 10:24:30.041, 24209325910644, vstest.console.dll, AssemblyResolver.AddSearchDirectories: Adding more searchDirectories C:\Program Files\dotnet\sdk\8.0.202\Extensions,C:\Program Files\dotnet\sdk\8.0.202
TpTrace Information: 0 : 31192, 1, 2024/06/03, 10:24:30.041, 24209325910889, vstest.console.dll, AssemblyResolver.AddSearchDirectories: Adding more searchDirectories C:\Program Files\dotnet\sdk\8.0.202\Extensions,C:\Program Files\dotnet\sdk\8.0.202
TpTrace Information: 0 : 31192, 1, 2024/06/03, 10:24:30.041, 24209325911171, vstest.console.dll, AssemblyResolver.AddSearchDirectories: Adding more searchDirectories C:\Program Files\dotnet\sdk\8.0.202\Extensions,C:\Program Files\dotnet\sdk\8.0.202
TpTrace Information: 0 : 31192, 1, 2024/06/03, 10:24:30.041, 24209325911493, vstest.console.dll, AssemblyResolver.AddSearchDirectories: Adding more searchDirectories C:\Program Files\dotnet\sdk\8.0.202\Extensions,C:\Program Files\dotnet\sdk\8.0.202
TpTrace Information: 0 : 31192, 1, 2024/06/03, 10:24:30.041, 24209325911722, vstest.console.dll, AssemblyResolver.AddSearchDirectories: Adding more searchDirectories C:\Program Files\dotnet\sdk\8.0.202\Extensions,C:\Program Files\dotnet\sdk\8.0.202
TpTrace Information: 0 : 31192, 1, 2024/06/03, 10:24:30.041, 24209325916296, vstest.console.dll, AssemblyResolver.OnResolve: Microsoft.Diagnostics.NETCore.Client: Resolving assembly.
TpTrace Information: 0 : 31192, 1, 2024/06/03, 10:24:30.041, 24209325916995, vstest.console.dll, AssemblyResolver.OnResolve: Microsoft.Diagnostics.NETCore.Client: Searching in: 'C:\Program Files\dotnet\sdk\8.0.202\Extensions'.
TpTrace Information: 0 : 31192, 1, 2024/06/03, 10:24:30.048, 24209325984477, vstest.console.dll, AssemblyResolver.OnResolve: Microsoft.Diagnostics.NETCore.Client: Loading assembly 'C:\Program Files\dotnet\sdk\8.0.202\Extensions\Microsoft.Diagnostics.NETCore.Client.dll'.
TpTrace Information: 0 : 31192, 1, 2024/06/03, 10:24:30.049, 24209325992280, vstest.console.dll, AssemblyResolver.OnResolve: Resolved assembly: Microsoft.Diagnostics.NETCore.Client, from path: C:\Program Files\dotnet\sdk\8.0.202\Extensions\Microsoft.Diagnostics.NETCore.Client.dll
TpTrace Verbose: 0 : 31192, 1, 2024/06/03, 10:24:30.055, 24209326059043, vstest.console.dll, MetadataReaderExtensionsHelper: Discovering extensions inside assembly 'Microsoft.Diagnostics.NETCore.Client, Version=0.2.9.2401, Culture=neutral, PublicKeyToken=31bf3856ad364e35' file path 'C:\Program Files\dotnet\sdk\8.0.202\Extensions\Microsoft.Diagnostics.NETCore.Client.dll'
TpTrace Information: 0 : 31192, 1, 2024/06/03, 10:24:30.059, 24209326098805, vstest.console.dll, AssemblyResolver.OnResolve: Microsoft.Bcl.AsyncInterfaces: Resolving assembly.
TpTrace Information: 0 : 31192, 1, 2024/06/03, 10:24:30.060, 24209326099901, vstest.console.dll, AssemblyResolver.OnResolve: Microsoft.Bcl.AsyncInterfaces: Searching in: 'C:\Program Files\dotnet\sdk\8.0.202\Extensions'.
TpTrace Information: 0 : 31192, 1, 2024/06/03, 10:24:30.060, 24209326100664, vstest.console.dll, AssemblyResolver.OnResolve: Microsoft.Bcl.AsyncInterfaces: Assembly path does not exist: 'C:\Program Files\dotnet\sdk\8.0.202\Extensions\Microsoft.Bcl.AsyncInterfaces.dll', returning.
TpTrace Information: 0 : 31192, 1, 2024/06/03, 10:24:30.060, 24209326101576, vstest.console.dll, AssemblyResolver.OnResolve: Microsoft.Bcl.AsyncInterfaces: Assembly path does not exist: 'C:\Program Files\dotnet\sdk\8.0.202\Extensions\Microsoft.Bcl.AsyncInterfaces.exe', returning.
TpTrace Information: 0 : 31192, 1, 2024/06/03, 10:24:30.060, 24209326101866, vstest.console.dll, AssemblyResolver.OnResolve: Microsoft.Bcl.AsyncInterfaces: Searching in: 'C:\Program Files\dotnet\sdk\8.0.202'.
TpTrace Information: 0 : 31192, 1, 2024/06/03, 10:24:30.060, 24209326102390, vstest.console.dll, AssemblyResolver.OnResolve: Microsoft.Bcl.AsyncInterfaces: Assembly path does not exist: 'C:\Program Files\dotnet\sdk\8.0.202\Microsoft.Bcl.AsyncInterfaces.dll', returning.
TpTrace Information: 0 : 31192, 1, 2024/06/03, 10:24:30.060, 24209326102824, vstest.console.dll, AssemblyResolver.OnResolve: Microsoft.Bcl.AsyncInterfaces: Assembly path does not exist: 'C:\Program Files\dotnet\sdk\8.0.202\Microsoft.Bcl.AsyncInterfaces.exe', returning.
TpTrace Information: 0 : 31192, 1, 2024/06/03, 10:24:30.060, 24209326103053, vstest.console.dll, AssemblyResolver.OnResolve: Microsoft.Bcl.AsyncInterfaces: Failed to load assembly.
TpTrace Verbose: 0 : 31192, 1, 2024/06/03, 10:24:30.060, 24209326103545, vstest.console.dll, CurrentDomainAssemblyResolve: Resolving assembly 'Microsoft.Bcl.AsyncInterfaces'.
TpTrace Information: 0 : 31192, 1, 2024/06/03, 10:24:30.060, 24209326104137, vstest.console.dll, AssemblyResolver.OnResolve: Microsoft.Bcl.AsyncInterfaces: Resolving assembly.
TpTrace Information: 0 : 31192, 1, 2024/06/03, 10:24:30.060, 24209326104502, vstest.console.dll, AssemblyResolver.OnResolve: Microsoft.Bcl.AsyncInterfaces: Resolved from cache.
TpTrace Verbose: 0 : 31192, 1, 2024/06/03, 10:24:30.060, 24209326104737, vstest.console.dll, CurrentDomainAssemblyResolve: Resolving assembly 'Microsoft.Bcl.AsyncInterfaces'.
TpTrace Verbose: 0 : 31192, 1, 2024/06/03, 10:24:30.060, 24209326105026, vstest.console.dll, CurrentDomainAssemblyResolve: Failed to resolve assembly 'Microsoft.Bcl.AsyncInterfaces'.
TpTrace Verbose: 0 : 31192, 1, 2024/06/03, 10:24:30.061, 24209326111763, vstest.console.dll, CurrentDomainAssemblyResolve: Failed to resolve assembly 'Microsoft.Bcl.AsyncInterfaces'.
TpTrace Warning: 0 : 31192, 1, 2024/06/03, 10:24:30.070, 24209326204342, vstest.console.dll, TestPluginDiscoverer: Failed to get types from assembly 'Microsoft.Diagnostics.NETCore.Client, Version=0.2.9.2401, Culture=neutral, PublicKeyToken=31bf3856ad364e35'. Error: System.Reflection.ReflectionTypeLoadException: Unable to load one or more of the requested types.
Could not load file or assembly 'Microsoft.Bcl.AsyncInterfaces, Version=6.0.0.0, Culture=neutral, PublicKeyToken=cc7b13ffcd2ddd51'. The system cannot find the file specified.
   at System.Reflection.RuntimeModule.GetTypes(RuntimeModule module)
   at System.Reflection.RuntimeModule.GetTypes()
   at Microsoft.VisualStudio.TestPlatform.Common.ExtensionFramework.TestPluginDiscoverer.GetTestExtensionsFromAssembly[TPluginInfo,TExtension](Assembly assembly, Dictionary`2 pluginInfos, String filePath) in /_/src/Microsoft.TestPlatform.Common/ExtensionFramework/TestPluginDiscoverer.cs:line 158
System.IO.FileNotFoundException: Could not load file or assembly 'Microsoft.Bcl.AsyncInterfaces, Version=6.0.0.0, Culture=neutral, PublicKeyToken=cc7b13ffcd2ddd51'. The system cannot find the file specified.
File name: 'Microsoft.Bcl.AsyncInterfaces, Version=6.0.0.0, Culture=neutral, PublicKeyToken=cc7b13ffcd2ddd51'
 ---> System.IO.FileNotFoundException: Could not load file or assembly 'Microsoft.Bcl.AsyncInterfaces, Culture=neutral, PublicKeyToken=null'. The system cannot find the file specified.
File name: 'Microsoft.Bcl.AsyncInterfaces, Culture=neutral, PublicKeyToken=null'
   at System.Reflection.RuntimeAssembly.InternalLoad(AssemblyName assemblyName, StackCrawlMark& stackMark, AssemblyLoadContext assemblyLoadContext, RuntimeAssembly requestingAssembly, Boolean throwOnFileNotFound)
   at System.Reflection.Assembly.Load(AssemblyName assemblyRef)
   at Microsoft.VisualStudio.TestPlatform.Common.ExtensionFramework.TestPluginCache.CurrentDomainAssemblyResolve(Object sender, AssemblyResolveEventArgs args) in /_/src/Microsoft.TestPlatform.Common/ExtensionFramework/TestPluginCache.cs:line 513
   at System.Runtime.Loader.AssemblyLoadContext.GetFirstResolvedAssemblyFromResolvingEvent(AssemblyName assemblyName)
   at System.Runtime.Loader.AssemblyLoadContext.ResolveUsingEvent(AssemblyName assemblyName)
   at System.Runtime.Loader.AssemblyLoadContext.ResolveUsingResolvingEvent(IntPtr gchManagedAssemblyLoadContext, AssemblyName assemblyName)
TpTrace Warning: 0 : 31192, 1, 2024/06/03, 10:24:30.070, 24209326207567, vstest.console.dll, LoaderExceptions: System.IO.FileNotFoundException: Could not load file or assembly 'Microsoft.Bcl.AsyncInterfaces, Version=6.0.0.0, Culture=neutral, PublicKeyToken=cc7b13ffcd2ddd51'. The system cannot find the file specified.
File name: 'Microsoft.Bcl.AsyncInterfaces, Version=6.0.0.0, Culture=neutral, PublicKeyToken=cc7b13ffcd2ddd51'
 ---> System.IO.FileNotFoundException: Could not load file or assembly 'Microsoft.Bcl.AsyncInterfaces, Culture=neutral, PublicKeyToken=null'. The system cannot find the file specified.
File name: 'Microsoft.Bcl.AsyncInterfaces, Culture=neutral, PublicKeyToken=null'
   at System.Reflection.RuntimeAssembly.InternalLoad(AssemblyName assemblyName, StackCrawlMark& stackMark, AssemblyLoadContext assemblyLoadContext, RuntimeAssembly requestingAssembly, Boolean throwOnFileNotFound)
   at System.Reflection.Assembly.Load(AssemblyName assemblyRef)
   at Microsoft.VisualStudio.TestPlatform.Common.ExtensionFramework.TestPluginCache.CurrentDomainAssemblyResolve(Object sender, AssemblyResolveEventArgs args) in /_/src/Microsoft.TestPlatform.Common/ExtensionFramework/TestPluginCache.cs:line 513
   at System.Runtime.Loader.AssemblyLoadContext.GetFirstResolvedAssemblyFromResolvingEvent(AssemblyName assemblyName)
   at System.Runtime.Loader.AssemblyLoadContext.ResolveUsingEvent(AssemblyName assemblyName)
   at System.Runtime.Loader.AssemblyLoadContext.ResolveUsingResolvingEvent(IntPtr gchManagedAssemblyLoadContext, AssemblyName assemblyName)
TpTrace Information: 0 : 31192, 1, 2024/06/03, 10:24:30.070, 24209326209062, vstest.console.dll, AssemblyResolver.OnResolve: Microsoft.TestPlatform.Extensions.BlameDataCollector: Resolving assembly.
TpTrace Information: 0 : 31192, 1, 2024/06/03, 10:24:30.071, 24209326209433, vstest.console.dll, AssemblyResolver.OnResolve: Microsoft.TestPlatform.Extensions.BlameDataCollector: Searching in: 'C:\Program Files\dotnet\sdk\8.0.202\Extensions'.
TpTrace Information: 0 : 31192, 1, 2024/06/03, 10:24:30.071, 24209326212393, vstest.console.dll, AssemblyResolver.OnResolve: Microsoft.TestPlatform.Extensions.BlameDataCollector: Loading assembly 'C:\Program Files\dotnet\sdk\8.0.202\Extensions\Microsoft.TestPlatform.Extensions.BlameDataCollector.dll'.
TpTrace Information: 0 : 31192, 1, 2024/06/03, 10:24:30.071, 24209326218418, vstest.console.dll, AssemblyResolver.OnResolve: Resolved assembly: Microsoft.TestPlatform.Extensions.BlameDataCollector, from path: C:\Program Files\dotnet\sdk\8.0.202\Extensions\Microsoft.TestPlatform.Extensions.BlameDataCollector.dll
TpTrace Verbose: 0 : 31192, 1, 2024/06/03, 10:24:30.072, 24209326219751, vstest.console.dll, MetadataReaderExtensionsHelper: Discovering extensions inside assembly 'Microsoft.TestPlatform.Extensions.BlameDataCollector, Version=15.0.0.0, Culture=neutral, PublicKeyToken=b03f5f7f11d50a3a' file path 'C:\Program Files\dotnet\sdk\8.0.202\Extensions\Microsoft.TestPlatform.Extensions.BlameDataCollector.dll'
TpTrace Information: 0 : 31192, 1, 2024/06/03, 10:24:30.074, 24209326248037, vstest.console.dll, AssemblyResolver.OnResolve: Microsoft.TestPlatform.Extensions.EventLogCollector: Resolving assembly.
TpTrace Information: 0 : 31192, 1, 2024/06/03, 10:24:30.075, 24209326250868, vstest.console.dll, AssemblyResolver.OnResolve: Microsoft.TestPlatform.Extensions.EventLogCollector: Searching in: 'C:\Program Files\dotnet\sdk\8.0.202\Extensions'.
TpTrace Information: 0 : 31192, 1, 2024/06/03, 10:24:30.075, 24209326255107, vstest.console.dll, AssemblyResolver.OnResolve: Microsoft.TestPlatform.Extensions.EventLogCollector: Loading assembly 'C:\Program Files\dotnet\sdk\8.0.202\Extensions\Microsoft.TestPlatform.Extensions.EventLogCollector.dll'.
TpTrace Information: 0 : 31192, 1, 2024/06/03, 10:24:30.076, 24209326261801, vstest.console.dll, AssemblyResolver.OnResolve: Resolved assembly: Microsoft.TestPlatform.Extensions.EventLogCollector, from path: C:\Program Files\dotnet\sdk\8.0.202\Extensions\Microsoft.TestPlatform.Extensions.EventLogCollector.dll
TpTrace Verbose: 0 : 31192, 1, 2024/06/03, 10:24:30.076, 24209326262809, vstest.console.dll, MetadataReaderExtensionsHelper: Discovering extensions inside assembly 'Microsoft.TestPlatform.Extensions.EventLogCollector, Version=15.0.0.0, Culture=neutral, PublicKeyToken=b03f5f7f11d50a3a' file path 'C:\Program Files\dotnet\sdk\8.0.202\Extensions\Microsoft.TestPlatform.Extensions.EventLogCollector.dll'
TpTrace Information: 0 : 31192, 1, 2024/06/03, 10:24:30.078, 24209326282937, vstest.console.dll, AssemblyResolver.OnResolve: Microsoft.TestPlatform.TestHostRuntimeProvider: Resolving assembly.
TpTrace Information: 0 : 31192, 1, 2024/06/03, 10:24:30.078, 24209326283800, vstest.console.dll, AssemblyResolver.OnResolve: Microsoft.TestPlatform.TestHostRuntimeProvider: Searching in: 'C:\Program Files\dotnet\sdk\8.0.202\Extensions'.
TpTrace Information: 0 : 31192, 1, 2024/06/03, 10:24:30.078, 24209326286836, vstest.console.dll, AssemblyResolver.OnResolve: Microsoft.TestPlatform.TestHostRuntimeProvider: Loading assembly 'C:\Program Files\dotnet\sdk\8.0.202\Extensions\Microsoft.TestPlatform.TestHostRuntimeProvider.dll'.
TpTrace Information: 0 : 31192, 1, 2024/06/03, 10:24:30.079, 24209326292685, vstest.console.dll, AssemblyResolver.OnResolve: Resolved assembly: Microsoft.TestPlatform.TestHostRuntimeProvider, from path: C:\Program Files\dotnet\sdk\8.0.202\Extensions\Microsoft.TestPlatform.TestHostRuntimeProvider.dll
TpTrace Verbose: 0 : 31192, 1, 2024/06/03, 10:24:30.079, 24209326293488, vstest.console.dll, MetadataReaderExtensionsHelper: Discovering extensions inside assembly 'Microsoft.TestPlatform.TestHostRuntimeProvider, Version=15.0.0.0, Culture=neutral, PublicKeyToken=b03f5f7f11d50a3a' file path 'C:\Program Files\dotnet\sdk\8.0.202\Extensions\Microsoft.TestPlatform.TestHostRuntimeProvider.dll'
TpTrace Information: 0 : 31192, 1, 2024/06/03, 10:24:30.080, 24209326306645, vstest.console.dll, GetTestExtensionFromType: Register extension with identifier data 'HostProvider://DefaultTestHost' and type 'Microsoft.VisualStudio.TestPlatform.CrossPlatEngine.Hosting.DefaultTestHostManager, Microsoft.TestPlatform.TestHostRuntimeProvider, Version=15.0.0.0, Culture=neutral, PublicKeyToken=b03f5f7f11d50a3a' inside file 'C:\Program Files\dotnet\sdk\8.0.202\Extensions\Microsoft.TestPlatform.TestHostRuntimeProvider.dll'
TpTrace Information: 0 : 31192, 1, 2024/06/03, 10:24:30.080, 24209326309063, vstest.console.dll, GetTestExtensionFromType: Register extension with identifier data 'HostProvider://DotnetTestHost' and type 'Microsoft.VisualStudio.TestPlatform.CrossPlatEngine.Hosting.DotnetTestHostManager, Microsoft.TestPlatform.TestHostRuntimeProvider, Version=15.0.0.0, Culture=neutral, PublicKeyToken=b03f5f7f11d50a3a' inside file 'C:\Program Files\dotnet\sdk\8.0.202\Extensions\Microsoft.TestPlatform.TestHostRuntimeProvider.dll'
TpTrace Information: 0 : 31192, 1, 2024/06/03, 10:24:30.081, 24209326309876, vstest.console.dll, AssemblyResolver.OnResolve: Microsoft.VisualStudio.TestPlatform.Extensions.Html.TestLogger: Resolving assembly.
TpTrace Information: 0 : 31192, 1, 2024/06/03, 10:24:30.081, 24209326310170, vstest.console.dll, AssemblyResolver.OnResolve: Microsoft.VisualStudio.TestPlatform.Extensions.Html.TestLogger: Searching in: 'C:\Program Files\dotnet\sdk\8.0.202\Extensions'.
TpTrace Information: 0 : 31192, 1, 2024/06/03, 10:24:30.081, 24209326313128, vstest.console.dll, AssemblyResolver.OnResolve: Microsoft.VisualStudio.TestPlatform.Extensions.Html.TestLogger: Loading assembly 'C:\Program Files\dotnet\sdk\8.0.202\Extensions\Microsoft.VisualStudio.TestPlatform.Extensions.Html.TestLogger.dll'.
TpTrace Information: 0 : 31192, 1, 2024/06/03, 10:24:30.081, 24209326318041, vstest.console.dll, AssemblyResolver.OnResolve: Resolved assembly: Microsoft.VisualStudio.TestPlatform.Extensions.Html.TestLogger, from path: C:\Program Files\dotnet\sdk\8.0.202\Extensions\Microsoft.VisualStudio.TestPlatform.Extensions.Html.TestLogger.dll
TpTrace Verbose: 0 : 31192, 1, 2024/06/03, 10:24:30.081, 24209326318637, vstest.console.dll, MetadataReaderExtensionsHelper: Discovering extensions inside assembly 'Microsoft.VisualStudio.TestPlatform.Extensions.Html.TestLogger, Version=15.0.0.0, Culture=neutral, PublicKeyToken=b03f5f7f11d50a3a' file path 'C:\Program Files\dotnet\sdk\8.0.202\Extensions\Microsoft.VisualStudio.TestPlatform.Extensions.Html.TestLogger.dll'
TpTrace Information: 0 : 31192, 1, 2024/06/03, 10:24:30.082, 24209326328061, vstest.console.dll, AssemblyResolver.OnResolve: Microsoft.VisualStudio.TestPlatform.Extensions.Trx.TestLogger: Resolving assembly.
TpTrace Information: 0 : 31192, 1, 2024/06/03, 10:24:30.082, 24209326328964, vstest.console.dll, AssemblyResolver.OnResolve: Microsoft.VisualStudio.TestPlatform.Extensions.Trx.TestLogger: Searching in: 'C:\Program Files\dotnet\sdk\8.0.202\Extensions'.
TpTrace Information: 0 : 31192, 1, 2024/06/03, 10:24:30.083, 24209326333705, vstest.console.dll, AssemblyResolver.OnResolve: Microsoft.VisualStudio.TestPlatform.Extensions.Trx.TestLogger: Loading assembly 'C:\Program Files\dotnet\sdk\8.0.202\Extensions\Microsoft.VisualStudio.TestPlatform.Extensions.Trx.TestLogger.dll'.
TpTrace Information: 0 : 31192, 1, 2024/06/03, 10:24:30.084, 24209326342203, vstest.console.dll, AssemblyResolver.OnResolve: Resolved assembly: Microsoft.VisualStudio.TestPlatform.Extensions.Trx.TestLogger, from path: C:\Program Files\dotnet\sdk\8.0.202\Extensions\Microsoft.VisualStudio.TestPlatform.Extensions.Trx.TestLogger.dll
TpTrace Verbose: 0 : 31192, 1, 2024/06/03, 10:24:30.084, 24209326344416, vstest.console.dll, MetadataReaderExtensionsHelper: Discovering extensions inside assembly 'Microsoft.VisualStudio.TestPlatform.Extensions.Trx.TestLogger, Version=15.0.0.0, Culture=neutral, PublicKeyToken=b03f5f7f11d50a3a' file path 'C:\Program Files\dotnet\sdk\8.0.202\Extensions\Microsoft.VisualStudio.TestPlatform.Extensions.Trx.TestLogger.dll'
TpTrace Verbose: 0 : 31192, 1, 2024/06/03, 10:24:30.085, 24209326355169, vstest.console.dll, TestPluginCache: Discovered the extensions using extension path ''.
TpTrace Verbose: 0 : 31192, 1, 2024/06/03, 10:24:30.085, 24209326356306, vstest.console.dll, TestPluginCache: Discoverers are ''.
TpTrace Verbose: 0 : 31192, 1, 2024/06/03, 10:24:30.085, 24209326356714, vstest.console.dll, TestPluginCache: Executors are ''.
TpTrace Verbose: 0 : 31192, 1, 2024/06/03, 10:24:30.085, 24209326357030, vstest.console.dll, TestPluginCache: Executors2 are ''.
TpTrace Verbose: 0 : 31192, 1, 2024/06/03, 10:24:30.085, 24209326357340, vstest.console.dll, TestPluginCache: Setting providers are ''.
TpTrace Verbose: 0 : 31192, 1, 2024/06/03, 10:24:30.085, 24209326357701, vstest.console.dll, TestPluginCache: Loggers are ''.
TpTrace Verbose: 0 : 31192, 1, 2024/06/03, 10:24:30.086, 24209326359827, vstest.console.dll, TestPluginCache: TestHosts are 'HostProvider://DefaultTestHost,HostProvider://DotnetTestHost'.
TpTrace Verbose: 0 : 31192, 1, 2024/06/03, 10:24:30.086, 24209326360533, vstest.console.dll, TestPluginCache: DataCollectors are ''.
TpTrace Information: 0 : 31192, 1, 2024/06/03, 10:24:30.103, 24209326533188, vstest.console.dll, RunTestsArgumentProcessor:Execute: Test run is starting.
TpTrace Verbose: 0 : 31192, 1, 2024/06/03, 10:24:30.103, 24209326534828, vstest.console.dll, RunTestsArgumentProcessor:Execute: Queuing Test run.
TpTrace Information: 0 : 31192, 1, 2024/06/03, 10:24:30.104, 24209326539885, vstest.console.dll, TestRequestManager.RunTests: run tests started.
TpTrace Information: 0 : 31192, 1, 2024/06/03, 10:24:30.105, 24209326557125, vstest.console.dll, AssemblyMetadataProvider.GetFrameworkName: Determined framework:'.NETCoreApp,Version=v8.0' for source: 'C:\Users\VC\Desktop\mini_project\EventManagementSolution\EventManagementTest\bin\Debug\net8.0\fine-code-coverage\build-output\EventManagementTest.dll'
TpTrace Information: 0 : 31192, 1, 2024/06/03, 10:24:30.106, 24209326559099, vstest.console.dll, Determined framework for all sources: .NETCoreApp,Version=v8.0
TpTrace Verbose: 0 : 31192, 1, 2024/06/03, 10:24:30.106, 24209326563894, vstest.console.dll, TestRequestManager.UpdateRunSettingsIfRequired: Default architecture: X64 IsDefaultTargetArchitecture: True, Current process architecture: X64 OperatingSystem: Windows.
TpTrace Information: 0 : 31192, 1, 2024/06/03, 10:24:30.108, 24209326586243, vstest.console.dll, AssemblyMetadataProvider.GetArchitecture: Determined architecture:AnyCPU info for assembly: C:\Users\VC\Desktop\mini_project\EventManagementSolution\EventManagementTest\bin\Debug\net8.0\fine-code-coverage\build-output\EventManagementTest.dll
TpTrace Information: 0 : 31192, 1, 2024/06/03, 10:24:30.108, 24209326587744, vstest.console.dll, Determined platform for source 'C:\Users\VC\Desktop\mini_project\EventManagementSolution\EventManagementTest\bin\Debug\net8.0\fine-code-coverage\build-output\EventManagementTest.dll' was AnyCPU and it will use the default plaform X64.
TpTrace Information: 0 : 31192, 1, 2024/06/03, 10:24:30.108, 24209326588177, vstest.console.dll, None of the sources provided any runnable platform, using the default platform: X64
TpTrace Information: 0 : 31192, 1, 2024/06/03, 10:24:30.109, 24209326589842, vstest.console.dll, Platform was updated to 'X64'.
TpTrace Information: 0 : 31192, 1, 2024/06/03, 10:24:30.113, 24209326631022, vstest.console.dll, InferRunSettingsHelper.IsTestSettingsEnabled: Unable to navigate to RunSettings/MSTest. Current node: RunSettings
TpTrace Information: 0 : 31192, 1, 2024/06/03, 10:24:30.114, 24209326643091, vstest.console.dll, AssemblyResolver.OnResolve: Microsoft.VisualStudio.TestPlatform.Fakes: Resolving assembly.
TpTrace Information: 0 : 31192, 1, 2024/06/03, 10:24:30.114, 24209326644549, vstest.console.dll, AssemblyResolver.OnResolve: Microsoft.VisualStudio.TestPlatform.Fakes: Searching in: 'C:\Program Files\dotnet\sdk\8.0.202\Extensions'.
TpTrace Information: 0 : 31192, 1, 2024/06/03, 10:24:30.114, 24209326645947, vstest.console.dll, AssemblyResolver.OnResolve: Microsoft.VisualStudio.TestPlatform.Fakes: Assembly path does not exist: 'C:\Program Files\dotnet\sdk\8.0.202\Extensions\Microsoft.VisualStudio.TestPlatform.Fakes.dll', returning.
TpTrace Information: 0 : 31192, 1, 2024/06/03, 10:24:30.114, 24209326647627, vstest.console.dll, AssemblyResolver.OnResolve: Microsoft.VisualStudio.TestPlatform.Fakes: Assembly path does not exist: 'C:\Program Files\dotnet\sdk\8.0.202\Extensions\Microsoft.VisualStudio.TestPlatform.Fakes.exe', returning.
TpTrace Information: 0 : 31192, 1, 2024/06/03, 10:24:30.114, 24209326648446, vstest.console.dll, AssemblyResolver.OnResolve: Microsoft.VisualStudio.TestPlatform.Fakes: Searching in: 'C:\Program Files\dotnet\sdk\8.0.202'.
TpTrace Information: 0 : 31192, 1, 2024/06/03, 10:24:30.115, 24209326649167, vstest.console.dll, AssemblyResolver.OnResolve: Microsoft.VisualStudio.TestPlatform.Fakes: Assembly path does not exist: 'C:\Program Files\dotnet\sdk\8.0.202\Microsoft.VisualStudio.TestPlatform.Fakes.dll', returning.
TpTrace Information: 0 : 31192, 1, 2024/06/03, 10:24:30.115, 24209326649784, vstest.console.dll, AssemblyResolver.OnResolve: Microsoft.VisualStudio.TestPlatform.Fakes: Assembly path does not exist: 'C:\Program Files\dotnet\sdk\8.0.202\Microsoft.VisualStudio.TestPlatform.Fakes.exe', returning.
TpTrace Information: 0 : 31192, 1, 2024/06/03, 10:24:30.115, 24209326650113, vstest.console.dll, AssemblyResolver.OnResolve: Microsoft.VisualStudio.TestPlatform.Fakes: Failed to load assembly.
TpTrace Information: 0 : 31192, 1, 2024/06/03, 10:24:30.115, 24209326653884, vstest.console.dll, Failed to load assembly Microsoft.VisualStudio.TestPlatform.Fakes, Version=17.0.0.0, Culture=neutral. Reason:System.IO.FileNotFoundException: Could not load file or assembly 'Microsoft.VisualStudio.TestPlatform.Fakes, Version=17.0.0.0, Culture=neutral, PublicKeyToken=null'. The system cannot find the file specified.
File name: 'Microsoft.VisualStudio.TestPlatform.Fakes, Version=17.0.0.0, Culture=neutral, PublicKeyToken=null'
   at System.Reflection.RuntimeAssembly.InternalLoad(AssemblyName assemblyName, StackCrawlMark& stackMark, AssemblyLoadContext assemblyLoadContext, RuntimeAssembly requestingAssembly, Boolean throwOnFileNotFound)
   at System.Reflection.Assembly.Load(AssemblyName assemblyRef)
   at Microsoft.VisualStudio.TestPlatform.Common.Utilities.FakesUtilities.LoadTestPlatformAssembly() in /_/src/Microsoft.TestPlatform.Common/Utilities/FakesUtilities.cs:line 272
TpTrace Verbose: 0 : 31192, 1, 2024/06/03, 10:24:30.118, 24209326687758, vstest.console.dll, TestPluginCache.DiscoverTestExtensions: finding test extensions in assemblies ends with: TestLogger.dll TPluginInfo: Microsoft.VisualStudio.TestPlatform.Common.ExtensionFramework.Utilities.TestLoggerPluginInformation TExtension: Microsoft.VisualStudio.TestPlatform.ObjectModel.Client.ITestLogger
TpTrace Verbose: 0 : 31192, 1, 2024/06/03, 10:24:30.118, 24209326688820, vstest.console.dll, TestPluginCache.GetExtensionPaths: Filtered extension paths: 
TpTrace Verbose: 0 : 31192, 1, 2024/06/03, 10:24:30.119, 24209326689127, vstest.console.dll, TestPluginCache.GetExtensionPaths: Added default extension paths: C:\Program Files\dotnet\sdk\8.0.202\Extensions\Microsoft.Diagnostics.NETCore.Client.dll
C:\Program Files\dotnet\sdk\8.0.202\Extensions\Microsoft.TestPlatform.Extensions.BlameDataCollector.dll
C:\Program Files\dotnet\sdk\8.0.202\Extensions\Microsoft.TestPlatform.Extensions.EventLogCollector.dll
C:\Program Files\dotnet\sdk\8.0.202\Extensions\Microsoft.TestPlatform.TestHostRuntimeProvider.dll
C:\Program Files\dotnet\sdk\8.0.202\Extensions\Microsoft.VisualStudio.TestPlatform.Extensions.Html.TestLogger.dll
C:\Program Files\dotnet\sdk\8.0.202\Extensions\Microsoft.VisualStudio.TestPlatform.Extensions.Trx.TestLogger.dll
TpTrace Verbose: 0 : 31192, 1, 2024/06/03, 10:24:30.119, 24209326689391, vstest.console.dll, TestPluginCache.GetExtensionPaths: Added unfilterableExtensionPaths: 
TpTrace Information: 0 : 31192, 1, 2024/06/03, 10:24:30.119, 24209326690580, vstest.console.dll, AssemblyResolver.AddSearchDirectories: Adding more searchDirectories C:\Program Files\dotnet\sdk\8.0.202\Extensions,C:\Program Files\dotnet\sdk\8.0.202
TpTrace Verbose: 0 : 31192, 1, 2024/06/03, 10:24:30.119, 24209326690952, vstest.console.dll, TestPluginCache.DiscoverTestExtensions: Discovering the extensions using extension path.
TpTrace Verbose: 0 : 31192, 1, 2024/06/03, 10:24:30.119, 24209326691222, vstest.console.dll, TestPluginCache.GetExtensionPaths: Filtered extension paths: 
TpTrace Verbose: 0 : 31192, 1, 2024/06/03, 10:24:30.119, 24209326691506, vstest.console.dll, TestPluginCache.GetExtensionPaths: Added default extension paths: C:\Program Files\dotnet\sdk\8.0.202\Extensions\Microsoft.Diagnostics.NETCore.Client.dll
C:\Program Files\dotnet\sdk\8.0.202\Extensions\Microsoft.TestPlatform.Extensions.BlameDataCollector.dll
C:\Program Files\dotnet\sdk\8.0.202\Extensions\Microsoft.TestPlatform.Extensions.EventLogCollector.dll
C:\Program Files\dotnet\sdk\8.0.202\Extensions\Microsoft.TestPlatform.TestHostRuntimeProvider.dll
C:\Program Files\dotnet\sdk\8.0.202\Extensions\Microsoft.VisualStudio.TestPlatform.Extensions.Html.TestLogger.dll
C:\Program Files\dotnet\sdk\8.0.202\Extensions\Microsoft.VisualStudio.TestPlatform.Extensions.Trx.TestLogger.dll
TpTrace Verbose: 0 : 31192, 1, 2024/06/03, 10:24:30.119, 24209326691743, vstest.console.dll, TestPluginCache.GetExtensionPaths: Added unfilterableExtensionPaths: 
TpTrace Verbose: 0 : 31192, 1, 2024/06/03, 10:24:30.119, 24209326692044, vstest.console.dll, TestPluginCache.DiscoverTestExtensions: Discovering the extensions using allExtensionPaths: C:\Program Files\dotnet\sdk\8.0.202\Extensions\Microsoft.Diagnostics.NETCore.Client.dll
C:\Program Files\dotnet\sdk\8.0.202\Extensions\Microsoft.TestPlatform.Extensions.BlameDataCollector.dll
C:\Program Files\dotnet\sdk\8.0.202\Extensions\Microsoft.TestPlatform.Extensions.EventLogCollector.dll
C:\Program Files\dotnet\sdk\8.0.202\Extensions\Microsoft.TestPlatform.TestHostRuntimeProvider.dll
C:\Program Files\dotnet\sdk\8.0.202\Extensions\Microsoft.VisualStudio.TestPlatform.Extensions.Html.TestLogger.dll
C:\Program Files\dotnet\sdk\8.0.202\Extensions\Microsoft.VisualStudio.TestPlatform.Extensions.Trx.TestLogger.dll
TpTrace Information: 0 : 31192, 1, 2024/06/03, 10:24:30.119, 24209326692405, vstest.console.dll, AssemblyResolver.AddSearchDirectories: Adding more searchDirectories C:\Program Files\dotnet\sdk\8.0.202\Extensions,C:\Program Files\dotnet\sdk\8.0.202
TpTrace Information: 0 : 31192, 1, 2024/06/03, 10:24:30.119, 24209326692749, vstest.console.dll, AssemblyResolver.AddSearchDirectories: Adding more searchDirectories C:\Program Files\dotnet\sdk\8.0.202\Extensions,C:\Program Files\dotnet\sdk\8.0.202
TpTrace Information: 0 : 31192, 1, 2024/06/03, 10:24:30.119, 24209326692982, vstest.console.dll, AssemblyResolver.AddSearchDirectories: Adding more searchDirectories C:\Program Files\dotnet\sdk\8.0.202\Extensions,C:\Program Files\dotnet\sdk\8.0.202
TpTrace Information: 0 : 31192, 1, 2024/06/03, 10:24:30.119, 24209326693208, vstest.console.dll, AssemblyResolver.AddSearchDirectories: Adding more searchDirectories C:\Program Files\dotnet\sdk\8.0.202\Extensions,C:\Program Files\dotnet\sdk\8.0.202
TpTrace Information: 0 : 31192, 1, 2024/06/03, 10:24:30.119, 24209326693438, vstest.console.dll, AssemblyResolver.AddSearchDirectories: Adding more searchDirectories C:\Program Files\dotnet\sdk\8.0.202\Extensions,C:\Program Files\dotnet\sdk\8.0.202
TpTrace Information: 0 : 31192, 1, 2024/06/03, 10:24:30.119, 24209326693714, vstest.console.dll, AssemblyResolver.AddSearchDirectories: Adding more searchDirectories C:\Program Files\dotnet\sdk\8.0.202\Extensions,C:\Program Files\dotnet\sdk\8.0.202
TpTrace Verbose: 0 : 31192, 1, 2024/06/03, 10:24:30.119, 24209326694668, vstest.console.dll, MetadataReaderExtensionsHelper: Discovering extensions inside assembly 'Microsoft.Diagnostics.NETCore.Client, Version=0.2.9.2401, Culture=neutral, PublicKeyToken=31bf3856ad364e35' file path 'C:\Program Files\dotnet\sdk\8.0.202\Extensions\Microsoft.Diagnostics.NETCore.Client.dll'
TpTrace Information: 0 : 31192, 1, 2024/06/03, 10:24:30.120, 24209326701959, vstest.console.dll, AssemblyResolver.OnResolve: Microsoft.Bcl.AsyncInterfaces: Resolving assembly.
TpTrace Information: 0 : 31192, 1, 2024/06/03, 10:24:30.120, 24209326702661, vstest.console.dll, AssemblyResolver.OnResolve: Microsoft.Bcl.AsyncInterfaces: Resolved from cache.
TpTrace Verbose: 0 : 31192, 1, 2024/06/03, 10:24:30.120, 24209326702974, vstest.console.dll, CurrentDomainAssemblyResolve: Resolving assembly 'Microsoft.Bcl.AsyncInterfaces'.
TpTrace Information: 0 : 31192, 1, 2024/06/03, 10:24:30.120, 24209326703448, vstest.console.dll, AssemblyResolver.OnResolve: Microsoft.Bcl.AsyncInterfaces: Resolving assembly.
TpTrace Information: 0 : 31192, 1, 2024/06/03, 10:24:30.120, 24209326703681, vstest.console.dll, AssemblyResolver.OnResolve: Microsoft.Bcl.AsyncInterfaces: Resolved from cache.
TpTrace Verbose: 0 : 31192, 1, 2024/06/03, 10:24:30.120, 24209326703893, vstest.console.dll, CurrentDomainAssemblyResolve: Resolving assembly 'Microsoft.Bcl.AsyncInterfaces'.
TpTrace Verbose: 0 : 31192, 1, 2024/06/03, 10:24:30.120, 24209326704102, vstest.console.dll, CurrentDomainAssemblyResolve: Failed to resolve assembly 'Microsoft.Bcl.AsyncInterfaces'.
TpTrace Verbose: 0 : 31192, 1, 2024/06/03, 10:24:30.120, 24209326705276, vstest.console.dll, CurrentDomainAssemblyResolve: Failed to resolve assembly 'Microsoft.Bcl.AsyncInterfaces'.
TpTrace Warning: 0 : 31192, 1, 2024/06/03, 10:24:30.120, 24209326708298, vstest.console.dll, TestPluginDiscoverer: Failed to get types from assembly 'Microsoft.Diagnostics.NETCore.Client, Version=0.2.9.2401, Culture=neutral, PublicKeyToken=31bf3856ad364e35'. Error: System.Reflection.ReflectionTypeLoadException: Unable to load one or more of the requested types.
Could not load file or assembly 'Microsoft.Bcl.AsyncInterfaces, Version=6.0.0.0, Culture=neutral, PublicKeyToken=cc7b13ffcd2ddd51'. The system cannot find the file specified.
   at System.Reflection.RuntimeModule.GetTypes(RuntimeModule module)
   at System.Reflection.RuntimeModule.GetTypes()
   at Microsoft.VisualStudio.TestPlatform.Common.ExtensionFramework.TestPluginDiscoverer.GetTestExtensionsFromAssembly[TPluginInfo,TExtension](Assembly assembly, Dictionary`2 pluginInfos, String filePath) in /_/src/Microsoft.TestPlatform.Common/ExtensionFramework/TestPluginDiscoverer.cs:line 158
System.IO.FileNotFoundException: Could not load file or assembly 'Microsoft.Bcl.AsyncInterfaces, Version=6.0.0.0, Culture=neutral, PublicKeyToken=cc7b13ffcd2ddd51'. The system cannot find the file specified.
File name: 'Microsoft.Bcl.AsyncInterfaces, Version=6.0.0.0, Culture=neutral, PublicKeyToken=cc7b13ffcd2ddd51'
 ---> System.IO.FileNotFoundException: Could not load file or assembly 'Microsoft.Bcl.AsyncInterfaces, Culture=neutral, PublicKeyToken=null'. The system cannot find the file specified.
File name: 'Microsoft.Bcl.AsyncInterfaces, Culture=neutral, PublicKeyToken=null'
   at System.Reflection.RuntimeAssembly.InternalLoad(AssemblyName assemblyName, StackCrawlMark& stackMark, AssemblyLoadContext assemblyLoadContext, RuntimeAssembly requestingAssembly, Boolean throwOnFileNotFound)
   at System.Reflection.Assembly.Load(AssemblyName assemblyRef)
   at Microsoft.VisualStudio.TestPlatform.Common.ExtensionFramework.TestPluginCache.CurrentDomainAssemblyResolve(Object sender, AssemblyResolveEventArgs args) in /_/src/Microsoft.TestPlatform.Common/ExtensionFramework/TestPluginCache.cs:line 513
   at System.Runtime.Loader.AssemblyLoadContext.GetFirstResolvedAssemblyFromResolvingEvent(AssemblyName assemblyName)
   at System.Runtime.Loader.AssemblyLoadContext.ResolveUsingEvent(AssemblyName assemblyName)
   at System.Runtime.Loader.AssemblyLoadContext.ResolveUsingResolvingEvent(IntPtr gchManagedAssemblyLoadContext, AssemblyName assemblyName)
TpTrace Warning: 0 : 31192, 1, 2024/06/03, 10:24:30.121, 24209326709595, vstest.console.dll, LoaderExceptions: System.IO.FileNotFoundException: Could not load file or assembly 'Microsoft.Bcl.AsyncInterfaces, Version=6.0.0.0, Culture=neutral, PublicKeyToken=cc7b13ffcd2ddd51'. The system cannot find the file specified.
File name: 'Microsoft.Bcl.AsyncInterfaces, Version=6.0.0.0, Culture=neutral, PublicKeyToken=cc7b13ffcd2ddd51'
 ---> System.IO.FileNotFoundException: Could not load file or assembly 'Microsoft.Bcl.AsyncInterfaces, Culture=neutral, PublicKeyToken=null'. The system cannot find the file specified.
File name: 'Microsoft.Bcl.AsyncInterfaces, Culture=neutral, PublicKeyToken=null'
   at System.Reflection.RuntimeAssembly.InternalLoad(AssemblyName assemblyName, StackCrawlMark& stackMark, AssemblyLoadContext assemblyLoadContext, RuntimeAssembly requestingAssembly, Boolean throwOnFileNotFound)
   at System.Reflection.Assembly.Load(AssemblyName assemblyRef)
   at Microsoft.VisualStudio.TestPlatform.Common.ExtensionFramework.TestPluginCache.CurrentDomainAssemblyResolve(Object sender, AssemblyResolveEventArgs args) in /_/src/Microsoft.TestPlatform.Common/ExtensionFramework/TestPluginCache.cs:line 513
   at System.Runtime.Loader.AssemblyLoadContext.GetFirstResolvedAssemblyFromResolvingEvent(AssemblyName assemblyName)
   at System.Runtime.Loader.AssemblyLoadContext.ResolveUsingEvent(AssemblyName assemblyName)
   at System.Runtime.Loader.AssemblyLoadContext.ResolveUsingResolvingEvent(IntPtr gchManagedAssemblyLoadContext, AssemblyName assemblyName)
TpTrace Verbose: 0 : 31192, 1, 2024/06/03, 10:24:30.121, 24209326710293, vstest.console.dll, MetadataReaderExtensionsHelper: Discovering extensions inside assembly 'Microsoft.TestPlatform.Extensions.BlameDataCollector, Version=15.0.0.0, Culture=neutral, PublicKeyToken=b03f5f7f11d50a3a' file path 'C:\Program Files\dotnet\sdk\8.0.202\Extensions\Microsoft.TestPlatform.Extensions.BlameDataCollector.dll'
TpTrace Information: 0 : 31192, 1, 2024/06/03, 10:24:30.121, 24209326714817, vstest.console.dll, GetTestExtensionFromType: Register extension with identifier data 'logger://Microsoft/TestPlatform/Extensions/Blame/v1' and type 'Microsoft.TestPlatform.Extensions.BlameDataCollector.BlameLogger, Microsoft.TestPlatform.Extensions.BlameDataCollector, Version=15.0.0.0, Culture=neutral, PublicKeyToken=b03f5f7f11d50a3a' inside file 'C:\Program Files\dotnet\sdk\8.0.202\Extensions\Microsoft.TestPlatform.Extensions.BlameDataCollector.dll'
TpTrace Verbose: 0 : 31192, 1, 2024/06/03, 10:24:30.121, 24209326716445, vstest.console.dll, MetadataReaderExtensionsHelper: Discovering extensions inside assembly 'Microsoft.TestPlatform.Extensions.EventLogCollector, Version=15.0.0.0, Culture=neutral, PublicKeyToken=b03f5f7f11d50a3a' file path 'C:\Program Files\dotnet\sdk\8.0.202\Extensions\Microsoft.TestPlatform.Extensions.EventLogCollector.dll'
TpTrace Verbose: 0 : 31192, 1, 2024/06/03, 10:24:30.122, 24209326720282, vstest.console.dll, MetadataReaderExtensionsHelper: Discovering extensions inside assembly 'Microsoft.TestPlatform.TestHostRuntimeProvider, Version=15.0.0.0, Culture=neutral, PublicKeyToken=b03f5f7f11d50a3a' file path 'C:\Program Files\dotnet\sdk\8.0.202\Extensions\Microsoft.TestPlatform.TestHostRuntimeProvider.dll'
TpTrace Verbose: 0 : 31192, 1, 2024/06/03, 10:24:30.122, 24209326724013, vstest.console.dll, MetadataReaderExtensionsHelper: Discovering extensions inside assembly 'Microsoft.VisualStudio.TestPlatform.Extensions.Html.TestLogger, Version=15.0.0.0, Culture=neutral, PublicKeyToken=b03f5f7f11d50a3a' file path 'C:\Program Files\dotnet\sdk\8.0.202\Extensions\Microsoft.VisualStudio.TestPlatform.Extensions.Html.TestLogger.dll'
TpTrace Information: 0 : 31192, 1, 2024/06/03, 10:24:30.123, 24209326732484, vstest.console.dll, GetTestExtensionFromType: Register extension with identifier data 'logger://Microsoft/TestPlatform/HtmlLogger/v1' and type 'Microsoft.VisualStudio.TestPlatform.Extensions.HtmlLogger.HtmlLogger, Microsoft.VisualStudio.TestPlatform.Extensions.Html.TestLogger, Version=15.0.0.0, Culture=neutral, PublicKeyToken=b03f5f7f11d50a3a' inside file 'C:\Program Files\dotnet\sdk\8.0.202\Extensions\Microsoft.VisualStudio.TestPlatform.Extensions.Html.TestLogger.dll'
TpTrace Verbose: 0 : 31192, 1, 2024/06/03, 10:24:30.123, 24209326733430, vstest.console.dll, MetadataReaderExtensionsHelper: Discovering extensions inside assembly 'Microsoft.VisualStudio.TestPlatform.Extensions.Trx.TestLogger, Version=15.0.0.0, Culture=neutral, PublicKeyToken=b03f5f7f11d50a3a' file path 'C:\Program Files\dotnet\sdk\8.0.202\Extensions\Microsoft.VisualStudio.TestPlatform.Extensions.Trx.TestLogger.dll'
TpTrace Information: 0 : 31192, 1, 2024/06/03, 10:24:30.123, 24209326739011, vstest.console.dll, GetTestExtensionFromType: Register extension with identifier data 'logger://Microsoft/TestPlatform/TrxLogger/v1' and type 'Microsoft.VisualStudio.TestPlatform.Extensions.TrxLogger.TrxLogger, Microsoft.VisualStudio.TestPlatform.Extensions.Trx.TestLogger, Version=15.0.0.0, Culture=neutral, PublicKeyToken=b03f5f7f11d50a3a' inside file 'C:\Program Files\dotnet\sdk\8.0.202\Extensions\Microsoft.VisualStudio.TestPlatform.Extensions.Trx.TestLogger.dll'
TpTrace Verbose: 0 : 31192, 1, 2024/06/03, 10:24:30.124, 24209326741107, vstest.console.dll, TestPluginCache: Discovered the extensions using extension path ''.
TpTrace Verbose: 0 : 31192, 1, 2024/06/03, 10:24:30.124, 24209326741451, vstest.console.dll, TestPluginCache: Discoverers are ''.
TpTrace Verbose: 0 : 31192, 1, 2024/06/03, 10:24:30.124, 24209326741789, vstest.console.dll, TestPluginCache: Executors are ''.
TpTrace Verbose: 0 : 31192, 1, 2024/06/03, 10:24:30.124, 24209326742174, vstest.console.dll, TestPluginCache: Executors2 are ''.
TpTrace Verbose: 0 : 31192, 1, 2024/06/03, 10:24:30.124, 24209326742715, vstest.console.dll, TestPluginCache: Setting providers are ''.
TpTrace Verbose: 0 : 31192, 1, 2024/06/03, 10:24:30.124, 24209326744195, vstest.console.dll, TestPluginCache: Loggers are 'logger://Microsoft/TestPlatform/Extensions/Blame/v1,logger://Microsoft/TestPlatform/HtmlLogger/v1,logger://Microsoft/TestPlatform/TrxLogger/v1'.
TpTrace Verbose: 0 : 31192, 1, 2024/06/03, 10:24:30.124, 24209326744781, vstest.console.dll, TestPluginCache: TestHosts are 'HostProvider://DefaultTestHost,HostProvider://DotnetTestHost'.
TpTrace Verbose: 0 : 31192, 1, 2024/06/03, 10:24:30.124, 24209326745058, vstest.console.dll, TestPluginCache: DataCollectors are ''.
TpTrace Information: 0 : 31192, 1, 2024/06/03, 10:24:30.125, 24209326753236, vstest.console.dll, TestPluginManager.CreateTestExtension: Attempting to load test extension: Microsoft.TestPlatform.Extensions.BlameDataCollector.BlameLogger
TpTrace Verbose: 0 : 31192, 1, 2024/06/03, 10:24:30.133, 24209326836929, vstest.console.dll, TestEngine: Initializing Parallel Execution as MaxCpuCount is set to: 1
TpTrace Information: 0 : 31192, 1, 2024/06/03, 10:24:30.135, 24209326857170, vstest.console.dll, TestPluginManager.CreateTestExtension: Attempting to load test extension: Microsoft.VisualStudio.TestPlatform.CrossPlatEngine.Hosting.DefaultTestHostManager
TpTrace Information: 0 : 31192, 1, 2024/06/03, 10:24:30.137, 24209326878364, vstest.console.dll, TestPluginManager.CreateTestExtension: Attempting to load test extension: Microsoft.VisualStudio.TestPlatform.CrossPlatEngine.Hosting.DotnetTestHostManager
TpTrace Information: 0 : 31192, 1, 2024/06/03, 10:24:30.138, 24209326886343, vstest.console.dll, InferRunSettingsHelper.IsTestSettingsEnabled: Unable to navigate to RunSettings/MSTest. Current node: RunSettings
TpTrace Verbose: 0 : 31192, 1, 2024/06/03, 10:24:30.139, 24209326895335, vstest.console.dll, ParallelOperationManager.ClearSlots: Clearing all slots. Slots should accept more work: True
TpTrace Verbose: 0 : 31192, 1, 2024/06/03, 10:24:30.140, 24209326900588, vstest.console.dll, ParallelOperationManager.SetOccupiedSlotCount: Setting slot counts AvailableSlotCount = 1, OccupiedSlotCount = 0.
TpTrace Verbose: 0 : 31192, 1, 2024/06/03, 10:24:30.140, 24209326902990, vstest.console.dll, Occupied slots:

TpTrace Verbose: 0 : 31192, 1, 2024/06/03, 10:24:30.143, 24209326935029, vstest.console.dll, TestEngine.GetExecutionManager: Chosen execution manager 'Microsoft.VisualStudio.TestPlatform.CrossPlatEngine.Client.Parallel.ParallelProxyExecutionManager, Microsoft.TestPlatform.CrossPlatEngine, Version=15.0.0.0, Culture=neutral, PublicKeyToken=b03f5f7f11d50a3a' ParallelLevel '1'.
TpTrace Verbose: 0 : 31192, 1, 2024/06/03, 10:24:30.143, 24209326938067, vstest.console.dll, TestRunRequest.ExecuteAsync: Creating test run request.
TpTrace Verbose: 0 : 31192, 1, 2024/06/03, 10:24:30.144, 24209326941987, vstest.console.dll, TestRunRequest.ExecuteAsync: Starting.
TpTrace Information: 0 : 31192, 1, 2024/06/03, 10:24:30.145, 24209326956596, vstest.console.dll, TestRunRequest.ExecuteAsync: Starting run with settings:TestRunCriteria:
   KeepAlive=False,FrequencyOfRunStatsChangeEvent=10,RunStatsChangeEventTimeout=00:00:01.5000000,TestCaseFilter=,TestExecutorLauncher=
   Settingsxml=<RunSettings>
  <RunConfiguration>
    <ResultsDirectory>C:\Users\VC\Desktop\mini_project\EventManagementSolution\EventManagementTest\bin\Debug\net8.0\fine-code-coverage\coverage-tool-output</ResultsDirectory>
    <TargetPlatform>X64</TargetPlatform>
    <TargetFrameworkVersion>.NETCoreApp,Version=v8.0</TargetFrameworkVersion>
    <DesignMode>False</DesignMode>
    <CollectSourceInformation>False</CollectSourceInformation>
  </RunConfiguration>
  <LoggerRunSettings>
    <Loggers>
      <Logger friendlyName="blame" enabled="True" />
      <Logger friendlyName="Console" uri="logger://microsoft/TestPlatform/ConsoleLogger/v1" assemblyQualifiedName="Microsoft.VisualStudio.TestPlatform.CommandLine.Internal.ConsoleLogger, vstest.console, Version=15.0.0.0, Culture=neutral, PublicKeyToken=b03f5f7f11d50a3a" codeBase="C:\Program Files\dotnet\sdk\8.0.202\vstest.console.dll" enabled="True" />
    </Loggers>
  </LoggerRunSettings>
  <DataCollectionRunSettings>
    <DataCollectors>
      <DataCollector friendlyName="blame" enabled="True">
        <Configuration>
          <ResultsDirectory>C:\Users\VC\Desktop\mini_project\EventManagementSolution\EventManagementTest\bin\Debug\net8.0\fine-code-coverage\coverage-tool-output</ResultsDirectory>
        </Configuration>
      </DataCollector>
    </DataCollectors>
  </DataCollectionRunSettings>
</RunSettings>

TpTrace Verbose: 0 : 31192, 1, 2024/06/03, 10:24:30.145, 24209326957548, vstest.console.dll, TestRunRequest.ExecuteAsync: Wait for the first run request is over.
TpTrace Verbose: 0 : 31192, 1, 2024/06/03, 10:24:30.146, 24209326960781, vstest.console.dll, MulticastDelegateUtilities.SafeInvoke: TestRun.TestRunStart: Invoking callbacks was skipped because there are no subscribers.
TpTrace Verbose: 0 : 31192, 4, 2024/06/03, 10:24:30.146, 24209326963155, vstest.console.dll, MulticastDelegateUtilities.SafeInvoke: InternalTestLoggerEvents.SendTestRunStart: Invoking callback 1/1 for Microsoft.VisualStudio.TestPlatform.CommandLine.Internal.ConsoleLogger., took 0 ms.
TpTrace Verbose: 0 : 31192, 1, 2024/06/03, 10:24:30.147, 24209326969742, vstest.console.dll, ParallelProxyExecutionManager: Start execution. Total sources: 1
TpTrace Verbose: 0 : 31192, 1, 2024/06/03, 10:24:30.147, 24209326972287, vstest.console.dll, ParallelOperationManager.StartWork: Starting adding 1 workloads.
TpTrace Verbose: 0 : 31192, 1, 2024/06/03, 10:24:30.147, 24209326972980, vstest.console.dll, ParallelOperationManager.ClearSlots: Clearing all slots. Slots should accept more work: True
TpTrace Verbose: 0 : 31192, 1, 2024/06/03, 10:24:30.147, 24209326973576, vstest.console.dll, ParallelOperationManager.SetOccupiedSlotCount: Setting slot counts AvailableSlotCount = 1, OccupiedSlotCount = 0.
TpTrace Verbose: 0 : 31192, 1, 2024/06/03, 10:24:30.147, 24209326974005, vstest.console.dll, Occupied slots:

TpTrace Verbose: 0 : 31192, 1, 2024/06/03, 10:24:30.148, 24209326985125, vstest.console.dll, TestRequestSender is acting as server.
TpTrace Verbose: 0 : 31192, 1, 2024/06/03, 10:24:30.149, 24209326998322, vstest.console.dll, ParallelOperationManager.RunWorkInParallel: Adding 1 workload to slot, remaining workloads 0.
TpTrace Verbose: 0 : 31192, 1, 2024/06/03, 10:24:30.149, 24209326998998, vstest.console.dll, ParallelOperationManager.SetOccupiedSlotCount: Setting slot counts AvailableSlotCount = 0, OccupiedSlotCount = 1.
TpTrace Verbose: 0 : 31192, 1, 2024/06/03, 10:24:30.150, 24209326999887, vstest.console.dll, Occupied slots:
0: C:\Users\VC\Desktop\mini_project\EventManagementSolution\EventManagementTest\bin\Debug\net8.0\fine-code-coverage\build-output\EventManagementTest.dll
TpTrace Verbose: 0 : 31192, 1, 2024/06/03, 10:24:30.150, 24209327008458, vstest.console.dll, ParallelOperationManager.RunWorkInParallel: Started host in slot number 0 for work (source): C:\Users\VC\Desktop\mini_project\EventManagementSolution\EventManagementTest\bin\Debug\net8.0\fine-code-coverage\build-output\EventManagementTest.dll.
TpTrace Verbose: 0 : 31192, 1, 2024/06/03, 10:24:30.151, 24209327019107, vstest.console.dll, ParallelOperationManager.RunWorkInParallel: We started 1 work items, which is the max parallel level. Won't start more work.
TpTrace Verbose: 0 : 31192, 1, 2024/06/03, 10:24:30.152, 24209327020407, vstest.console.dll, ParallelOperationManager.RunWorkInParallel: We started 1 work items in here, returning True.
TpTrace Information: 0 : 31192, 1, 2024/06/03, 10:24:30.152, 24209327020926, vstest.console.dll, TestRunRequest.ExecuteAsync: Started.
TpTrace Verbose: 0 : 31192, 5, 2024/06/03, 10:24:30.152, 24209327021210, vstest.console.dll, ParallelProxyExecutionManager.StartTestRunOnConcurrentManager: Initializing uninitialized client. Started clients: 0
TpTrace Verbose: 0 : 31192, 5, 2024/06/03, 10:24:30.152, 24209327022948, vstest.console.dll, DataCollectionRequestSender.InitializeCommunication : Initialize communication. 
TpTrace Verbose: 0 : 31192, 1, 2024/06/03, 10:24:30.152, 24209327025917, vstest.console.dll, TestRunRequest.WaitForCompletion: Waiting with timeout -1.
TpTrace Information: 0 : 31192, 5, 2024/06/03, 10:24:30.161, 24209327109345, vstest.console.dll, Listening on Endpoint : 127.0.0.1:54892
TpTrace Verbose: 0 : 31192, 5, 2024/06/03, 10:24:30.168, 24209327185618, vstest.console.dll, DotnetDataCollectionLauncher: Adding  --runtimeconfig "C:\Program Files\dotnet\sdk\8.0.202\datacollector.runtimeconfig.json" in args
TpTrace Verbose: 0 : 31192, 5, 2024/06/03, 10:24:30.168, 24209327186978, vstest.console.dll, DotnetDataCollectionLauncher: Adding  --depsfile "C:\Program Files\dotnet\sdk\8.0.202\datacollector.deps.json" in args
TpTrace Verbose: 0 : 31192, 5, 2024/06/03, 10:24:30.169, 24209327192781, vstest.console.dll, DotnetDataCollectionLauncher: Full path of dotnet.exe is C:\Program Files\dotnet\dotnet.exe
TpTrace Information: 0 : 31192, 5, 2024/06/03, 10:24:30.175, 24209327255666, vstest.console.dll, ProxyDataCollectionManager.Initialize: Launched datacollector processId: 14748 port: 54892
TpTrace Information: 0 : 31192, 5, 2024/06/03, 10:24:30.175, 24209327257153, vstest.console.dll, ProxyDataCollectionManager.Initialize: waiting for connection with timeout: 90 seconds
TpTrace Verbose: 0 : 31192, 5, 2024/06/03, 10:24:30.175, 24209327257638, vstest.console.dll, DataCollectionRequestSender.WaitForRequestHandlerConnection : Waiting for connection with timeout: 90000
TpTrace Information: 0 : 31192, 7, 2024/06/03, 10:24:30.385, 24209329351164, vstest.console.dll, Using the buffer size of 16384 bytes
TpTrace Verbose: 0 : 31192, 5, 2024/06/03, 10:24:30.385, 24209329351304, vstest.console.dll, SocketCommunicationManager.WaitForClientConnection took: 209 ms, with 90000 ms timeout, and finished with True.
TpTrace Information: 0 : 31192, 7, 2024/06/03, 10:24:30.385, 24209329352818, vstest.console.dll, Accepted Client request and set the flag
TpTrace Verbose: 0 : 31192, 5, 2024/06/03, 10:24:30.385, 24209329354311, vstest.console.dll, ProxyDataCollectionManager.InvokeDataCollectionServiceAction: Starting.
TpTrace Information: 0 : 31192, 5, 2024/06/03, 10:24:30.385, 24209329355433, vstest.console.dll, ProxyDataCollectionManager.BeforeTestRunStart: Get environment variable and port for datacollector processId: 14748 port: 54892
TpTrace Verbose: 0 : 31192, 5, 2024/06/03, 10:24:30.385, 24209329357179, vstest.console.dll, DataCollectionRequestSender.SendBeforeTestRunStartAndGetResult: Send BeforeTestRunStart message with settingsXml <RunSettings><RunConfiguration><ResultsDirectory>C:\Users\VC\Desktop\mini_project\EventManagementSolution\EventManagementTest\bin\Debug\net8.0\fine-code-coverage\coverage-tool-output</ResultsDirectory><TargetPlatform>X64</TargetPlatform><TargetFrameworkVersion>.NETCoreApp,Version=v8.0</TargetFrameworkVersion><DesignMode>False</DesignMode><CollectSourceInformation>False</CollectSourceInformation><TestAdaptersPaths>C:\Program Files\dotnet\sdk\8.0.202\Extensions</TestAdaptersPaths></RunConfiguration><LoggerRunSettings><Loggers><Logger friendlyName="blame" enabled="True" /><Logger friendlyName="Console" uri="logger://microsoft/TestPlatform/ConsoleLogger/v1" assemblyQualifiedName="Microsoft.VisualStudio.TestPlatform.CommandLine.Internal.ConsoleLogger, vstest.console, Version=15.0.0.0, Culture=neutral, PublicKeyToken=b03f5f7f11d50a3a" codeBase="C:\Program Files\dotnet\sdk\8.0.202\vstest.console.dll" enabled="True" /></Loggers></LoggerRunSettings><DataCollectionRunSettings><DataCollectors><DataCollector friendlyName="blame" enabled="True"><Configuration><ResultsDirectory>C:\Users\VC\Desktop\mini_project\EventManagementSolution\EventManagementTest\bin\Debug\net8.0\fine-code-coverage\coverage-tool-output</ResultsDirectory></Configuration></DataCollector></DataCollectors></DataCollectionRunSettings></RunSettings> and sources System.Collections.Generic.List`1[System.String]: 
TpTrace Verbose: 0 : 31192, 5, 2024/06/03, 10:24:30.441, 24209329910661, vstest.console.dll, DataCollectionRequestSender.SendBeforeTestRunStartAndGetResult: Received message: (DataCollection.SendMessage) -> {"MessageType":"DataCollection.SendMessage","Payload":{"FriendlyName":null,"Uri":null,"TestCaseId":"00000000-0000-0000-0000-000000000000","Message":"Logging DataCollector Diagnostics in file: C:\\Users\\VC\\Desktop\\mini_project\\EventManagementSolution\\EventManagementTest\\bin\\Debug\\net8.0\\fine-code-coverage\\coverage-tool-output\\diagnostics.datacollector.24-06-03_10-24-30_16841_5.log","Level":0}}
TpTrace Verbose: 0 : 31192, 5, 2024/06/03, 10:24:30.525, 24209330754503, vstest.console.dll, DataCollectionRequestSender.SendBeforeTestRunStartAndGetResult: Received message: (DataCollection.BeforeTestRunStartResult) -> {"MessageType":"DataCollection.BeforeTestRunStartResult","Payload":{"EnvironmentVariables":{},"DataCollectionEventsPort":54894}}
TpTrace Information: 0 : 31192, 5, 2024/06/03, 10:24:30.529, 24209330798047, vstest.console.dll, ProxyDataCollectionManager.BeforeTestRunStart: SendBeforeTestRunStartAndGetResult successful, env variable from datacollector:   and testhost port: 54894
TpTrace Information: 0 : 31192, 5, 2024/06/03, 10:24:30.530, 24209330800057, vstest.console.dll, ProxyDataCollectionManager.InvokeDataCollectionServiceAction: Completed.
TpTrace Verbose: 0 : 31192, 5, 2024/06/03, 10:24:30.530, 24209330800538, vstest.console.dll, ParallelProxyExecutionManager.StartTestRunOnConcurrentManager: Initializing test run. Started clients: 0
TpTrace Verbose: 0 : 31192, 5, 2024/06/03, 10:24:30.530, 24209330801594, vstest.console.dll, ProxyExecutionManager: Test host is always Lazy initialize.
TpTrace Verbose: 0 : 31192, 5, 2024/06/03, 10:24:30.530, 24209330804020, vstest.console.dll, TestRequestSender.InitializeCommunication: initialize communication. 
TpTrace Information: 0 : 31192, 5, 2024/06/03, 10:24:30.531, 24209330809128, vstest.console.dll, SocketServer.Start: Listening on endpoint : 127.0.0.1:54895
TpTrace Verbose: 0 : 31192, 5, 2024/06/03, 10:24:30.531, 24209330817021, vstest.console.dll, DotnetTestHostmanager.GetTestHostProcessStartInfo: Platform environment 'X64' target architecture 'X64' framework '.NETCoreApp,Version=v8.0' OS 'Windows'
TpTrace Verbose: 0 : 31192, 5, 2024/06/03, 10:24:30.532, 24209330819251, vstest.console.dll, DotnetTestHostmanager: Adding  --runtimeconfig "C:\Users\VC\Desktop\mini_project\EventManagementSolution\EventManagementTest\bin\Debug\net8.0\fine-code-coverage\build-output\EventManagementTest.runtimeconfig.json" in args
TpTrace Verbose: 0 : 31192, 5, 2024/06/03, 10:24:30.532, 24209330821659, vstest.console.dll, DotnetTestHostmanager: Adding  --depsfile "C:\Users\VC\Desktop\mini_project\EventManagementSolution\EventManagementTest\bin\Debug\net8.0\fine-code-coverage\build-output\EventManagementTest.deps.json" in args
TpTrace Verbose: 0 : 31192, 5, 2024/06/03, 10:24:30.532, 24209330824723, vstest.console.dll, DotnetTestHostmanager.IsWinOnArm: Current PROCESSOR_ARCHITECTURE from environment variable 'AMD64'
TpTrace Verbose: 0 : 31192, 5, 2024/06/03, 10:24:30.532, 24209330825643, vstest.console.dll, DotnetTestHostmanager.IsWinOnArm: Is Windows on ARM 'False'
TpTrace Verbose: 0 : 31192, 5, 2024/06/03, 10:24:30.532, 24209330827035, vstest.console.dll, DotnetTestHostManager: testhost.exe found at path: C:\Users\VC\Desktop\mini_project\EventManagementSolution\EventManagementTest\bin\Debug\net8.0\fine-code-coverage\build-output\testhost.exe
TpTrace Verbose: 0 : 31192, 5, 2024/06/03, 10:24:30.532, 24209330827617, vstest.console.dll, DotnetTestHostmanager: Full path of host exe is C:\Users\VC\Desktop\mini_project\EventManagementSolution\EventManagementTest\bin\Debug\net8.0\fine-code-coverage\build-output\testhost.exe
TpTrace Verbose: 0 : 31192, 5, 2024/06/03, 10:24:30.533, 24209330829180, vstest.console.dll, DotnetTestHostmanager.LaunchTestHostAsync: Found 'VSTEST_WINAPPHOST_DOTNET_ROOT' in env variables, value 'C:\Program Files\dotnet', forwarding to 'DOTNET_ROOT'
TpTrace Verbose: 0 : 31192, 5, 2024/06/03, 10:24:30.533, 24209330830815, vstest.console.dll, DotnetTestHostManager: Starting process 'C:\Users\VC\Desktop\mini_project\EventManagementSolution\EventManagementTest\bin\Debug\net8.0\fine-code-coverage\build-output\testhost.exe' with command line ' --runtimeconfig "C:\Users\VC\Desktop\mini_project\EventManagementSolution\EventManagementTest\bin\Debug\net8.0\fine-code-coverage\build-output\EventManagementTest.runtimeconfig.json" --depsfile "C:\Users\VC\Desktop\mini_project\EventManagementSolution\EventManagementTest\bin\Debug\net8.0\fine-code-coverage\build-output\EventManagementTest.deps.json" --port 54895 --endpoint 127.0.0.1:054895 --role client --parentprocessid 31192 --diag "C:\Users\VC\Desktop\mini_project\EventManagementSolution\EventManagementTest\bin\Debug\net8.0\fine-code-coverage\coverage-tool-output\diagnostics.host.24-06-03_10-24-30_53141_5.log" --tracelevel 4 --datacollectionport 54894 --telemetryoptedin false'
TpTrace Verbose: 0 : 31192, 5, 2024/06/03, 10:24:30.539, 24209330892204, vstest.console.dll, MulticastDelegateUtilities.SafeInvoke: HostProviderEvents.OnHostLaunched: Invoking callback 1/2 for Microsoft.VisualStudio.TestPlatform.CrossPlatEngine.Client.ProxyExecutionManagerWithDataCollection., took 1 ms.
TpTrace Verbose: 0 : 31192, 5, 2024/06/03, 10:24:30.539, 24209330896537, vstest.console.dll, Test Runtime launched
TpTrace Verbose: 0 : 31192, 5, 2024/06/03, 10:24:30.539, 24209330897503, vstest.console.dll, MulticastDelegateUtilities.SafeInvoke: HostProviderEvents.OnHostLaunched: Invoking callback 2/2 for Microsoft.VisualStudio.TestPlatform.CrossPlatEngine.Client.ProxyOperationManager., took 0 ms.
TpTrace Verbose: 0 : 31192, 5, 2024/06/03, 10:24:30.539, 24209330899079, vstest.console.dll, TestRequestSender.WaitForRequestHandlerConnection: waiting for connection with timeout: 90000.
TpTrace Verbose: 0 : 31192, 5, 2024/06/03, 10:24:30.789, 24209333392677, vstest.console.dll, TestRequestSender.WaitForRequestHandlerConnection: waiting took 249 ms, with timeout 90000 ms, and result 0, which is success.
TpTrace Verbose: 0 : 31192, 7, 2024/06/03, 10:24:30.789, 24209333392917, vstest.console.dll, MulticastDelegateUtilities.SafeInvoke: SocketServer: ClientConnected: Invoking callback 1/1 for Microsoft.VisualStudio.TestPlatform.CommunicationUtilities.TestRequestSender., took 0 ms.
TpTrace Verbose: 0 : 31192, 7, 2024/06/03, 10:24:30.789, 24209333395411, vstest.console.dll, SocketServer.OnClientConnected: Client connected for endPoint: 127.0.0.1:54895, starting MessageLoopAsync:
TpTrace Verbose: 0 : 31192, 7, 2024/06/03, 10:24:30.790, 24209333402143, vstest.console.dll, TcpClientExtensions.MessageLoopAsync: Polling on remoteEndPoint: 127.0.0.1:54896 localEndPoint: 127.0.0.1:54895 after 0 ms
TpTrace Verbose: 0 : 31192, 5, 2024/06/03, 10:24:30.790, 24209333404811, vstest.console.dll, TestRequestSender.CheckVersionWithTestHost: Sending check version message: {"MessageType":"ProtocolVersion","Payload":7}
TpTrace Verbose: 0 : 31192, 7, 2024/06/03, 10:24:30.890, 24209334404217, vstest.console.dll, TcpClientExtensions.MessageLoopAsync: NotifyDataAvailable remoteEndPoint: 127.0.0.1:54896 localEndPoint: 127.0.0.1:54895
TpTrace Verbose: 0 : 31192, 7, 2024/06/03, 10:24:30.890, 24209334406987, vstest.console.dll, TestRequestSender.CheckVersionWithTestHost: onMessageReceived received message: (ProtocolVersion) -> {"MessageType":"ProtocolVersion","Payload":7}
TpTrace Verbose: 0 : 31192, 7, 2024/06/03, 10:24:30.891, 24209334412386, vstest.console.dll, MulticastDelegateUtilities.SafeInvoke: LengthPrefixCommunicationChannel: MessageReceived: Invoking callback 1/1 for Microsoft.VisualStudio.TestPlatform.CommunicationUtilities.TestRequestSender+<>c__DisplayClass29_0., took 0 ms.
TpTrace Verbose: 0 : 31192, 7, 2024/06/03, 10:24:30.891, 24209334413474, vstest.console.dll, TcpClientExtensions.MessageLoopAsync: Polling on remoteEndPoint: 127.0.0.1:54896 localEndPoint: 127.0.0.1:54895 after 101 ms
TpTrace Verbose: 0 : 31192, 5, 2024/06/03, 10:24:30.891, 24209334414060, vstest.console.dll, TestPluginCache.GetExtensionPaths: Filtered extension paths: 
TpTrace Verbose: 0 : 31192, 5, 2024/06/03, 10:24:30.891, 24209334414829, vstest.console.dll, TestPluginCache.GetExtensionPaths: Added default extension paths: C:\Program Files\dotnet\sdk\8.0.202\Extensions\Microsoft.Diagnostics.NETCore.Client.dll
C:\Program Files\dotnet\sdk\8.0.202\Extensions\Microsoft.TestPlatform.Extensions.BlameDataCollector.dll
C:\Program Files\dotnet\sdk\8.0.202\Extensions\Microsoft.TestPlatform.Extensions.EventLogCollector.dll
C:\Program Files\dotnet\sdk\8.0.202\Extensions\Microsoft.TestPlatform.TestHostRuntimeProvider.dll
C:\Program Files\dotnet\sdk\8.0.202\Extensions\Microsoft.VisualStudio.TestPlatform.Extensions.Html.TestLogger.dll
C:\Program Files\dotnet\sdk\8.0.202\Extensions\Microsoft.VisualStudio.TestPlatform.Extensions.Trx.TestLogger.dll
TpTrace Verbose: 0 : 31192, 5, 2024/06/03, 10:24:30.891, 24209334415245, vstest.console.dll, TestPluginCache.GetExtensionPaths: Added unfilterableExtensionPaths: 
TpTrace Verbose: 0 : 31192, 5, 2024/06/03, 10:24:30.894, 24209334442938, vstest.console.dll, TestRequestSender.InitializeExecution: Sending initialize execution with message: {"Version":7,"MessageType":"TestExecution.Initialize","Payload":["C:\\Users\\VC\\Desktop\\mini_project\\EventManagementSolution\\EventManagementTest\\bin\\Debug\\net8.0\\fine-code-coverage\\build-output\\NUnit3.TestAdapter.dll"]}
TpTrace Verbose: 0 : 31192, 5, 2024/06/03, 10:24:30.894, 24209334445781, vstest.console.dll, ParallelProxyExecutionManager.StartTestRunOnConcurrentManager: Execution starting. Started clients: 1
TpTrace Verbose: 0 : 31192, 5, 2024/06/03, 10:24:30.894, 24209334447852, vstest.console.dll, TestRunRequest:SendTestRunMessage: Starting.
TpTrace Verbose: 0 : 31192, 5, 2024/06/03, 10:24:30.895, 24209334449286, vstest.console.dll, MulticastDelegateUtilities.SafeInvoke: TestRun.LogMessages: Invoking callback 1/1 for Microsoft.VisualStudio.TestPlatform.CommandLine.TestRunResultAggregator., took 0 ms.
TpTrace Information: 0 : 31192, 5, 2024/06/03, 10:24:30.895, 24209334449637, vstest.console.dll, TestRunRequest:SendTestRunMessage: Completed.
TpTrace Verbose: 0 : 31192, 4, 2024/06/03, 10:24:30.895, 24209334451433, vstest.console.dll, MulticastDelegateUtilities.SafeInvoke: InternalTestLoggerEvents.SendTestRunMessage: Invoking callback 1/1 for Microsoft.VisualStudio.TestPlatform.CommandLine.Internal.ConsoleLogger., took 0 ms.
TpTrace Warning: 0 : 31192, 5, 2024/06/03, 10:24:30.895, 24209334452598, vstest.console.dll, InferRunSettingsHelper.MakeRunsettingsCompatible: Removing the following settings: TargetPlatform from RunSettings file. To use those settings please move to latest version of Microsoft.NET.Test.Sdk
TpTrace Verbose: 0 : 31192, 7, 2024/06/03, 10:24:30.895, 24209334458765, vstest.console.dll, TcpClientExtensions.MessageLoopAsync: NotifyDataAvailable remoteEndPoint: 127.0.0.1:54896 localEndPoint: 127.0.0.1:54895
TpTrace Verbose: 0 : 31192, 7, 2024/06/03, 10:24:30.896, 24209334463746, vstest.console.dll, TestRequestSender.OnExecutionMessageReceived: Received message: {"Version":7,"MessageType":"TestSession.Message","Payload":{"MessageLevel":0,"Message":"Logging TestHost Diagnostics in file: C:\\Users\\VC\\Desktop\\mini_project\\EventManagementSolution\\EventManagementTest\\bin\\Debug\\net8.0\\fine-code-coverage\\coverage-tool-output\\diagnostics.host.24-06-03_10-24-30_53141_5.log"}}
TpTrace Verbose: 0 : 31192, 7, 2024/06/03, 10:24:30.899, 24209334494555, vstest.console.dll, TestRunRequest:SendTestRunMessage: Starting.
TpTrace Verbose: 0 : 31192, 7, 2024/06/03, 10:24:30.899, 24209334496223, vstest.console.dll, MulticastDelegateUtilities.SafeInvoke: TestRun.LogMessages: Invoking callback 1/1 for Microsoft.VisualStudio.TestPlatform.CommandLine.TestRunResultAggregator., took 0 ms.
TpTrace Information: 0 : 31192, 7, 2024/06/03, 10:24:30.899, 24209334496570, vstest.console.dll, TestRunRequest:SendTestRunMessage: Completed.
TpTrace Verbose: 0 : 31192, 4, 2024/06/03, 10:24:30.899, 24209334496650, vstest.console.dll, MulticastDelegateUtilities.SafeInvoke: InternalTestLoggerEvents.SendTestRunMessage: Invoking callback 1/1 for Microsoft.VisualStudio.TestPlatform.CommandLine.Internal.ConsoleLogger., took 0 ms.
TpTrace Verbose: 0 : 31192, 7, 2024/06/03, 10:24:30.899, 24209334497991, vstest.console.dll, MulticastDelegateUtilities.SafeInvoke: LengthPrefixCommunicationChannel: MessageReceived: Invoking callback 1/1 for Microsoft.VisualStudio.TestPlatform.CommunicationUtilities.TestRequestSender+<>c__DisplayClass34_0., took 3 ms.
TpTrace Verbose: 0 : 31192, 7, 2024/06/03, 10:24:30.899, 24209334498762, vstest.console.dll, TcpClientExtensions.MessageLoopAsync: Polling on remoteEndPoint: 127.0.0.1:54896 localEndPoint: 127.0.0.1:54895 after 8 ms
TpTrace Verbose: 0 : 31192, 5, 2024/06/03, 10:24:30.906, 24209334568652, vstest.console.dll, TestRequestSender.StartTestRun: Sending test run with message: {"Version":7,"MessageType":"TestExecution.StartWithSources","Payload":{"AdapterSourceMap":{"_none_":["C:\\Users\\VC\\Desktop\\mini_project\\EventManagementSolution\\EventManagementTest\\bin\\Debug\\net8.0\\fine-code-coverage\\build-output\\EventManagementTest.dll"]},"RunSettings":"<RunSettings>\r\n  <RunConfiguration>\r\n    <ResultsDirectory>C:\\Users\\VC\\Desktop\\mini_project\\EventManagementSolution\\EventManagementTest\\bin\\Debug\\net8.0\\fine-code-coverage\\coverage-tool-output</ResultsDirectory>\r\n    <TargetFrameworkVersion>.NETCoreApp,Version=v8.0</TargetFrameworkVersion>\r\n    <DesignMode>False</DesignMode>\r\n    <CollectSourceInformation>False</CollectSourceInformation>\r\n  </RunConfiguration>\r\n  <LoggerRunSettings>\r\n    <Loggers>\r\n      <Logger friendlyName=\"blame\" enabled=\"True\" />\r\n      <Logger friendlyName=\"Console\" uri=\"logger://microsoft/TestPlatform/ConsoleLogger/v1\" assemblyQualifiedName=\"Microsoft.VisualStudio.TestPlatform.CommandLine.Internal.ConsoleLogger, vstest.console, Version=15.0.0.0, Culture=neutral, PublicKeyToken=b03f5f7f11d50a3a\" codeBase=\"C:\\Program Files\\dotnet\\sdk\\8.0.202\\vstest.console.dll\" enabled=\"True\" />\r\n    </Loggers>\r\n  </LoggerRunSettings>\r\n  <DataCollectionRunSettings>\r\n    <DataCollectors>\r\n      <DataCollector friendlyName=\"blame\" enabled=\"True\">\r\n        <Configuration>\r\n          <ResultsDirectory>C:\\Users\\VC\\Desktop\\mini_project\\EventManagementSolution\\EventManagementTest\\bin\\Debug\\net8.0\\fine-code-coverage\\coverage-tool-output</ResultsDirectory>\r\n        </Configuration>\r\n      </DataCollector>\r\n    </DataCollectors>\r\n  </DataCollectionRunSettings>\r\n</RunSettings>","TestExecutionContext":{"FrequencyOfRunStatsChangeEvent":10,"RunStatsChangeEventTimeout":"00:00:01.5000000","InIsolation":false,"KeepAlive":false,"AreTestCaseLevelEventsRequired":false,"IsDebug":false,"TestCaseFilter":null,"FilterOptions":null},"Package":null}}
TpTrace Verbose: 0 : 31192, 5, 2024/06/03, 10:24:30.907, 24209334570810, vstest.console.dll, ParallelProxyExecutionManager.StartTestRunOnConcurrentManager: Execution started. Started clients: 1
TpTrace Verbose: 0 : 31192, 7, 2024/06/03, 10:24:31.081, 24209336312932, vstest.console.dll, TcpClientExtensions.MessageLoopAsync: NotifyDataAvailable remoteEndPoint: 127.0.0.1:54896 localEndPoint: 127.0.0.1:54895
TpTrace Verbose: 0 : 31192, 7, 2024/06/03, 10:24:31.081, 24209336315075, vstest.console.dll, TestRequestSender.OnExecutionMessageReceived: Received message: {"Version":7,"MessageType":"TestSession.Message","Payload":{"MessageLevel":0,"Message":"NUnit Adapter 4.5.0.0: Test execution started"}}
TpTrace Verbose: 0 : 31192, 7, 2024/06/03, 10:24:31.081, 24209336317068, vstest.console.dll, TestRunRequest:SendTestRunMessage: Starting.
TpTrace Verbose: 0 : 31192, 7, 2024/06/03, 10:24:31.081, 24209336317867, vstest.console.dll, MulticastDelegateUtilities.SafeInvoke: TestRun.LogMessages: Invoking callback 1/1 for Microsoft.VisualStudio.TestPlatform.CommandLine.TestRunResultAggregator., took 0 ms.
TpTrace Information: 0 : 31192, 7, 2024/06/03, 10:24:31.081, 24209336318193, vstest.console.dll, TestRunRequest:SendTestRunMessage: Completed.
TpTrace Verbose: 0 : 31192, 4, 2024/06/03, 10:24:31.081, 24209336318430, vstest.console.dll, MulticastDelegateUtilities.SafeInvoke: InternalTestLoggerEvents.SendTestRunMessage: Invoking callback 1/1 for Microsoft.VisualStudio.TestPlatform.CommandLine.Internal.ConsoleLogger., took 0 ms.
TpTrace Verbose: 0 : 31192, 7, 2024/06/03, 10:24:31.081, 24209336318680, vstest.console.dll, MulticastDelegateUtilities.SafeInvoke: LengthPrefixCommunicationChannel: MessageReceived: Invoking callback 1/1 for Microsoft.VisualStudio.TestPlatform.CommunicationUtilities.TestRequestSender+<>c__DisplayClass34_0., took 0 ms.
TpTrace Verbose: 0 : 31192, 7, 2024/06/03, 10:24:31.082, 24209336320445, vstest.console.dll, TcpClientExtensions.MessageLoopAsync: Polling on remoteEndPoint: 127.0.0.1:54896 localEndPoint: 127.0.0.1:54895 after 182 ms
TpTrace Verbose: 0 : 31192, 7, 2024/06/03, 10:24:31.106, 24209336560788, vstest.console.dll, TcpClientExtensions.MessageLoopAsync: NotifyDataAvailable remoteEndPoint: 127.0.0.1:54896 localEndPoint: 127.0.0.1:54895
TpTrace Verbose: 0 : 31192, 7, 2024/06/03, 10:24:31.106, 24209336562717, vstest.console.dll, TestRequestSender.OnExecutionMessageReceived: Received message: {"Version":7,"MessageType":"TestSession.Message","Payload":{"MessageLevel":0,"Message":"Running all tests in C:\\Users\\VC\\Desktop\\mini_project\\EventManagementSolution\\EventManagementTest\\bin\\Debug\\net8.0\\fine-code-coverage\\build-output\\EventManagementTest.dll"}}
TpTrace Verbose: 0 : 31192, 7, 2024/06/03, 10:24:31.106, 24209336564056, vstest.console.dll, TestRunRequest:SendTestRunMessage: Starting.
TpTrace Verbose: 0 : 31192, 7, 2024/06/03, 10:24:31.106, 24209336564643, vstest.console.dll, MulticastDelegateUtilities.SafeInvoke: TestRun.LogMessages: Invoking callback 1/1 for Microsoft.VisualStudio.TestPlatform.CommandLine.TestRunResultAggregator., took 0 ms.
TpTrace Information: 0 : 31192, 7, 2024/06/03, 10:24:31.106, 24209336564971, vstest.console.dll, TestRunRequest:SendTestRunMessage: Completed.
TpTrace Verbose: 0 : 31192, 7, 2024/06/03, 10:24:31.106, 24209336565294, vstest.console.dll, MulticastDelegateUtilities.SafeInvoke: LengthPrefixCommunicationChannel: MessageReceived: Invoking callback 1/1 for Microsoft.VisualStudio.TestPlatform.CommunicationUtilities.TestRequestSender+<>c__DisplayClass34_0., took 0 ms.
TpTrace Verbose: 0 : 31192, 4, 2024/06/03, 10:24:31.106, 24209336565284, vstest.console.dll, MulticastDelegateUtilities.SafeInvoke: InternalTestLoggerEvents.SendTestRunMessage: Invoking callback 1/1 for Microsoft.VisualStudio.TestPlatform.CommandLine.Internal.ConsoleLogger., took 0 ms.
TpTrace Verbose: 0 : 31192, 7, 2024/06/03, 10:24:31.106, 24209336565736, vstest.console.dll, TcpClientExtensions.MessageLoopAsync: Polling on remoteEndPoint: 127.0.0.1:54896 localEndPoint: 127.0.0.1:54895 after 24 ms
TpTrace Verbose: 0 : 31192, 7, 2024/06/03, 10:24:31.260, 24209338102634, vstest.console.dll, TcpClientExtensions.MessageLoopAsync: NotifyDataAvailable remoteEndPoint: 127.0.0.1:54896 localEndPoint: 127.0.0.1:54895
TpTrace Verbose: 0 : 31192, 7, 2024/06/03, 10:24:31.260, 24209338104997, vstest.console.dll, TestRequestSender.OnExecutionMessageReceived: Received message: {"Version":7,"MessageType":"TestSession.Message","Payload":{"MessageLevel":0,"Message":"   NUnit3TestExecutor discovered 78 of 78 NUnit test cases using Current Discovery mode, Non-Explicit run"}}
TpTrace Verbose: 0 : 31192, 7, 2024/06/03, 10:24:31.260, 24209338106844, vstest.console.dll, TestRunRequest:SendTestRunMessage: Starting.
TpTrace Verbose: 0 : 31192, 7, 2024/06/03, 10:24:31.260, 24209338107727, vstest.console.dll, MulticastDelegateUtilities.SafeInvoke: TestRun.LogMessages: Invoking callback 1/1 for Microsoft.VisualStudio.TestPlatform.CommandLine.TestRunResultAggregator., took 0 ms.
TpTrace Information: 0 : 31192, 7, 2024/06/03, 10:24:31.260, 24209338108226, vstest.console.dll, TestRunRequest:SendTestRunMessage: Completed.
TpTrace Verbose: 0 : 31192, 4, 2024/06/03, 10:24:31.260, 24209338108182, vstest.console.dll, MulticastDelegateUtilities.SafeInvoke: InternalTestLoggerEvents.SendTestRunMessage: Invoking callback 1/1 for Microsoft.VisualStudio.TestPlatform.CommandLine.Internal.ConsoleLogger., took 0 ms.
TpTrace Verbose: 0 : 31192, 7, 2024/06/03, 10:24:31.260, 24209338108766, vstest.console.dll, MulticastDelegateUtilities.SafeInvoke: LengthPrefixCommunicationChannel: MessageReceived: Invoking callback 1/1 for Microsoft.VisualStudio.TestPlatform.CommunicationUtilities.TestRequestSender+<>c__DisplayClass34_0., took 0 ms.
TpTrace Verbose: 0 : 31192, 7, 2024/06/03, 10:24:31.261, 24209338110129, vstest.console.dll, TcpClientExtensions.MessageLoopAsync: Polling on remoteEndPoint: 127.0.0.1:54896 localEndPoint: 127.0.0.1:54895 after 154 ms
TpTrace Verbose: 0 : 31192, 7, 2024/06/03, 10:24:32.270, 24209348204722, vstest.console.dll, TcpClientExtensions.MessageLoopAsync: Polling on remoteEndPoint: 127.0.0.1:54896 localEndPoint: 127.0.0.1:54895 after 1009 ms
TpTrace Verbose: 0 : 31192, 7, 2024/06/03, 10:24:32.322, 24209348728468, vstest.console.dll, TcpClientExtensions.MessageLoopAsync: NotifyDataAvailable remoteEndPoint: 127.0.0.1:54896 localEndPoint: 127.0.0.1:54895
TpTrace Verbose: 0 : 31192, 7, 2024/06/03, 10:24:32.323, 24209348734267, vstest.console.dll, TestRequestSender.OnExecutionMessageReceived: Received message: {"Version":7,"MessageType":"TestExecution.StatsChange","Payload":{"NewTestResults":[{"TestCase":{"Id":"9b1654d5-1406-f07e-f9a5-c780ea3cdd77","FullyQualifiedName":"EventManagementTest.RepositoryTests.BookingRepoTest.Add_Success","DisplayName":"Add_Success","ExecutorUri":"executor://NUnit3TestExecutor","Source":"C:\\Users\\VC\\Desktop\\mini_project\\EventManagementSolution\\EventManagementTest\\bin\\Debug\\net8.0\\fine-code-coverage\\build-output\\EventManagementTest.dll","CodeFilePath":null,"LineNumber":0,"Properties":[{"Key":{"Id":"NUnit.Seed","Label":"Seed","Category":"","Description":"","Attributes":0,"ValueType":"System.String"},"Value":"1602948517"}]},"Attachments":[],"Outcome":1,"ErrorMessage":null,"ErrorStackTrace":null,"DisplayName":"Add_Success","Messages":[],"ComputerName":"DB66JX3","Duration":"00:00:00.5611739","StartTime":"2024-06-03T04:54:31.4686943+00:00","EndTime":"2024-06-03T04:54:32.0297974+00:00","Properties":[{"Key":{"Id":"NUnit.Seed","Label":"Seed","Category":"","Description":"","Attributes":0,"ValueType":"System.String"},"Value":"1602948517"}]},{"TestCase":{"Id":"e6e978c0-3c9c-93a8-060f-3837d327439a","FullyQualifiedName":"EventManagementTest.RepositoryTests.BookingRepoTest.Delete_Fail","DisplayName":"Delete_Fail","ExecutorUri":"executor://NUnit3TestExecutor","Source":"C:\\Users\\VC\\Desktop\\mini_project\\EventManagementSolution\\EventManagementTest\\bin\\Debug\\net8.0\\fine-code-coverage\\build-output\\EventManagementTest.dll","CodeFilePath":null,"LineNumber":0,"Properties":[{"Key":{"Id":"NUnit.Seed","Label":"Seed","Category":"","Description":"","Attributes":0,"ValueType":"System.String"},"Value":"1706533934"}]},"Attachments":[],"Outcome":1,"ErrorMessage":null,"ErrorStackTrace":null,"DisplayName":"Delete_Fail","Messages":[],"ComputerName":"DB66JX3","Duration":"00:00:00.1678939","StartTime":"2024-06-03T04:54:32.0313936+00:00","EndTime":"2024-06-03T04:54:32.1992871+00:00","Properties":[{"Key":{"Id":"NUnit.Seed","Label":"Seed","Category":"","Description":"","Attributes":0,"ValueType":"System.String"},"Value":"1706533934"}]},{"TestCase":{"Id":"0625d523-05be-dd0d-78f6-3347f957d701","FullyQualifiedName":"EventManagementTest.RepositoryTests.BookingRepoTest.Delete_Success","DisplayName":"Delete_Success","ExecutorUri":"executor://NUnit3TestExecutor","Source":"C:\\Users\\VC\\Desktop\\mini_project\\EventManagementSolution\\EventManagementTest\\bin\\Debug\\net8.0\\fine-code-coverage\\build-output\\EventManagementTest.dll","CodeFilePath":null,"LineNumber":0,"Properties":[{"Key":{"Id":"NUnit.Seed","Label":"Seed","Category":"","Description":"","Attributes":0,"ValueType":"System.String"},"Value":"686682013"}]},"Attachments":[],"Outcome":1,"ErrorMessage":null,"ErrorStackTrace":null,"DisplayName":"Delete_Success","Messages":[],"ComputerName":"DB66JX3","Duration":"00:00:00.0106680","StartTime":"2024-06-03T04:54:32.1993362+00:00","EndTime":"2024-06-03T04:54:32.2100036+00:00","Properties":[{"Key":{"Id":"NUnit.Seed","Label":"Seed","Category":"","Description":"","Attributes":0,"ValueType":"System.String"},"Value":"686682013"}]},{"TestCase":{"Id":"034d18b0-1d91-e15a-fecf-d14e18340698","FullyQualifiedName":"EventManagementTest.RepositoryTests.BookingRepoTest.Get_Fail","DisplayName":"Get_Fail","ExecutorUri":"executor://NUnit3TestExecutor","Source":"C:\\Users\\VC\\Desktop\\mini_project\\EventManagementSolution\\EventManagementTest\\bin\\Debug\\net8.0\\fine-code-coverage\\build-output\\EventManagementTest.dll","CodeFilePath":null,"LineNumber":0,"Properties":[{"Key":{"Id":"NUnit.Seed","Label":"Seed","Category":"","Description":"","Attributes":0,"ValueType":"System.String"},"Value":"1089195678"}]},"Attachments":[],"Outcome":1,"ErrorMessage":null,"ErrorStackTrace":null,"DisplayName":"Get_Fail","Messages":[],"ComputerName":"DB66JX3","Duration":"00:00:00.0099270","StartTime":"2024-06-03T04:54:32.2100355+00:00","EndTime":"2024-06-03T04:54:32.2199622+00:00","Properties":[{"Key":{"Id":"NUnit.Seed","Label":"Seed","Category":"","Description":"","Attributes":0,"ValueType":"System.String"},"Value":"1089195678"}]},{"TestCase":{"Id":"4b880d88-eb43-6429-7c81-689b068cb4cf","FullyQualifiedName":"EventManagementTest.RepositoryTests.BookingRepoTest.Get_Success","DisplayName":"Get_Success","ExecutorUri":"executor://NUnit3TestExecutor","Source":"C:\\Users\\VC\\Desktop\\mini_project\\EventManagementSolution\\EventManagementTest\\bin\\Debug\\net8.0\\fine-code-coverage\\build-output\\EventManagementTest.dll","CodeFilePath":null,"LineNumber":0,"Properties":[{"Key":{"Id":"NUnit.Seed","Label":"Seed","Category":"","Description":"","Attributes":0,"ValueType":"System.String"},"Value":"1480065149"}]},"Attachments":[],"Outcome":1,"ErrorMessage":null,"ErrorStackTrace":null,"DisplayName":"Get_Success","Messages":[],"ComputerName":"DB66JX3","Duration":"00:00:00.0007310","StartTime":"2024-06-03T04:54:32.2200015+00:00","EndTime":"2024-06-03T04:54:32.2207319+00:00","Properties":[{"Key":{"Id":"NUnit.Seed","Label":"Seed","Category":"","Description":"","Attributes":0,"ValueType":"System.String"},"Value":"1480065149"}]},{"TestCase":{"Id":"8b582689-6596-cca3-55e8-d4fedb238c63","FullyQualifiedName":"EventManagementTest.RepositoryTests.BookingRepoTest.GetAll_Fail","DisplayName":"GetAll_Fail","ExecutorUri":"executor://NUnit3TestExecutor","Source":"C:\\Users\\VC\\Desktop\\mini_project\\EventManagementSolution\\EventManagementTest\\bin\\Debug\\net8.0\\fine-code-coverage\\build-output\\EventManagementTest.dll","CodeFilePath":null,"LineNumber":0,"Properties":[{"Key":{"Id":"NUnit.Seed","Label":"Seed","Category":"","Description":"","Attributes":0,"ValueType":"System.String"},"Value":"1784647323"}]},"Attachments":[],"Outcome":2,"ErrorMessage":"  Expected: <empty>\r\n  But was:  < <EventManagementAPI.Models.Booking> >\r\n","ErrorStackTrace":"   at EventManagementTest.RepositoryTests.BookingRepoTest.GetAll_Fail() in C:\\Users\\VC\\Desktop\\mini_project\\EventManagementSolution\\EventManagementTest\\RepositoryTests\\BookingRepoTest.cs:line 88\r\n\n1)    at EventManagementTest.RepositoryTests.BookingRepoTest.GetAll_Fail() in C:\\Users\\VC\\Desktop\\mini_project\\EventManagementSolution\\EventManagementTest\\RepositoryTests\\BookingRepoTest.cs:line 88\r\n\n","DisplayName":"GetAll_Fail","Messages":[],"ComputerName":"DB66JX3","Duration":"00:00:00.0411980","StartTime":"2024-06-03T04:54:32.2207541+00:00","EndTime":"2024-06-03T04:54:32.2619514+00:00","Properties":[{"Key":{"Id":"NUnit.Seed","Label":"Seed","Category":"","Description":"","Attributes":0,"ValueType":"System.String"},"Value":"1784647323"}]},{"TestCase":{"Id":"ef65ed19-3a76-8eb5-63d7-6e0f86a94602","FullyQualifiedName":"EventManagementTest.RepositoryTests.BookingRepoTest.GetAll_Success","DisplayName":"GetAll_Success","ExecutorUri":"executor://NUnit3TestExecutor","Source":"C:\\Users\\VC\\Desktop\\mini_project\\EventManagementSolution\\EventManagementTest\\bin\\Debug\\net8.0\\fine-code-coverage\\build-output\\EventManagementTest.dll","CodeFilePath":null,"LineNumber":0,"Properties":[{"Key":{"Id":"NUnit.Seed","Label":"Seed","Category":"","Description":"","Attributes":0,"ValueType":"System.String"},"Value":"864758073"}]},"Attachments":[],"Outcome":2,"ErrorMessage":"  Expected: 2\r\n  But was:  1\r\n","ErrorStackTrace":"   at EventManagementTest.RepositoryTests.BookingRepoTest.GetAll_Success() in C:\\Users\\VC\\Desktop\\mini_project\\EventManagementSolution\\EventManagementTest\\RepositoryTests\\BookingRepoTest.cs:line 80\r\n\n1)    at EventManagementTest.RepositoryTests.BookingRepoTest.GetAll_Success() in C:\\Users\\VC\\Desktop\\mini_project\\EventManagementSolution\\EventManagementTest\\RepositoryTests\\BookingRepoTest.cs:line 80\r\n\n","DisplayName":"GetAll_Success","Messages":[],"ComputerName":"DB66JX3","Duration":"00:00:00.0105100","StartTime":"2024-06-03T04:54:32.2620959+00:00","EndTime":"2024-06-03T04:54:32.2726052+00:00","Properties":[{"Key":{"Id":"NUnit.Seed","Label":"Seed","Category":"","Description":"","Attributes":0,"ValueType":"System.String"},"Value":"864758073"}]},{"TestCase":{"Id":"a1993e8a-6cab-1736-9542-055e2e140765","FullyQualifiedName":"EventManagementTest.RepositoryTests.BookingRepoTest.Update_Fail","DisplayName":"Update_Fail","ExecutorUri":"executor://NUnit3TestExecutor","Source":"C:\\Users\\VC\\Desktop\\mini_project\\EventManagementSolution\\EventManagementTest\\bin\\Debug\\net8.0\\fine-code-coverage\\build-output\\EventManagementTest.dll","CodeFilePath":null,"LineNumber":0,"Properties":[{"Key":{"Id":"NUnit.Seed","Label":"Seed","Category":"","Description":"","Attributes":0,"ValueType":"System.String"},"Value":"643895787"}]},"Attachments":[],"Outcome":1,"ErrorMessage":null,"ErrorStackTrace":null,"DisplayName":"Update_Fail","Messages":[],"ComputerName":"DB66JX3","Duration":"00:00:00.0033200","StartTime":"2024-06-03T04:54:32.2726425+00:00","EndTime":"2024-06-03T04:54:32.2759616+00:00","Properties":[{"Key":{"Id":"NUnit.Seed","Label":"Seed","Category":"","Description":"","Attributes":0,"ValueType":"System.String"},"Value":"643895787"}]},{"TestCase":{"Id":"49ecd4fb-ac73-5f95-d0ac-5e38ca540582","FullyQualifiedName":"EventManagementTest.RepositoryTests.BookingRepoTest.Update_Success","DisplayName":"Update_Success","ExecutorUri":"executor://NUnit3TestExecutor","Source":"C:\\Users\\VC\\Desktop\\mini_project\\EventManagementSolution\\EventManagementTest\\bin\\Debug\\net8.0\\fine-code-coverage\\build-output\\EventManagementTest.dll","CodeFilePath":null,"LineNumber":0,"Properties":[{"Key":{"Id":"NUnit.Seed","Label":"Seed","Category":"","Description":"","Attributes":0,"ValueType":"System.String"},"Value":"1137970139"}]},"Attachments":[],"Outcome":2,"ErrorMessage":"  Expected string length 8 but was 9. Strings differ at index 1.\r\n  Expected: \"canceled\"\r\n  But was:  \"completed\"\r\n  ------------^\r\n","ErrorStackTrace":"   at EventManagementTest.RepositoryTests.BookingRepoTest.Update_Success() in C:\\Users\\VC\\Desktop\\mini_project\\EventManagementSolution\\EventManagementTest\\RepositoryTests\\BookingRepoTest.cs:line 172\r\n\n1)    at EventManagementTest.RepositoryTests.BookingRepoTest.Update_Success() in C:\\Users\\VC\\Desktop\\mini_project\\EventManagementSolution\\EventManagementTest\\RepositoryTests\\BookingRepoTest.cs:line 172\r\n\n","DisplayName":"Update_Success","Messages":[],"ComputerName":"DB66JX3","Duration":"00:00:00.0044850","StartTime":"2024-06-03T04:54:32.2759925+00:00","EndTime":"2024-06-03T04:54:32.280477+00:00","Properties":[{"Key":{"Id":"NUnit.Seed","Label":"Seed","Category":"","Description":"","Attributes":0,"ValueType":"System.String"},"Value":"1137970139"}]}],"TestRunStatistics":{"ExecutedTests":9,"Stats":{"Passed":6,"Failed":3}},"ActiveTests":[{"Id":"583d997e-254f-8bbe-1c75-64a5fa46ed07","FullyQualifiedName":"EventManagementTest.RepositoryTests.EventRepoTest.Add_Success","DisplayName":"Add_Success","ExecutorUri":"executor://NUnit3TestExecutor","Source":"C:\\Users\\VC\\Desktop\\mini_project\\EventManagementSolution\\EventManagementTest\\bin\\Debug\\net8.0\\fine-code-coverage\\build-output\\EventManagementTest.dll","CodeFilePath":null,"LineNumber":0,"Properties":[{"Key":{"Id":"NUnit.Seed","Label":"Seed","Category":"","Description":"","Attributes":0,"ValueType":"System.String"},"Value":"137589037"}]}]}}
TpTrace Verbose: 0 : 31192, 7, 2024/06/03, 10:24:32.357, 24209349078627, vstest.console.dll, TestRunRequest:SendTestRunStatsChange: Starting.
TpTrace Verbose: 0 : 31192, 7, 2024/06/03, 10:24:32.358, 24209349080743, vstest.console.dll, InProgress is Add_Success
TpTrace Verbose: 0 : 31192, 7, 2024/06/03, 10:24:32.358, 24209349086240, vstest.console.dll, MulticastDelegateUtilities.SafeInvoke: TestRun.RunStatsChanged: Invoking callbacks was skipped because there are no subscribers.
TpTrace Information: 0 : 31192, 7, 2024/06/03, 10:24:32.358, 24209349087081, vstest.console.dll, TestRunRequest:SendTestRunStatsChange: Completed.
TpTrace Verbose: 0 : 31192, 7, 2024/06/03, 10:24:32.358, 24209349087584, vstest.console.dll, MulticastDelegateUtilities.SafeInvoke: LengthPrefixCommunicationChannel: MessageReceived: Invoking callback 1/1 for Microsoft.VisualStudio.TestPlatform.CommunicationUtilities.TestRequestSender+<>c__DisplayClass34_0., took 35 ms.
TpTrace Verbose: 0 : 31192, 7, 2024/06/03, 10:24:32.358, 24209349088215, vstest.console.dll, TcpClientExtensions.MessageLoopAsync: Polling on remoteEndPoint: 127.0.0.1:54896 localEndPoint: 127.0.0.1:54895 after 88 ms
TpTrace Verbose: 0 : 31192, 4, 2024/06/03, 10:24:32.361, 24209349113623, vstest.console.dll, MulticastDelegateUtilities.SafeInvoke: InternalTestLoggerEvents.SendTestResult: Invoking callback 1/1 for Microsoft.VisualStudio.TestPlatform.CommandLine.Internal.ConsoleLogger., took 2 ms.
TpTrace Verbose: 0 : 31192, 4, 2024/06/03, 10:24:32.361, 24209349117366, vstest.console.dll, MulticastDelegateUtilities.SafeInvoke: InternalTestLoggerEvents.SendTestResult: Invoking callback 1/1 for Microsoft.VisualStudio.TestPlatform.CommandLine.Internal.ConsoleLogger., took 0 ms.
TpTrace Verbose: 0 : 31192, 4, 2024/06/03, 10:24:32.361, 24209349119088, vstest.console.dll, MulticastDelegateUtilities.SafeInvoke: InternalTestLoggerEvents.SendTestResult: Invoking callback 1/1 for Microsoft.VisualStudio.TestPlatform.CommandLine.Internal.ConsoleLogger., took 0 ms.
TpTrace Verbose: 0 : 31192, 4, 2024/06/03, 10:24:32.362, 24209349119733, vstest.console.dll, MulticastDelegateUtilities.SafeInvoke: InternalTestLoggerEvents.SendTestResult: Invoking callback 1/1 for Microsoft.VisualStudio.TestPlatform.CommandLine.Internal.ConsoleLogger., took 0 ms.
TpTrace Verbose: 0 : 31192, 4, 2024/06/03, 10:24:32.362, 24209349120130, vstest.console.dll, MulticastDelegateUtilities.SafeInvoke: InternalTestLoggerEvents.SendTestResult: Invoking callback 1/1 for Microsoft.VisualStudio.TestPlatform.CommandLine.Internal.ConsoleLogger., took 0 ms.
TpTrace Verbose: 0 : 31192, 4, 2024/06/03, 10:24:32.362, 24209349126791, vstest.console.dll, MulticastDelegateUtilities.SafeInvoke: InternalTestLoggerEvents.SendTestResult: Invoking callback 1/1 for Microsoft.VisualStudio.TestPlatform.CommandLine.Internal.ConsoleLogger., took 0 ms.
TpTrace Verbose: 0 : 31192, 4, 2024/06/03, 10:24:32.363, 24209349130261, vstest.console.dll, MulticastDelegateUtilities.SafeInvoke: InternalTestLoggerEvents.SendTestResult: Invoking callback 1/1 for Microsoft.VisualStudio.TestPlatform.CommandLine.Internal.ConsoleLogger., took 0 ms.
TpTrace Verbose: 0 : 31192, 4, 2024/06/03, 10:24:32.363, 24209349131072, vstest.console.dll, MulticastDelegateUtilities.SafeInvoke: InternalTestLoggerEvents.SendTestResult: Invoking callback 1/1 for Microsoft.VisualStudio.TestPlatform.CommandLine.Internal.ConsoleLogger., took 0 ms.
TpTrace Verbose: 0 : 31192, 4, 2024/06/03, 10:24:32.363, 24209349133577, vstest.console.dll, MulticastDelegateUtilities.SafeInvoke: InternalTestLoggerEvents.SendTestResult: Invoking callback 1/1 for Microsoft.VisualStudio.TestPlatform.CommandLine.Internal.ConsoleLogger., took 0 ms.
TpTrace Verbose: 0 : 31192, 7, 2024/06/03, 10:24:32.396, 24209349461195, vstest.console.dll, TcpClientExtensions.MessageLoopAsync: NotifyDataAvailable remoteEndPoint: 127.0.0.1:54896 localEndPoint: 127.0.0.1:54895
TpTrace Verbose: 0 : 31192, 7, 2024/06/03, 10:24:32.396, 24209349465690, vstest.console.dll, TestRequestSender.OnExecutionMessageReceived: Received message: {"Version":7,"MessageType":"TestExecution.StatsChange","Payload":{"NewTestResults":[{"TestCase":{"Id":"583d997e-254f-8bbe-1c75-64a5fa46ed07","FullyQualifiedName":"EventManagementTest.RepositoryTests.EventRepoTest.Add_Success","DisplayName":"Add_Success","ExecutorUri":"executor://NUnit3TestExecutor","Source":"C:\\Users\\VC\\Desktop\\mini_project\\EventManagementSolution\\EventManagementTest\\bin\\Debug\\net8.0\\fine-code-coverage\\build-output\\EventManagementTest.dll","CodeFilePath":null,"LineNumber":0,"Properties":[{"Key":{"Id":"NUnit.Seed","Label":"Seed","Category":"","Description":"","Attributes":0,"ValueType":"System.String"},"Value":"137589037"}]},"Attachments":[],"Outcome":1,"ErrorMessage":null,"ErrorStackTrace":null,"DisplayName":"Add_Success","Messages":[],"ComputerName":"DB66JX3","Duration":"00:00:00.0498740","StartTime":"2024-06-03T04:54:32.2909572+00:00","EndTime":"2024-06-03T04:54:32.3408315+00:00","Properties":[{"Key":{"Id":"NUnit.Seed","Label":"Seed","Category":"","Description":"","Attributes":0,"ValueType":"System.String"},"Value":"137589037"}]},{"TestCase":{"Id":"fae4d1dd-a3b1-7435-f03c-5c93913b5648","FullyQualifiedName":"EventManagementTest.RepositoryTests.EventRepoTest.Delete_Fail","DisplayName":"Delete_Fail","ExecutorUri":"executor://NUnit3TestExecutor","Source":"C:\\Users\\VC\\Desktop\\mini_project\\EventManagementSolution\\EventManagementTest\\bin\\Debug\\net8.0\\fine-code-coverage\\build-output\\EventManagementTest.dll","CodeFilePath":null,"LineNumber":0,"Properties":[{"Key":{"Id":"NUnit.Seed","Label":"Seed","Category":"","Description":"","Attributes":0,"ValueType":"System.String"},"Value":"1969399608"}]},"Attachments":[],"Outcome":1,"ErrorMessage":null,"ErrorStackTrace":null,"DisplayName":"Delete_Fail","Messages":[],"ComputerName":"DB66JX3","Duration":"00:00:00.0116230","StartTime":"2024-06-03T04:54:32.34088+00:00","EndTime":"2024-06-03T04:54:32.352502+00:00","Properties":[{"Key":{"Id":"NUnit.Seed","Label":"Seed","Category":"","Description":"","Attributes":0,"ValueType":"System.String"},"Value":"1969399608"}]},{"TestCase":{"Id":"a96c097b-6f0d-1321-58ce-465035bcbc15","FullyQualifiedName":"EventManagementTest.RepositoryTests.EventRepoTest.Delete_Success","DisplayName":"Delete_Success","ExecutorUri":"executor://NUnit3TestExecutor","Source":"C:\\Users\\VC\\Desktop\\mini_project\\EventManagementSolution\\EventManagementTest\\bin\\Debug\\net8.0\\fine-code-coverage\\build-output\\EventManagementTest.dll","CodeFilePath":null,"LineNumber":0,"Properties":[{"Key":{"Id":"NUnit.Seed","Label":"Seed","Category":"","Description":"","Attributes":0,"ValueType":"System.String"},"Value":"241945834"}]},"Attachments":[],"Outcome":1,"ErrorMessage":null,"ErrorStackTrace":null,"DisplayName":"Delete_Success","Messages":[],"ComputerName":"DB66JX3","Duration":"00:00:00.0022480","StartTime":"2024-06-03T04:54:32.3525564+00:00","EndTime":"2024-06-03T04:54:32.3548038+00:00","Properties":[{"Key":{"Id":"NUnit.Seed","Label":"Seed","Category":"","Description":"","Attributes":0,"ValueType":"System.String"},"Value":"241945834"}]},{"TestCase":{"Id":"aa551d87-f5a1-ec0c-da90-ab21d1ce1b04","FullyQualifiedName":"EventManagementTest.RepositoryTests.EventRepoTest.Get_Fail","DisplayName":"Get_Fail","ExecutorUri":"executor://NUnit3TestExecutor","Source":"C:\\Users\\VC\\Desktop\\mini_project\\EventManagementSolution\\EventManagementTest\\bin\\Debug\\net8.0\\fine-code-coverage\\build-output\\EventManagementTest.dll","CodeFilePath":null,"LineNumber":0,"Properties":[{"Key":{"Id":"NUnit.Seed","Label":"Seed","Category":"","Description":"","Attributes":0,"ValueType":"System.String"},"Value":"1108829445"}]},"Attachments":[],"Outcome":2,"ErrorMessage":"System.ArgumentException : An item with the same key has already been added. Key: 1","ErrorStackTrace":"   at System.Collections.Generic.Dictionary`2.TryInsert(TKey key, TValue value, InsertionBehavior behavior)\r\n   at System.Collections.Generic.Dictionary`2.Add(TKey key, TValue value)\r\n   at Microsoft.EntityFrameworkCore.InMemory.Storage.Internal.InMemoryTable`1.Create(IUpdateEntry entry)\r\n   at Microsoft.EntityFrameworkCore.InMemory.Storage.Internal.InMemoryStore.ExecuteTransaction(IList`1 entries, IDiagnosticsLogger`1 updateLogger)\r\n   at Microsoft.EntityFrameworkCore.InMemory.Storage.Internal.InMemoryDatabase.SaveChangesAsync(IList`1 entries, CancellationToken cancellationToken)\r\n   at Microsoft.EntityFrameworkCore.ChangeTracking.Internal.StateManager.SaveChangesAsync(IList`1 entriesToSave, CancellationToken cancellationToken)\r\n   at Microsoft.EntityFrameworkCore.ChangeTracking.Internal.StateManager.SaveChangesAsync(StateManager stateManager, Boolean acceptAllChangesOnSuccess, CancellationToken cancellationToken)\r\n   at Microsoft.EntityFrameworkCore.DbContext.SaveChangesAsync(Boolean acceptAllChangesOnSuccess, CancellationToken cancellationToken)\r\n   at Microsoft.EntityFrameworkCore.DbContext.SaveChangesAsync(Boolean acceptAllChangesOnSuccess, CancellationToken cancellationToken)\r\n   at EventManagementAPI.Repositories.EventRepository.Add(Event item) in C:\\Users\\VC\\Desktop\\mini_project\\EventManagementSolution\\EventManagementAPI\\Repositories\\EventRepository.cs:line 20\r\n   at EventManagementTest.RepositoryTests.EventRepoTest.Get_Fail() in C:\\Users\\VC\\Desktop\\mini_project\\EventManagementSolution\\EventManagementTest\\RepositoryTests\\EventRepoTest.cs:line 79\r\n   at NUnit.Framework.Internal.TaskAwaitAdapter.GenericAdapter`1.GetResult()\r\n   at NUnit.Framework.Internal.AsyncToSyncAdapter.Await(Func`1 invoke)\r\n   at NUnit.Framework.Internal.Commands.TestMethodCommand.RunTestMethod(TestExecutionContext context)\r\n   at NUnit.Framework.Internal.Commands.TestMethodCommand.Execute(TestExecutionContext context)\r\n   at NUnit.Framework.Internal.Execution.SimpleWorkItem.<>c__DisplayClass4_0.<PerformWork>b__0()\r\n   at NUnit.Framework.Internal.ContextUtils.<>c__DisplayClass1_0`1.<DoIsolated>b__0(Object _)\r\n   at System.Threading.ExecutionContext.RunInternal(ExecutionContext executionContext, ContextCallback callback, Object state)\r\n--- End of stack trace from previous location ---\r\n   at System.Threading.ExecutionContext.RunInternal(ExecutionContext executionContext, ContextCallback callback, Object state)\r\n   at NUnit.Framework.Internal.ContextUtils.DoIsolated(ContextCallback callback, Object state)\r\n   at NUnit.Framework.Internal.ContextUtils.DoIsolated[T](Func`1 func)\r\n   at NUnit.Framework.Internal.Execution.SimpleWorkItem.PerformWork()\n","DisplayName":"Get_Fail","Messages":[],"ComputerName":"DB66JX3","Duration":"00:00:00.0047940","StartTime":"2024-06-03T04:54:32.354843+00:00","EndTime":"2024-06-03T04:54:32.3596366+00:00","Properties":[{"Key":{"Id":"NUnit.Seed","Label":"Seed","Category":"","Description":"","Attributes":0,"ValueType":"System.String"},"Value":"1108829445"}]},{"TestCase":{"Id":"bc38c8b2-bce7-5f94-265a-a5d4ea69af42","FullyQualifiedName":"EventManagementTest.RepositoryTests.EventRepoTest.Get_Success","DisplayName":"Get_Success","ExecutorUri":"executor://NUnit3TestExecutor","Source":"C:\\Users\\VC\\Desktop\\mini_project\\EventManagementSolution\\EventManagementTest\\bin\\Debug\\net8.0\\fine-code-coverage\\build-output\\EventManagementTest.dll","CodeFilePath":null,"LineNumber":0,"Properties":[{"Key":{"Id":"NUnit.Seed","Label":"Seed","Category":"","Description":"","Attributes":0,"ValueType":"System.String"},"Value":"1569765268"}]},"Attachments":[],"Outcome":1,"ErrorMessage":null,"ErrorStackTrace":null,"DisplayName":"Get_Success","Messages":[],"ComputerName":"DB66JX3","Duration":"00:00:00.0005650","StartTime":"2024-06-03T04:54:32.3596677+00:00","EndTime":"2024-06-03T04:54:32.3602324+00:00","Properties":[{"Key":{"Id":"NUnit.Seed","Label":"Seed","Category":"","Description":"","Attributes":0,"ValueType":"System.String"},"Value":"1569765268"}]},{"TestCase":{"Id":"27c2d896-acc2-bff5-52f7-5765a39d1423","FullyQualifiedName":"EventManagementTest.RepositoryTests.EventRepoTest.GetAll_Fail","DisplayName":"GetAll_Fail","ExecutorUri":"executor://NUnit3TestExecutor","Source":"C:\\Users\\VC\\Desktop\\mini_project\\EventManagementSolution\\EventManagementTest\\bin\\Debug\\net8.0\\fine-code-coverage\\build-output\\EventManagementTest.dll","CodeFilePath":null,"LineNumber":0,"Properties":[{"Key":{"Id":"NUnit.Seed","Label":"Seed","Category":"","Description":"","Attributes":0,"ValueType":"System.String"},"Value":"252719542"}]},"Attachments":[],"Outcome":2,"ErrorMessage":"  Expected: <empty>\r\n  But was:  < <EventManagementAPI.Models.Event> >\r\n","ErrorStackTrace":"   at EventManagementTest.RepositoryTests.EventRepoTest.GetAll_Fail() in C:\\Users\\VC\\Desktop\\mini_project\\EventManagementSolution\\EventManagementTest\\RepositoryTests\\EventRepoTest.cs:line 62\r\n\n1)    at EventManagementTest.RepositoryTests.EventRepoTest.GetAll_Fail() in C:\\Users\\VC\\Desktop\\mini_project\\EventManagementSolution\\EventManagementTest\\RepositoryTests\\EventRepoTest.cs:line 62\r\n\n","DisplayName":"GetAll_Fail","Messages":[],"ComputerName":"DB66JX3","Duration":"00:00:00.0063760","StartTime":"2024-06-03T04:54:32.3602566+00:00","EndTime":"2024-06-03T04:54:32.3666319+00:00","Properties":[{"Key":{"Id":"NUnit.Seed","Label":"Seed","Category":"","Description":"","Attributes":0,"ValueType":"System.String"},"Value":"252719542"}]},{"TestCase":{"Id":"27ce89fd-a0fb-74ba-63f4-ced4246cd641","FullyQualifiedName":"EventManagementTest.RepositoryTests.EventRepoTest.GetAll_Success","DisplayName":"GetAll_Success","ExecutorUri":"executor://NUnit3TestExecutor","Source":"C:\\Users\\VC\\Desktop\\mini_project\\EventManagementSolution\\EventManagementTest\\bin\\Debug\\net8.0\\fine-code-coverage\\build-output\\EventManagementTest.dll","CodeFilePath":null,"LineNumber":0,"Properties":[{"Key":{"Id":"NUnit.Seed","Label":"Seed","Category":"","Description":"","Attributes":0,"ValueType":"System.String"},"Value":"826916360"}]},"Attachments":[],"Outcome":2,"ErrorMessage":"  Expected: 2\r\n  But was:  1\r\n","ErrorStackTrace":"   at EventManagementTest.RepositoryTests.EventRepoTest.GetAll_Success() in C:\\Users\\VC\\Desktop\\mini_project\\EventManagementSolution\\EventManagementTest\\RepositoryTests\\EventRepoTest.cs:line 53\r\n\n1)    at EventManagementTest.RepositoryTests.EventRepoTest.GetAll_Success() in C:\\Users\\VC\\Desktop\\mini_project\\EventManagementSolution\\EventManagementTest\\RepositoryTests\\EventRepoTest.cs:line 53\r\n\n","DisplayName":"GetAll_Success","Messages":[],"ComputerName":"DB66JX3","Duration":"00:00:00.0016100","StartTime":"2024-06-03T04:54:32.3666692+00:00","EndTime":"2024-06-03T04:54:32.3682786+00:00","Properties":[{"Key":{"Id":"NUnit.Seed","Label":"Seed","Category":"","Description":"","Attributes":0,"ValueType":"System.String"},"Value":"826916360"}]},{"TestCase":{"Id":"9a14b81d-22a8-5ba9-243a-54d937a501cc","FullyQualifiedName":"EventManagementTest.RepositoryTests.EventRepoTest.Update_Fail","DisplayName":"Update_Fail","ExecutorUri":"executor://NUnit3TestExecutor","Source":"C:\\Users\\VC\\Desktop\\mini_project\\EventManagementSolution\\EventManagementTest\\bin\\Debug\\net8.0\\fine-code-coverage\\build-output\\EventManagementTest.dll","CodeFilePath":null,"LineNumber":0,"Properties":[{"Key":{"Id":"NUnit.Seed","Label":"Seed","Category":"","Description":"","Attributes":0,"ValueType":"System.String"},"Value":"1604966929"}]},"Attachments":[],"Outcome":1,"ErrorMessage":null,"ErrorStackTrace":null,"DisplayName":"Update_Fail","Messages":[],"ComputerName":"DB66JX3","Duration":"00:00:00.0020560","StartTime":"2024-06-03T04:54:32.3683055+00:00","EndTime":"2024-06-03T04:54:32.3703613+00:00","Properties":[{"Key":{"Id":"NUnit.Seed","Label":"Seed","Category":"","Description":"","Attributes":0,"ValueType":"System.String"},"Value":"1604966929"}]},{"TestCase":{"Id":"069f59ea-1cbf-a11e-e2e0-c305185cbf78","FullyQualifiedName":"EventManagementTest.RepositoryTests.EventRepoTest.Update_Success","DisplayName":"Update_Success","ExecutorUri":"executor://NUnit3TestExecutor","Source":"C:\\Users\\VC\\Desktop\\mini_project\\EventManagementSolution\\EventManagementTest\\bin\\Debug\\net8.0\\fine-code-coverage\\build-output\\EventManagementTest.dll","CodeFilePath":null,"LineNumber":0,"Properties":[{"Key":{"Id":"NUnit.Seed","Label":"Seed","Category":"","Description":"","Attributes":0,"ValueType":"System.String"},"Value":"1176892998"}]},"Attachments":[],"Outcome":2,"ErrorMessage":"  Expected string length 8 but was 7. Strings differ at index 0.\r\n  Expected: \"birthday\"\r\n  But was:  \"wedding\"\r\n  -----------^\r\n","ErrorStackTrace":"   at EventManagementTest.RepositoryTests.EventRepoTest.Update_Success() in C:\\Users\\VC\\Desktop\\mini_project\\EventManagementSolution\\EventManagementTest\\RepositoryTests\\EventRepoTest.cs:line 110\r\n\n1)    at EventManagementTest.RepositoryTests.EventRepoTest.Update_Success() in C:\\Users\\VC\\Desktop\\mini_project\\EventManagementSolution\\EventManagementTest\\RepositoryTests\\EventRepoTest.cs:line 110\r\n\n","DisplayName":"Update_Success","Messages":[],"ComputerName":"DB66JX3","Duration":"00:00:00.0011680","StartTime":"2024-06-03T04:54:32.3703863+00:00","EndTime":"2024-06-03T04:54:32.371554+00:00","Properties":[{"Key":{"Id":"NUnit.Seed","Label":"Seed","Category":"","Description":"","Attributes":0,"ValueType":"System.String"},"Value":"1176892998"}]}],"TestRunStatistics":{"ExecutedTests":18,"Stats":{"Passed":11,"Failed":7}},"ActiveTests":[{"Id":"55bd5123-a3d5-cacd-17e2-c711a1224526","FullyQualifiedName":"EventManagementTest.RepositoryTests.EventRequestRepoTest.Add_Success","DisplayName":"Add_Success","ExecutorUri":"executor://NUnit3TestExecutor","Source":"C:\\Users\\VC\\Desktop\\mini_project\\EventManagementSolution\\EventManagementTest\\bin\\Debug\\net8.0\\fine-code-coverage\\build-output\\EventManagementTest.dll","CodeFilePath":null,"LineNumber":0,"Properties":[{"Key":{"Id":"NUnit.Seed","Label":"Seed","Category":"","Description":"","Attributes":0,"ValueType":"System.String"},"Value":"424422850"}]}]}}
TpTrace Verbose: 0 : 31192, 7, 2024/06/03, 10:24:32.397, 24209349479011, vstest.console.dll, TestRunRequest:SendTestRunStatsChange: Starting.
TpTrace Verbose: 0 : 31192, 7, 2024/06/03, 10:24:32.398, 24209349479960, vstest.console.dll, InProgress is Add_Success
TpTrace Verbose: 0 : 31192, 7, 2024/06/03, 10:24:32.398, 24209349480897, vstest.console.dll, MulticastDelegateUtilities.SafeInvoke: TestRun.RunStatsChanged: Invoking callbacks was skipped because there are no subscribers.
TpTrace Information: 0 : 31192, 7, 2024/06/03, 10:24:32.398, 24209349481250, vstest.console.dll, TestRunRequest:SendTestRunStatsChange: Completed.
TpTrace Verbose: 0 : 31192, 7, 2024/06/03, 10:24:32.398, 24209349481571, vstest.console.dll, MulticastDelegateUtilities.SafeInvoke: LengthPrefixCommunicationChannel: MessageReceived: Invoking callback 1/1 for Microsoft.VisualStudio.TestPlatform.CommunicationUtilities.TestRequestSender+<>c__DisplayClass34_0., took 1 ms.
TpTrace Verbose: 0 : 31192, 7, 2024/06/03, 10:24:32.398, 24209349481984, vstest.console.dll, TcpClientExtensions.MessageLoopAsync: Polling on remoteEndPoint: 127.0.0.1:54896 localEndPoint: 127.0.0.1:54895 after 39 ms
TpTrace Verbose: 0 : 31192, 4, 2024/06/03, 10:24:32.398, 24209349482127, vstest.console.dll, MulticastDelegateUtilities.SafeInvoke: InternalTestLoggerEvents.SendTestResult: Invoking callback 1/1 for Microsoft.VisualStudio.TestPlatform.CommandLine.Internal.ConsoleLogger., took 0 ms.
TpTrace Verbose: 0 : 31192, 4, 2024/06/03, 10:24:32.398, 24209349483056, vstest.console.dll, MulticastDelegateUtilities.SafeInvoke: InternalTestLoggerEvents.SendTestResult: Invoking callback 1/1 for Microsoft.VisualStudio.TestPlatform.CommandLine.Internal.ConsoleLogger., took 0 ms.
TpTrace Verbose: 0 : 31192, 4, 2024/06/03, 10:24:32.398, 24209349483510, vstest.console.dll, MulticastDelegateUtilities.SafeInvoke: InternalTestLoggerEvents.SendTestResult: Invoking callback 1/1 for Microsoft.VisualStudio.TestPlatform.CommandLine.Internal.ConsoleLogger., took 0 ms.
TpTrace Verbose: 0 : 31192, 4, 2024/06/03, 10:24:32.398, 24209349486426, vstest.console.dll, MulticastDelegateUtilities.SafeInvoke: InternalTestLoggerEvents.SendTestResult: Invoking callback 1/1 for Microsoft.VisualStudio.TestPlatform.CommandLine.Internal.ConsoleLogger., took 0 ms.
TpTrace Verbose: 0 : 31192, 4, 2024/06/03, 10:24:32.400, 24209349501643, vstest.console.dll, MulticastDelegateUtilities.SafeInvoke: InternalTestLoggerEvents.SendTestResult: Invoking callback 1/1 for Microsoft.VisualStudio.TestPlatform.CommandLine.Internal.ConsoleLogger., took 1 ms.
TpTrace Verbose: 0 : 31192, 4, 2024/06/03, 10:24:32.400, 24209349506451, vstest.console.dll, MulticastDelegateUtilities.SafeInvoke: InternalTestLoggerEvents.SendTestResult: Invoking callback 1/1 for Microsoft.VisualStudio.TestPlatform.CommandLine.Internal.ConsoleLogger., took 0 ms.
TpTrace Verbose: 0 : 31192, 4, 2024/06/03, 10:24:32.401, 24209349510073, vstest.console.dll, MulticastDelegateUtilities.SafeInvoke: InternalTestLoggerEvents.SendTestResult: Invoking callback 1/1 for Microsoft.VisualStudio.TestPlatform.CommandLine.Internal.ConsoleLogger., took 0 ms.
TpTrace Verbose: 0 : 31192, 4, 2024/06/03, 10:24:32.401, 24209349511133, vstest.console.dll, MulticastDelegateUtilities.SafeInvoke: InternalTestLoggerEvents.SendTestResult: Invoking callback 1/1 for Microsoft.VisualStudio.TestPlatform.CommandLine.Internal.ConsoleLogger., took 0 ms.
TpTrace Verbose: 0 : 31192, 4, 2024/06/03, 10:24:32.401, 24209349514147, vstest.console.dll, MulticastDelegateUtilities.SafeInvoke: InternalTestLoggerEvents.SendTestResult: Invoking callback 1/1 for Microsoft.VisualStudio.TestPlatform.CommandLine.Internal.ConsoleLogger., took 0 ms.
TpTrace Verbose: 0 : 31192, 7, 2024/06/03, 10:24:32.483, 24209350337037, vstest.console.dll, TcpClientExtensions.MessageLoopAsync: NotifyDataAvailable remoteEndPoint: 127.0.0.1:54896 localEndPoint: 127.0.0.1:54895
TpTrace Verbose: 0 : 31192, 7, 2024/06/03, 10:24:32.484, 24209350342376, vstest.console.dll, TestRequestSender.OnExecutionMessageReceived: Received message: {"Version":7,"MessageType":"TestExecution.StatsChange","Payload":{"NewTestResults":[{"TestCase":{"Id":"55bd5123-a3d5-cacd-17e2-c711a1224526","FullyQualifiedName":"EventManagementTest.RepositoryTests.EventRequestRepoTest.Add_Success","DisplayName":"Add_Success","ExecutorUri":"executor://NUnit3TestExecutor","Source":"C:\\Users\\VC\\Desktop\\mini_project\\EventManagementSolution\\EventManagementTest\\bin\\Debug\\net8.0\\fine-code-coverage\\build-output\\EventManagementTest.dll","CodeFilePath":null,"LineNumber":0,"Properties":[{"Key":{"Id":"NUnit.Seed","Label":"Seed","Category":"","Description":"","Attributes":0,"ValueType":"System.String"},"Value":"424422850"}]},"Attachments":[],"Outcome":1,"ErrorMessage":null,"ErrorStackTrace":null,"DisplayName":"Add_Success","Messages":[],"ComputerName":"DB66JX3","Duration":"00:00:00.0613010","StartTime":"2024-06-03T04:54:32.3723117+00:00","EndTime":"2024-06-03T04:54:32.4336114+00:00","Properties":[{"Key":{"Id":"NUnit.Seed","Label":"Seed","Category":"","Description":"","Attributes":0,"ValueType":"System.String"},"Value":"424422850"}]},{"TestCase":{"Id":"ceb5e04e-8471-e911-d0da-b148cbd511e7","FullyQualifiedName":"EventManagementTest.RepositoryTests.EventRequestRepoTest.Delete_Fail","DisplayName":"Delete_Fail","ExecutorUri":"executor://NUnit3TestExecutor","Source":"C:\\Users\\VC\\Desktop\\mini_project\\EventManagementSolution\\EventManagementTest\\bin\\Debug\\net8.0\\fine-code-coverage\\build-output\\EventManagementTest.dll","CodeFilePath":null,"LineNumber":0,"Properties":[{"Key":{"Id":"NUnit.Seed","Label":"Seed","Category":"","Description":"","Attributes":0,"ValueType":"System.String"},"Value":"676512291"}]},"Attachments":[],"Outcome":1,"ErrorMessage":null,"ErrorStackTrace":null,"DisplayName":"Delete_Fail","Messages":[],"ComputerName":"DB66JX3","Duration":"00:00:00.0133030","StartTime":"2024-06-03T04:54:32.4336853+00:00","EndTime":"2024-06-03T04:54:32.4469874+00:00","Properties":[{"Key":{"Id":"NUnit.Seed","Label":"Seed","Category":"","Description":"","Attributes":0,"ValueType":"System.String"},"Value":"676512291"}]},{"TestCase":{"Id":"6cdc68e9-80a2-a6e7-baa5-cb75db2f444c","FullyQualifiedName":"EventManagementTest.RepositoryTests.EventRequestRepoTest.Delete_Success","DisplayName":"Delete_Success","ExecutorUri":"executor://NUnit3TestExecutor","Source":"C:\\Users\\VC\\Desktop\\mini_project\\EventManagementSolution\\EventManagementTest\\bin\\Debug\\net8.0\\fine-code-coverage\\build-output\\EventManagementTest.dll","CodeFilePath":null,"LineNumber":0,"Properties":[{"Key":{"Id":"NUnit.Seed","Label":"Seed","Category":"","Description":"","Attributes":0,"ValueType":"System.String"},"Value":"248588035"}]},"Attachments":[],"Outcome":1,"ErrorMessage":null,"ErrorStackTrace":null,"DisplayName":"Delete_Success","Messages":[],"ComputerName":"DB66JX3","Duration":"00:00:00.0009690","StartTime":"2024-06-03T04:54:32.4470237+00:00","EndTime":"2024-06-03T04:54:32.4479927+00:00","Properties":[{"Key":{"Id":"NUnit.Seed","Label":"Seed","Category":"","Description":"","Attributes":0,"ValueType":"System.String"},"Value":"248588035"}]},{"TestCase":{"Id":"eeb09d4c-2e84-0454-415e-f981838d7e95","FullyQualifiedName":"EventManagementTest.RepositoryTests.EventRequestRepoTest.Get_Fail","DisplayName":"Get_Fail","ExecutorUri":"executor://NUnit3TestExecutor","Source":"C:\\Users\\VC\\Desktop\\mini_project\\EventManagementSolution\\EventManagementTest\\bin\\Debug\\net8.0\\fine-code-coverage\\build-output\\EventManagementTest.dll","CodeFilePath":null,"LineNumber":0,"Properties":[{"Key":{"Id":"NUnit.Seed","Label":"Seed","Category":"","Description":"","Attributes":0,"ValueType":"System.String"},"Value":"2081710481"}]},"Attachments":[],"Outcome":1,"ErrorMessage":null,"ErrorStackTrace":null,"DisplayName":"Get_Fail","Messages":[],"ComputerName":"DB66JX3","Duration":"00:00:00.0010529","StartTime":"2024-06-03T04:54:32.448015+00:00","EndTime":"2024-06-03T04:54:32.4490674+00:00","Properties":[{"Key":{"Id":"NUnit.Seed","Label":"Seed","Category":"","Description":"","Attributes":0,"ValueType":"System.String"},"Value":"2081710481"}]},{"TestCase":{"Id":"acfba845-de75-4655-95fd-5ee9d8c86d91","FullyQualifiedName":"EventManagementTest.RepositoryTests.EventRequestRepoTest.Get_Success","DisplayName":"Get_Success","ExecutorUri":"executor://NUnit3TestExecutor","Source":"C:\\Users\\VC\\Desktop\\mini_project\\EventManagementSolution\\EventManagementTest\\bin\\Debug\\net8.0\\fine-code-coverage\\build-output\\EventManagementTest.dll","CodeFilePath":null,"LineNumber":0,"Properties":[{"Key":{"Id":"NUnit.Seed","Label":"Seed","Category":"","Description":"","Attributes":0,"ValueType":"System.String"},"Value":"85901567"}]},"Attachments":[],"Outcome":1,"ErrorMessage":null,"ErrorStackTrace":null,"DisplayName":"Get_Success","Messages":[],"ComputerName":"DB66JX3","Duration":"00:00:00.0004550","StartTime":"2024-06-03T04:54:32.4490881+00:00","EndTime":"2024-06-03T04:54:32.4495428+00:00","Properties":[{"Key":{"Id":"NUnit.Seed","Label":"Seed","Category":"","Description":"","Attributes":0,"ValueType":"System.String"},"Value":"85901567"}]},{"TestCase":{"Id":"6673fef6-1e36-4bbe-4462-8209c757ea14","FullyQualifiedName":"EventManagementTest.RepositoryTests.EventRequestRepoTest.GetAll_Fail","DisplayName":"GetAll_Fail","ExecutorUri":"executor://NUnit3TestExecutor","Source":"C:\\Users\\VC\\Desktop\\mini_project\\EventManagementSolution\\EventManagementTest\\bin\\Debug\\net8.0\\fine-code-coverage\\build-output\\EventManagementTest.dll","CodeFilePath":null,"LineNumber":0,"Properties":[{"Key":{"Id":"NUnit.Seed","Label":"Seed","Category":"","Description":"","Attributes":0,"ValueType":"System.String"},"Value":"923812427"}]},"Attachments":[],"Outcome":2,"ErrorMessage":"  Expected: <empty>\r\n  But was:  < <EventManagementAPI.Models.EventRequest> >\r\n","ErrorStackTrace":"   at EventManagementTest.RepositoryTests.EventRequestRepoTest.GetAll_Fail() in C:\\Users\\VC\\Desktop\\mini_project\\EventManagementSolution\\EventManagementTest\\RepositoryTests\\EventRequestRepoTest.cs:line 103\r\n\n1)    at EventManagementTest.RepositoryTests.EventRequestRepoTest.GetAll_Fail() in C:\\Users\\VC\\Desktop\\mini_project\\EventManagementSolution\\EventManagementTest\\RepositoryTests\\EventRequestRepoTest.cs:line 103\r\n\n","DisplayName":"GetAll_Fail","Messages":[],"ComputerName":"DB66JX3","Duration":"00:00:00.0106410","StartTime":"2024-06-03T04:54:32.4495589+00:00","EndTime":"2024-06-03T04:54:32.460199+00:00","Properties":[{"Key":{"Id":"NUnit.Seed","Label":"Seed","Category":"","Description":"","Attributes":0,"ValueType":"System.String"},"Value":"923812427"}]},{"TestCase":{"Id":"c556412c-10a6-86bd-cede-1baeb122a3cc","FullyQualifiedName":"EventManagementTest.RepositoryTests.EventRequestRepoTest.GetAll_Success","DisplayName":"GetAll_Success","ExecutorUri":"executor://NUnit3TestExecutor","Source":"C:\\Users\\VC\\Desktop\\mini_project\\EventManagementSolution\\EventManagementTest\\bin\\Debug\\net8.0\\fine-code-coverage\\build-output\\EventManagementTest.dll","CodeFilePath":null,"LineNumber":0,"Properties":[{"Key":{"Id":"NUnit.Seed","Label":"Seed","Category":"","Description":"","Attributes":0,"ValueType":"System.String"},"Value":"1461204564"}]},"Attachments":[],"Outcome":2,"ErrorMessage":"  Expected: 2\r\n  But was:  1\r\n","ErrorStackTrace":"   at EventManagementTest.RepositoryTests.EventRequestRepoTest.GetAll_Success() in C:\\Users\\VC\\Desktop\\mini_project\\EventManagementSolution\\EventManagementTest\\RepositoryTests\\EventRequestRepoTest.cs:line 95\r\n\n1)    at EventManagementTest.RepositoryTests.EventRequestRepoTest.GetAll_Success() in C:\\Users\\VC\\Desktop\\mini_project\\EventManagementSolution\\EventManagementTest\\RepositoryTests\\EventRequestRepoTest.cs:line 95\r\n\n","DisplayName":"GetAll_Success","Messages":[],"ComputerName":"DB66JX3","Duration":"00:00:00.0023120","StartTime":"2024-06-03T04:54:32.4602261+00:00","EndTime":"2024-06-03T04:54:32.4625375+00:00","Properties":[{"Key":{"Id":"NUnit.Seed","Label":"Seed","Category":"","Description":"","Attributes":0,"ValueType":"System.String"},"Value":"1461204564"}]},{"TestCase":{"Id":"546662dc-0031-2663-41c3-9a9703fb00d3","FullyQualifiedName":"EventManagementTest.RepositoryTests.EventRequestRepoTest.Update_Fail","DisplayName":"Update_Fail","ExecutorUri":"executor://NUnit3TestExecutor","Source":"C:\\Users\\VC\\Desktop\\mini_project\\EventManagementSolution\\EventManagementTest\\bin\\Debug\\net8.0\\fine-code-coverage\\build-output\\EventManagementTest.dll","CodeFilePath":null,"LineNumber":0,"Properties":[{"Key":{"Id":"NUnit.Seed","Label":"Seed","Category":"","Description":"","Attributes":0,"ValueType":"System.String"},"Value":"1742808418"}]},"Attachments":[],"Outcome":1,"ErrorMessage":null,"ErrorStackTrace":null,"DisplayName":"Update_Fail","Messages":[],"ComputerName":"DB66JX3","Duration":"00:00:00.0029390","StartTime":"2024-06-03T04:54:32.4625642+00:00","EndTime":"2024-06-03T04:54:32.4655026+00:00","Properties":[{"Key":{"Id":"NUnit.Seed","Label":"Seed","Category":"","Description":"","Attributes":0,"ValueType":"System.String"},"Value":"1742808418"}]},{"TestCase":{"Id":"2302eec9-f571-cef7-944c-e751fa1b9953","FullyQualifiedName":"EventManagementTest.RepositoryTests.EventRequestRepoTest.Update_Success","DisplayName":"Update_Success","ExecutorUri":"executor://NUnit3TestExecutor","Source":"C:\\Users\\VC\\Desktop\\mini_project\\EventManagementSolution\\EventManagementTest\\bin\\Debug\\net8.0\\fine-code-coverage\\build-output\\EventManagementTest.dll","CodeFilePath":null,"LineNumber":0,"Properties":[{"Key":{"Id":"NUnit.Seed","Label":"Seed","Category":"","Description":"","Attributes":0,"ValueType":"System.String"},"Value":"2029230751"}]},"Attachments":[],"Outcome":2,"ErrorMessage":"  Expected string length 8 but was 11. Strings differ at index 0.\r\n  Expected: \"birthday\"\r\n  But was:  \"celebration\"\r\n  -----------^\r\n","ErrorStackTrace":"   at EventManagementTest.RepositoryTests.EventRequestRepoTest.Update_Success() in C:\\Users\\VC\\Desktop\\mini_project\\EventManagementSolution\\EventManagementTest\\RepositoryTests\\EventRequestRepoTest.cs:line 207\r\n\n1)    at EventManagementTest.RepositoryTests.EventRequestRepoTest.Update_Success() in C:\\Users\\VC\\Desktop\\mini_project\\EventManagementSolution\\EventManagementTest\\RepositoryTests\\EventRequestRepoTest.cs:line 207\r\n\n","DisplayName":"Update_Success","Messages":[],"ComputerName":"DB66JX3","Duration":"00:00:00.0021210","StartTime":"2024-06-03T04:54:32.465539+00:00","EndTime":"2024-06-03T04:54:32.4676594+00:00","Properties":[{"Key":{"Id":"NUnit.Seed","Label":"Seed","Category":"","Description":"","Attributes":0,"ValueType":"System.String"},"Value":"2029230751"}]}],"TestRunStatistics":{"ExecutedTests":27,"Stats":{"Passed":17,"Failed":10}},"ActiveTests":[{"Id":"cdf77202-53f6-09fa-e334-08f5cf0b14ca","FullyQualifiedName":"EventManagementTest.RepositoryTests.EventResponseRepoTest.Add_Success","DisplayName":"Add_Success","ExecutorUri":"executor://NUnit3TestExecutor","Source":"C:\\Users\\VC\\Desktop\\mini_project\\EventManagementSolution\\EventManagementTest\\bin\\Debug\\net8.0\\fine-code-coverage\\build-output\\EventManagementTest.dll","CodeFilePath":null,"LineNumber":0,"Properties":[{"Key":{"Id":"NUnit.Seed","Label":"Seed","Category":"","Description":"","Attributes":0,"ValueType":"System.String"},"Value":"1545164348"}]}]}}
TpTrace Verbose: 0 : 31192, 7, 2024/06/03, 10:24:32.486, 24209350361842, vstest.console.dll, TestRunRequest:SendTestRunStatsChange: Starting.
TpTrace Verbose: 0 : 31192, 7, 2024/06/03, 10:24:32.486, 24209350363094, vstest.console.dll, InProgress is Add_Success
TpTrace Verbose: 0 : 31192, 7, 2024/06/03, 10:24:32.486, 24209350364130, vstest.console.dll, MulticastDelegateUtilities.SafeInvoke: TestRun.RunStatsChanged: Invoking callbacks was skipped because there are no subscribers.
TpTrace Information: 0 : 31192, 7, 2024/06/03, 10:24:32.486, 24209350364549, vstest.console.dll, TestRunRequest:SendTestRunStatsChange: Completed.
TpTrace Verbose: 0 : 31192, 4, 2024/06/03, 10:24:32.486, 24209350364854, vstest.console.dll, MulticastDelegateUtilities.SafeInvoke: InternalTestLoggerEvents.SendTestResult: Invoking callback 1/1 for Microsoft.VisualStudio.TestPlatform.CommandLine.Internal.ConsoleLogger., took 0 ms.
TpTrace Verbose: 0 : 31192, 7, 2024/06/03, 10:24:32.486, 24209350364997, vstest.console.dll, MulticastDelegateUtilities.SafeInvoke: LengthPrefixCommunicationChannel: MessageReceived: Invoking callback 1/1 for Microsoft.VisualStudio.TestPlatform.CommunicationUtilities.TestRequestSender+<>c__DisplayClass34_0., took 2 ms.
TpTrace Verbose: 0 : 31192, 4, 2024/06/03, 10:24:32.486, 24209350366143, vstest.console.dll, MulticastDelegateUtilities.SafeInvoke: InternalTestLoggerEvents.SendTestResult: Invoking callback 1/1 for Microsoft.VisualStudio.TestPlatform.CommandLine.Internal.ConsoleLogger., took 0 ms.
TpTrace Verbose: 0 : 31192, 7, 2024/06/03, 10:24:32.486, 24209350366897, vstest.console.dll, TcpClientExtensions.MessageLoopAsync: Polling on remoteEndPoint: 127.0.0.1:54896 localEndPoint: 127.0.0.1:54895 after 88 ms
TpTrace Verbose: 0 : 31192, 4, 2024/06/03, 10:24:32.486, 24209350367014, vstest.console.dll, MulticastDelegateUtilities.SafeInvoke: InternalTestLoggerEvents.SendTestResult: Invoking callback 1/1 for Microsoft.VisualStudio.TestPlatform.CommandLine.Internal.ConsoleLogger., took 0 ms.
TpTrace Verbose: 0 : 31192, 4, 2024/06/03, 10:24:32.486, 24209350368131, vstest.console.dll, MulticastDelegateUtilities.SafeInvoke: InternalTestLoggerEvents.SendTestResult: Invoking callback 1/1 for Microsoft.VisualStudio.TestPlatform.CommandLine.Internal.ConsoleLogger., took 0 ms.
TpTrace Verbose: 0 : 31192, 4, 2024/06/03, 10:24:32.486, 24209350369022, vstest.console.dll, MulticastDelegateUtilities.SafeInvoke: InternalTestLoggerEvents.SendTestResult: Invoking callback 1/1 for Microsoft.VisualStudio.TestPlatform.CommandLine.Internal.ConsoleLogger., took 0 ms.
TpTrace Verbose: 0 : 31192, 4, 2024/06/03, 10:24:32.487, 24209350372714, vstest.console.dll, MulticastDelegateUtilities.SafeInvoke: InternalTestLoggerEvents.SendTestResult: Invoking callback 1/1 for Microsoft.VisualStudio.TestPlatform.CommandLine.Internal.ConsoleLogger., took 0 ms.
TpTrace Verbose: 0 : 31192, 4, 2024/06/03, 10:24:32.488, 24209350383028, vstest.console.dll, MulticastDelegateUtilities.SafeInvoke: InternalTestLoggerEvents.SendTestResult: Invoking callback 1/1 for Microsoft.VisualStudio.TestPlatform.CommandLine.Internal.ConsoleLogger., took 0 ms.
TpTrace Verbose: 0 : 31192, 4, 2024/06/03, 10:24:32.488, 24209350384892, vstest.console.dll, MulticastDelegateUtilities.SafeInvoke: InternalTestLoggerEvents.SendTestResult: Invoking callback 1/1 for Microsoft.VisualStudio.TestPlatform.CommandLine.Internal.ConsoleLogger., took 0 ms.
TpTrace Verbose: 0 : 31192, 4, 2024/06/03, 10:24:32.488, 24209350388604, vstest.console.dll, MulticastDelegateUtilities.SafeInvoke: InternalTestLoggerEvents.SendTestResult: Invoking callback 1/1 for Microsoft.VisualStudio.TestPlatform.CommandLine.Internal.ConsoleLogger., took 0 ms.
TpTrace Verbose: 0 : 31192, 7, 2024/06/03, 10:24:32.541, 24209350914174, vstest.console.dll, TcpClientExtensions.MessageLoopAsync: NotifyDataAvailable remoteEndPoint: 127.0.0.1:54896 localEndPoint: 127.0.0.1:54895
TpTrace Verbose: 0 : 31192, 7, 2024/06/03, 10:24:32.542, 24209350920302, vstest.console.dll, TestRequestSender.OnExecutionMessageReceived: Received message: {"Version":7,"MessageType":"TestExecution.StatsChange","Payload":{"NewTestResults":[{"TestCase":{"Id":"cdf77202-53f6-09fa-e334-08f5cf0b14ca","FullyQualifiedName":"EventManagementTest.RepositoryTests.EventResponseRepoTest.Add_Success","DisplayName":"Add_Success","ExecutorUri":"executor://NUnit3TestExecutor","Source":"C:\\Users\\VC\\Desktop\\mini_project\\EventManagementSolution\\EventManagementTest\\bin\\Debug\\net8.0\\fine-code-coverage\\build-output\\EventManagementTest.dll","CodeFilePath":null,"LineNumber":0,"Properties":[{"Key":{"Id":"NUnit.Seed","Label":"Seed","Category":"","Description":"","Attributes":0,"ValueType":"System.String"},"Value":"1545164348"}]},"Attachments":[],"Outcome":1,"ErrorMessage":null,"ErrorStackTrace":null,"DisplayName":"Add_Success","Messages":[],"ComputerName":"DB66JX3","Duration":"00:00:00.0212930","StartTime":"2024-06-03T04:54:32.4685806+00:00","EndTime":"2024-06-03T04:54:32.4898722+00:00","Properties":[{"Key":{"Id":"NUnit.Seed","Label":"Seed","Category":"","Description":"","Attributes":0,"ValueType":"System.String"},"Value":"1545164348"}]},{"TestCase":{"Id":"56b7deee-67b0-4d51-aa44-1e451699004e","FullyQualifiedName":"EventManagementTest.RepositoryTests.EventResponseRepoTest.Delete_Fail","DisplayName":"Delete_Fail","ExecutorUri":"executor://NUnit3TestExecutor","Source":"C:\\Users\\VC\\Desktop\\mini_project\\EventManagementSolution\\EventManagementTest\\bin\\Debug\\net8.0\\fine-code-coverage\\build-output\\EventManagementTest.dll","CodeFilePath":null,"LineNumber":0,"Properties":[{"Key":{"Id":"NUnit.Seed","Label":"Seed","Category":"","Description":"","Attributes":0,"ValueType":"System.String"},"Value":"1715639813"}]},"Attachments":[],"Outcome":1,"ErrorMessage":null,"ErrorStackTrace":null,"DisplayName":"Delete_Fail","Messages":[],"ComputerName":"DB66JX3","Duration":"00:00:00.0115400","StartTime":"2024-06-03T04:54:32.4900053+00:00","EndTime":"2024-06-03T04:54:32.5015456+00:00","Properties":[{"Key":{"Id":"NUnit.Seed","Label":"Seed","Category":"","Description":"","Attributes":0,"ValueType":"System.String"},"Value":"1715639813"}]},{"TestCase":{"Id":"431f58e4-6115-d46d-e12f-309924b200df","FullyQualifiedName":"EventManagementTest.RepositoryTests.EventResponseRepoTest.Delete_Success","DisplayName":"Delete_Success","ExecutorUri":"executor://NUnit3TestExecutor","Source":"C:\\Users\\VC\\Desktop\\mini_project\\EventManagementSolution\\EventManagementTest\\bin\\Debug\\net8.0\\fine-code-coverage\\build-output\\EventManagementTest.dll","CodeFilePath":null,"LineNumber":0,"Properties":[{"Key":{"Id":"NUnit.Seed","Label":"Seed","Category":"","Description":"","Attributes":0,"ValueType":"System.String"},"Value":"1744612564"}]},"Attachments":[],"Outcome":1,"ErrorMessage":null,"ErrorStackTrace":null,"DisplayName":"Delete_Success","Messages":[],"ComputerName":"DB66JX3","Duration":"00:00:00.0011110","StartTime":"2024-06-03T04:54:32.5015823+00:00","EndTime":"2024-06-03T04:54:32.5026927+00:00","Properties":[{"Key":{"Id":"NUnit.Seed","Label":"Seed","Category":"","Description":"","Attributes":0,"ValueType":"System.String"},"Value":"1744612564"}]},{"TestCase":{"Id":"1c7ac9e3-ebdd-954e-80e9-0ed269af1897","FullyQualifiedName":"EventManagementTest.RepositoryTests.EventResponseRepoTest.Get_Fail","DisplayName":"Get_Fail","ExecutorUri":"executor://NUnit3TestExecutor","Source":"C:\\Users\\VC\\Desktop\\mini_project\\EventManagementSolution\\EventManagementTest\\bin\\Debug\\net8.0\\fine-code-coverage\\build-output\\EventManagementTest.dll","CodeFilePath":null,"LineNumber":0,"Properties":[{"Key":{"Id":"NUnit.Seed","Label":"Seed","Category":"","Description":"","Attributes":0,"ValueType":"System.String"},"Value":"903265317"}]},"Attachments":[],"Outcome":1,"ErrorMessage":null,"ErrorStackTrace":null,"DisplayName":"Get_Fail","Messages":[],"ComputerName":"DB66JX3","Duration":"00:00:00.0013790","StartTime":"2024-06-03T04:54:32.5027111+00:00","EndTime":"2024-06-03T04:54:32.5040902+00:00","Properties":[{"Key":{"Id":"NUnit.Seed","Label":"Seed","Category":"","Description":"","Attributes":0,"ValueType":"System.String"},"Value":"903265317"}]},{"TestCase":{"Id":"17e36ed9-c648-4a6d-bf70-55425a26eb11","FullyQualifiedName":"EventManagementTest.RepositoryTests.EventResponseRepoTest.Get_Success","DisplayName":"Get_Success","ExecutorUri":"executor://NUnit3TestExecutor","Source":"C:\\Users\\VC\\Desktop\\mini_project\\EventManagementSolution\\EventManagementTest\\bin\\Debug\\net8.0\\fine-code-coverage\\build-output\\EventManagementTest.dll","CodeFilePath":null,"LineNumber":0,"Properties":[{"Key":{"Id":"NUnit.Seed","Label":"Seed","Category":"","Description":"","Attributes":0,"ValueType":"System.String"},"Value":"1857779656"}]},"Attachments":[],"Outcome":1,"ErrorMessage":null,"ErrorStackTrace":null,"DisplayName":"Get_Success","Messages":[],"ComputerName":"DB66JX3","Duration":"00:00:00.0005740","StartTime":"2024-06-03T04:54:32.5041161+00:00","EndTime":"2024-06-03T04:54:32.5046901+00:00","Properties":[{"Key":{"Id":"NUnit.Seed","Label":"Seed","Category":"","Description":"","Attributes":0,"ValueType":"System.String"},"Value":"1857779656"}]},{"TestCase":{"Id":"aa8f8128-bc4a-4bcc-6fab-bc7c1cfb7733","FullyQualifiedName":"EventManagementTest.RepositoryTests.EventResponseRepoTest.GetAll_Fail","DisplayName":"GetAll_Fail","ExecutorUri":"executor://NUnit3TestExecutor","Source":"C:\\Users\\VC\\Desktop\\mini_project\\EventManagementSolution\\EventManagementTest\\bin\\Debug\\net8.0\\fine-code-coverage\\build-output\\EventManagementTest.dll","CodeFilePath":null,"LineNumber":0,"Properties":[{"Key":{"Id":"NUnit.Seed","Label":"Seed","Category":"","Description":"","Attributes":0,"ValueType":"System.String"},"Value":"1691356397"}]},"Attachments":[],"Outcome":2,"ErrorMessage":"  Expected: <empty>\r\n  But was:  < <EventManagementAPI.Models.EventResponse> >\r\n","ErrorStackTrace":"   at EventManagementTest.RepositoryTests.EventResponseRepoTest.GetAll_Fail() in C:\\Users\\VC\\Desktop\\mini_project\\EventManagementSolution\\EventManagementTest\\RepositoryTests\\EventResponseRepoTest.cs:line 85\r\n\n1)    at EventManagementTest.RepositoryTests.EventResponseRepoTest.GetAll_Fail() in C:\\Users\\VC\\Desktop\\mini_project\\EventManagementSolution\\EventManagementTest\\RepositoryTests\\EventResponseRepoTest.cs:line 85\r\n\n","DisplayName":"GetAll_Fail","Messages":[],"ComputerName":"DB66JX3","Duration":"00:00:00.0060050","StartTime":"2024-06-03T04:54:32.504707+00:00","EndTime":"2024-06-03T04:54:32.510711+00:00","Properties":[{"Key":{"Id":"NUnit.Seed","Label":"Seed","Category":"","Description":"","Attributes":0,"ValueType":"System.String"},"Value":"1691356397"}]},{"TestCase":{"Id":"298b0886-ee26-02ea-23c7-d7820dc3999a","FullyQualifiedName":"EventManagementTest.RepositoryTests.EventResponseRepoTest.GetAll_Success","DisplayName":"GetAll_Success","ExecutorUri":"executor://NUnit3TestExecutor","Source":"C:\\Users\\VC\\Desktop\\mini_project\\EventManagementSolution\\EventManagementTest\\bin\\Debug\\net8.0\\fine-code-coverage\\build-output\\EventManagementTest.dll","CodeFilePath":null,"LineNumber":0,"Properties":[{"Key":{"Id":"NUnit.Seed","Label":"Seed","Category":"","Description":"","Attributes":0,"ValueType":"System.String"},"Value":"1192216259"}]},"Attachments":[],"Outcome":2,"ErrorMessage":"  Expected: 2\r\n  But was:  1\r\n","ErrorStackTrace":"   at EventManagementTest.RepositoryTests.EventResponseRepoTest.GetAll_Success() in C:\\Users\\VC\\Desktop\\mini_project\\EventManagementSolution\\EventManagementTest\\RepositoryTests\\EventResponseRepoTest.cs:line 77\r\n\n1)    at EventManagementTest.RepositoryTests.EventResponseRepoTest.GetAll_Success() in C:\\Users\\VC\\Desktop\\mini_project\\EventManagementSolution\\EventManagementTest\\RepositoryTests\\EventResponseRepoTest.cs:line 77\r\n\n","DisplayName":"GetAll_Success","Messages":[],"ComputerName":"DB66JX3","Duration":"00:00:00.0021540","StartTime":"2024-06-03T04:54:32.5107454+00:00","EndTime":"2024-06-03T04:54:32.5128987+00:00","Properties":[{"Key":{"Id":"NUnit.Seed","Label":"Seed","Category":"","Description":"","Attributes":0,"ValueType":"System.String"},"Value":"1192216259"}]},{"TestCase":{"Id":"6d519405-ed86-db7b-1f82-7be1142d15b5","FullyQualifiedName":"EventManagementTest.RepositoryTests.EventResponseRepoTest.Update_Fail","DisplayName":"Update_Fail","ExecutorUri":"executor://NUnit3TestExecutor","Source":"C:\\Users\\VC\\Desktop\\mini_project\\EventManagementSolution\\EventManagementTest\\bin\\Debug\\net8.0\\fine-code-coverage\\build-output\\EventManagementTest.dll","CodeFilePath":null,"LineNumber":0,"Properties":[{"Key":{"Id":"NUnit.Seed","Label":"Seed","Category":"","Description":"","Attributes":0,"ValueType":"System.String"},"Value":"1705814168"}]},"Attachments":[],"Outcome":1,"ErrorMessage":null,"ErrorStackTrace":null,"DisplayName":"Update_Fail","Messages":[],"ComputerName":"DB66JX3","Duration":"00:00:00.0031220","StartTime":"2024-06-03T04:54:32.512931+00:00","EndTime":"2024-06-03T04:54:32.5160528+00:00","Properties":[{"Key":{"Id":"NUnit.Seed","Label":"Seed","Category":"","Description":"","Attributes":0,"ValueType":"System.String"},"Value":"1705814168"}]},{"TestCase":{"Id":"107c8bb8-dd37-9d7b-8df0-662bcac6a80c","FullyQualifiedName":"EventManagementTest.RepositoryTests.EventResponseRepoTest.Update_Success","DisplayName":"Update_Success","ExecutorUri":"executor://NUnit3TestExecutor","Source":"C:\\Users\\VC\\Desktop\\mini_project\\EventManagementSolution\\EventManagementTest\\bin\\Debug\\net8.0\\fine-code-coverage\\build-output\\EventManagementTest.dll","CodeFilePath":null,"LineNumber":0,"Properties":[{"Key":{"Id":"NUnit.Seed","Label":"Seed","Category":"","Description":"","Attributes":0,"ValueType":"System.String"},"Value":"1337466433"}]},"Attachments":[],"Outcome":2,"ErrorMessage":"  Expected string length 8 but was 11. Strings differ at index 0.\r\n  Expected: \"birthday\"\r\n  But was:  \"celebration\"\r\n  -----------^\r\n","ErrorStackTrace":"   at EventManagementTest.RepositoryTests.EventResponseRepoTest.Update_Success() in C:\\Users\\VC\\Desktop\\mini_project\\EventManagementSolution\\EventManagementTest\\RepositoryTests\\EventResponseRepoTest.cs:line 165\r\n\n1)    at EventManagementTest.RepositoryTests.EventResponseRepoTest.Update_Success() in C:\\Users\\VC\\Desktop\\mini_project\\EventManagementSolution\\EventManagementTest\\RepositoryTests\\EventResponseRepoTest.cs:line 165\r\n\n","DisplayName":"Update_Success","Messages":[],"ComputerName":"DB66JX3","Duration":"00:00:00.0017850","StartTime":"2024-06-03T04:54:32.5160816+00:00","EndTime":"2024-06-03T04:54:32.5178652+00:00","Properties":[{"Key":{"Id":"NUnit.Seed","Label":"Seed","Category":"","Description":"","Attributes":0,"ValueType":"System.String"},"Value":"1337466433"}]}],"TestRunStatistics":{"ExecutedTests":36,"Stats":{"Passed":23,"Failed":13}},"ActiveTests":[{"Id":"afec6daf-a04a-887b-f350-5d5b543334e7","FullyQualifiedName":"EventManagementTest.RepositoryTests.ScheduledEventRepoTest.Add_Success","DisplayName":"Add_Success","ExecutorUri":"executor://NUnit3TestExecutor","Source":"C:\\Users\\VC\\Desktop\\mini_project\\EventManagementSolution\\EventManagementTest\\bin\\Debug\\net8.0\\fine-code-coverage\\build-output\\EventManagementTest.dll","CodeFilePath":null,"LineNumber":0,"Properties":[{"Key":{"Id":"NUnit.Seed","Label":"Seed","Category":"","Description":"","Attributes":0,"ValueType":"System.String"},"Value":"2116987606"}]}]}}
TpTrace Verbose: 0 : 31192, 7, 2024/06/03, 10:24:32.544, 24209350944278, vstest.console.dll, TestRunRequest:SendTestRunStatsChange: Starting.
TpTrace Verbose: 0 : 31192, 7, 2024/06/03, 10:24:32.544, 24209350946733, vstest.console.dll, InProgress is Add_Success
TpTrace Verbose: 0 : 31192, 7, 2024/06/03, 10:24:32.544, 24209350947949, vstest.console.dll, MulticastDelegateUtilities.SafeInvoke: TestRun.RunStatsChanged: Invoking callbacks was skipped because there are no subscribers.
TpTrace Information: 0 : 31192, 7, 2024/06/03, 10:24:32.544, 24209350948448, vstest.console.dll, TestRunRequest:SendTestRunStatsChange: Completed.
TpTrace Verbose: 0 : 31192, 7, 2024/06/03, 10:24:32.544, 24209350949031, vstest.console.dll, MulticastDelegateUtilities.SafeInvoke: LengthPrefixCommunicationChannel: MessageReceived: Invoking callback 1/1 for Microsoft.VisualStudio.TestPlatform.CommunicationUtilities.TestRequestSender+<>c__DisplayClass34_0., took 2 ms.
TpTrace Verbose: 0 : 31192, 7, 2024/06/03, 10:24:32.545, 24209350949815, vstest.console.dll, TcpClientExtensions.MessageLoopAsync: Polling on remoteEndPoint: 127.0.0.1:54896 localEndPoint: 127.0.0.1:54895 after 58 ms
TpTrace Verbose: 0 : 31192, 4, 2024/06/03, 10:24:32.545, 24209350950940, vstest.console.dll, MulticastDelegateUtilities.SafeInvoke: InternalTestLoggerEvents.SendTestResult: Invoking callback 1/1 for Microsoft.VisualStudio.TestPlatform.CommandLine.Internal.ConsoleLogger., took 0 ms.
TpTrace Verbose: 0 : 31192, 4, 2024/06/03, 10:24:32.545, 24209350952304, vstest.console.dll, MulticastDelegateUtilities.SafeInvoke: InternalTestLoggerEvents.SendTestResult: Invoking callback 1/1 for Microsoft.VisualStudio.TestPlatform.CommandLine.Internal.ConsoleLogger., took 0 ms.
TpTrace Verbose: 0 : 31192, 4, 2024/06/03, 10:24:32.545, 24209350952850, vstest.console.dll, MulticastDelegateUtilities.SafeInvoke: InternalTestLoggerEvents.SendTestResult: Invoking callback 1/1 for Microsoft.VisualStudio.TestPlatform.CommandLine.Internal.ConsoleLogger., took 0 ms.
TpTrace Verbose: 0 : 31192, 4, 2024/06/03, 10:24:32.545, 24209350953429, vstest.console.dll, MulticastDelegateUtilities.SafeInvoke: InternalTestLoggerEvents.SendTestResult: Invoking callback 1/1 for Microsoft.VisualStudio.TestPlatform.CommandLine.Internal.ConsoleLogger., took 0 ms.
TpTrace Verbose: 0 : 31192, 4, 2024/06/03, 10:24:32.545, 24209350954053, vstest.console.dll, MulticastDelegateUtilities.SafeInvoke: InternalTestLoggerEvents.SendTestResult: Invoking callback 1/1 for Microsoft.VisualStudio.TestPlatform.CommandLine.Internal.ConsoleLogger., took 0 ms.
TpTrace Verbose: 0 : 31192, 4, 2024/06/03, 10:24:32.545, 24209350957233, vstest.console.dll, MulticastDelegateUtilities.SafeInvoke: InternalTestLoggerEvents.SendTestResult: Invoking callback 1/1 for Microsoft.VisualStudio.TestPlatform.CommandLine.Internal.ConsoleLogger., took 0 ms.
TpTrace Verbose: 0 : 31192, 4, 2024/06/03, 10:24:32.546, 24209350961779, vstest.console.dll, MulticastDelegateUtilities.SafeInvoke: InternalTestLoggerEvents.SendTestResult: Invoking callback 1/1 for Microsoft.VisualStudio.TestPlatform.CommandLine.Internal.ConsoleLogger., took 0 ms.
TpTrace Verbose: 0 : 31192, 4, 2024/06/03, 10:24:32.546, 24209350962926, vstest.console.dll, MulticastDelegateUtilities.SafeInvoke: InternalTestLoggerEvents.SendTestResult: Invoking callback 1/1 for Microsoft.VisualStudio.TestPlatform.CommandLine.Internal.ConsoleLogger., took 0 ms.
TpTrace Verbose: 0 : 31192, 4, 2024/06/03, 10:24:32.546, 24209350966483, vstest.console.dll, MulticastDelegateUtilities.SafeInvoke: InternalTestLoggerEvents.SendTestResult: Invoking callback 1/1 for Microsoft.VisualStudio.TestPlatform.CommandLine.Internal.ConsoleLogger., took 0 ms.
TpTrace Verbose: 0 : 31192, 7, 2024/06/03, 10:24:32.685, 24209352349611, vstest.console.dll, TcpClientExtensions.MessageLoopAsync: NotifyDataAvailable remoteEndPoint: 127.0.0.1:54896 localEndPoint: 127.0.0.1:54895
TpTrace Verbose: 0 : 31192, 7, 2024/06/03, 10:24:32.685, 24209352354820, vstest.console.dll, TestRequestSender.OnExecutionMessageReceived: Received message: {"Version":7,"MessageType":"TestExecution.StatsChange","Payload":{"NewTestResults":[{"TestCase":{"Id":"afec6daf-a04a-887b-f350-5d5b543334e7","FullyQualifiedName":"EventManagementTest.RepositoryTests.ScheduledEventRepoTest.Add_Success","DisplayName":"Add_Success","ExecutorUri":"executor://NUnit3TestExecutor","Source":"C:\\Users\\VC\\Desktop\\mini_project\\EventManagementSolution\\EventManagementTest\\bin\\Debug\\net8.0\\fine-code-coverage\\build-output\\EventManagementTest.dll","CodeFilePath":null,"LineNumber":0,"Properties":[{"Key":{"Id":"NUnit.Seed","Label":"Seed","Category":"","Description":"","Attributes":0,"ValueType":"System.String"},"Value":"2116987606"}]},"Attachments":[],"Outcome":1,"ErrorMessage":null,"ErrorStackTrace":null,"DisplayName":"Add_Success","Messages":[],"ComputerName":"DB66JX3","Duration":"00:00:00.0301940","StartTime":"2024-06-03T04:54:32.5189846+00:00","EndTime":"2024-06-03T04:54:32.5491795+00:00","Properties":[{"Key":{"Id":"NUnit.Seed","Label":"Seed","Category":"","Description":"","Attributes":0,"ValueType":"System.String"},"Value":"2116987606"}]},{"TestCase":{"Id":"84ebc549-40ad-edef-850c-d3a51fee17ec","FullyQualifiedName":"EventManagementTest.RepositoryTests.ScheduledEventRepoTest.Delete_Fail","DisplayName":"Delete_Fail","ExecutorUri":"executor://NUnit3TestExecutor","Source":"C:\\Users\\VC\\Desktop\\mini_project\\EventManagementSolution\\EventManagementTest\\bin\\Debug\\net8.0\\fine-code-coverage\\build-output\\EventManagementTest.dll","CodeFilePath":null,"LineNumber":0,"Properties":[{"Key":{"Id":"NUnit.Seed","Label":"Seed","Category":"","Description":"","Attributes":0,"ValueType":"System.String"},"Value":"2097887572"}]},"Attachments":[],"Outcome":1,"ErrorMessage":null,"ErrorStackTrace":null,"DisplayName":"Delete_Fail","Messages":[],"ComputerName":"DB66JX3","Duration":"00:00:00.0129050","StartTime":"2024-06-03T04:54:32.5492232+00:00","EndTime":"2024-06-03T04:54:32.5621275+00:00","Properties":[{"Key":{"Id":"NUnit.Seed","Label":"Seed","Category":"","Description":"","Attributes":0,"ValueType":"System.String"},"Value":"2097887572"}]},{"TestCase":{"Id":"d4e2d99d-539e-c323-89a0-6f56c3e437a2","FullyQualifiedName":"EventManagementTest.RepositoryTests.ScheduledEventRepoTest.Delete_Success","DisplayName":"Delete_Success","ExecutorUri":"executor://NUnit3TestExecutor","Source":"C:\\Users\\VC\\Desktop\\mini_project\\EventManagementSolution\\EventManagementTest\\bin\\Debug\\net8.0\\fine-code-coverage\\build-output\\EventManagementTest.dll","CodeFilePath":null,"LineNumber":0,"Properties":[{"Key":{"Id":"NUnit.Seed","Label":"Seed","Category":"","Description":"","Attributes":0,"ValueType":"System.String"},"Value":"1949949630"}]},"Attachments":[],"Outcome":1,"ErrorMessage":null,"ErrorStackTrace":null,"DisplayName":"Delete_Success","Messages":[],"ComputerName":"DB66JX3","Duration":"00:00:00.0011060","StartTime":"2024-06-03T04:54:32.56217+00:00","EndTime":"2024-06-03T04:54:32.5632763+00:00","Properties":[{"Key":{"Id":"NUnit.Seed","Label":"Seed","Category":"","Description":"","Attributes":0,"ValueType":"System.String"},"Value":"1949949630"}]},{"TestCase":{"Id":"1bb26dab-b580-a88c-31e0-05d10e06a850","FullyQualifiedName":"EventManagementTest.RepositoryTests.ScheduledEventRepoTest.Get_Fail","DisplayName":"Get_Fail","ExecutorUri":"executor://NUnit3TestExecutor","Source":"C:\\Users\\VC\\Desktop\\mini_project\\EventManagementSolution\\EventManagementTest\\bin\\Debug\\net8.0\\fine-code-coverage\\build-output\\EventManagementTest.dll","CodeFilePath":null,"LineNumber":0,"Properties":[{"Key":{"Id":"NUnit.Seed","Label":"Seed","Category":"","Description":"","Attributes":0,"ValueType":"System.String"},"Value":"1755958455"}]},"Attachments":[],"Outcome":1,"ErrorMessage":null,"ErrorStackTrace":null,"DisplayName":"Get_Fail","Messages":[],"ComputerName":"DB66JX3","Duration":"00:00:00.0015030","StartTime":"2024-06-03T04:54:32.563304+00:00","EndTime":"2024-06-03T04:54:32.5648066+00:00","Properties":[{"Key":{"Id":"NUnit.Seed","Label":"Seed","Category":"","Description":"","Attributes":0,"ValueType":"System.String"},"Value":"1755958455"}]},{"TestCase":{"Id":"b48d2e42-c171-2044-3f96-637e54d41958","FullyQualifiedName":"EventManagementTest.RepositoryTests.ScheduledEventRepoTest.Get_Success","DisplayName":"Get_Success","ExecutorUri":"executor://NUnit3TestExecutor","Source":"C:\\Users\\VC\\Desktop\\mini_project\\EventManagementSolution\\EventManagementTest\\bin\\Debug\\net8.0\\fine-code-coverage\\build-output\\EventManagementTest.dll","CodeFilePath":null,"LineNumber":0,"Properties":[{"Key":{"Id":"NUnit.Seed","Label":"Seed","Category":"","Description":"","Attributes":0,"ValueType":"System.String"},"Value":"1753951474"}]},"Attachments":[],"Outcome":1,"ErrorMessage":null,"ErrorStackTrace":null,"DisplayName":"Get_Success","Messages":[],"ComputerName":"DB66JX3","Duration":"00:00:00.0005260","StartTime":"2024-06-03T04:54:32.5648306+00:00","EndTime":"2024-06-03T04:54:32.565356+00:00","Properties":[{"Key":{"Id":"NUnit.Seed","Label":"Seed","Category":"","Description":"","Attributes":0,"ValueType":"System.String"},"Value":"1753951474"}]},{"TestCase":{"Id":"7f99d9b8-9f78-b7a0-6adf-22a6b832ab04","FullyQualifiedName":"EventManagementTest.RepositoryTests.ScheduledEventRepoTest.GetAll_Fail","DisplayName":"GetAll_Fail","ExecutorUri":"executor://NUnit3TestExecutor","Source":"C:\\Users\\VC\\Desktop\\mini_project\\EventManagementSolution\\EventManagementTest\\bin\\Debug\\net8.0\\fine-code-coverage\\build-output\\EventManagementTest.dll","CodeFilePath":null,"LineNumber":0,"Properties":[{"Key":{"Id":"NUnit.Seed","Label":"Seed","Category":"","Description":"","Attributes":0,"ValueType":"System.String"},"Value":"855078324"}]},"Attachments":[],"Outcome":2,"ErrorMessage":"  Expected: <empty>\r\n  But was:  < <EventManagementAPI.Models.ScheduledEvent> >\r\n","ErrorStackTrace":"   at EventManagementTest.RepositoryTests.ScheduledEventRepoTest.GetAll_Fail() in C:\\Users\\VC\\Desktop\\mini_project\\EventManagementSolution\\EventManagementTest\\RepositoryTests\\ScheduledEventRepoTest.cs:line 86\r\n\n1)    at EventManagementTest.RepositoryTests.ScheduledEventRepoTest.GetAll_Fail() in C:\\Users\\VC\\Desktop\\mini_project\\EventManagementSolution\\EventManagementTest\\RepositoryTests\\ScheduledEventRepoTest.cs:line 86\r\n\n","DisplayName":"GetAll_Fail","Messages":[],"ComputerName":"DB66JX3","Duration":"00:00:00.0054830","StartTime":"2024-06-03T04:54:32.5653733+00:00","EndTime":"2024-06-03T04:54:32.5708563+00:00","Properties":[{"Key":{"Id":"NUnit.Seed","Label":"Seed","Category":"","Description":"","Attributes":0,"ValueType":"System.String"},"Value":"855078324"}]},{"TestCase":{"Id":"76e36aa4-79be-82e6-1eff-d344b849548b","FullyQualifiedName":"EventManagementTest.RepositoryTests.ScheduledEventRepoTest.GetAll_Success","DisplayName":"GetAll_Success","ExecutorUri":"executor://NUnit3TestExecutor","Source":"C:\\Users\\VC\\Desktop\\mini_project\\EventManagementSolution\\EventManagementTest\\bin\\Debug\\net8.0\\fine-code-coverage\\build-output\\EventManagementTest.dll","CodeFilePath":null,"LineNumber":0,"Properties":[{"Key":{"Id":"NUnit.Seed","Label":"Seed","Category":"","Description":"","Attributes":0,"ValueType":"System.String"},"Value":"1798370455"}]},"Attachments":[],"Outcome":2,"ErrorMessage":"  Expected: 2\r\n  But was:  1\r\n","ErrorStackTrace":"   at EventManagementTest.RepositoryTests.ScheduledEventRepoTest.GetAll_Success() in C:\\Users\\VC\\Desktop\\mini_project\\EventManagementSolution\\EventManagementTest\\RepositoryTests\\ScheduledEventRepoTest.cs:line 78\r\n\n1)    at EventManagementTest.RepositoryTests.ScheduledEventRepoTest.GetAll_Success() in C:\\Users\\VC\\Desktop\\mini_project\\EventManagementSolution\\EventManagementTest\\RepositoryTests\\ScheduledEventRepoTest.cs:line 78\r\n\n","DisplayName":"GetAll_Success","Messages":[],"ComputerName":"DB66JX3","Duration":"00:00:00.0020410","StartTime":"2024-06-03T04:54:32.5708934+00:00","EndTime":"2024-06-03T04:54:32.5729334+00:00","Properties":[{"Key":{"Id":"NUnit.Seed","Label":"Seed","Category":"","Description":"","Attributes":0,"ValueType":"System.String"},"Value":"1798370455"}]},{"TestCase":{"Id":"f72c78b0-cd56-be1c-fd59-b347e6805aaa","FullyQualifiedName":"EventManagementTest.RepositoryTests.ScheduledEventRepoTest.GetScheduledEvent","DisplayName":"GetScheduledEvent","ExecutorUri":"executor://NUnit3TestExecutor","Source":"C:\\Users\\VC\\Desktop\\mini_project\\EventManagementSolution\\EventManagementTest\\bin\\Debug\\net8.0\\fine-code-coverage\\build-output\\EventManagementTest.dll","CodeFilePath":null,"LineNumber":0,"Properties":[{"Key":{"Id":"NUnit.Seed","Label":"Seed","Category":"","Description":"","Attributes":0,"ValueType":"System.String"},"Value":"1933486326"}]},"Attachments":[],"Outcome":2,"ErrorMessage":"  Expected: 0\r\n  But was:  1\r\n","ErrorStackTrace":"   at EventManagementTest.RepositoryTests.ScheduledEventRepoTest.GetScheduledEvent() in C:\\Users\\VC\\Desktop\\mini_project\\EventManagementSolution\\EventManagementTest\\RepositoryTests\\ScheduledEventRepoTest.cs:line 208\r\n\n1)    at EventManagementTest.RepositoryTests.ScheduledEventRepoTest.GetScheduledEvent() in C:\\Users\\VC\\Desktop\\mini_project\\EventManagementSolution\\EventManagementTest\\RepositoryTests\\ScheduledEventRepoTest.cs:line 208\r\n\n","DisplayName":"GetScheduledEvent","Messages":[],"ComputerName":"DB66JX3","Duration":"00:00:00.1028990","StartTime":"2024-06-03T04:54:32.572973+00:00","EndTime":"2024-06-03T04:54:32.6758717+00:00","Properties":[{"Key":{"Id":"NUnit.Seed","Label":"Seed","Category":"","Description":"","Attributes":0,"ValueType":"System.String"},"Value":"1933486326"}]},{"TestCase":{"Id":"95dac221-ce92-2d9b-1aa6-73f5c51ec6f4","FullyQualifiedName":"EventManagementTest.RepositoryTests.ScheduledEventRepoTest.Update_Fail","DisplayName":"Update_Fail","ExecutorUri":"executor://NUnit3TestExecutor","Source":"C:\\Users\\VC\\Desktop\\mini_project\\EventManagementSolution\\EventManagementTest\\bin\\Debug\\net8.0\\fine-code-coverage\\build-output\\EventManagementTest.dll","CodeFilePath":null,"LineNumber":0,"Properties":[{"Key":{"Id":"NUnit.Seed","Label":"Seed","Category":"","Description":"","Attributes":0,"ValueType":"System.String"},"Value":"716699736"}]},"Attachments":[],"Outcome":1,"ErrorMessage":null,"ErrorStackTrace":null,"DisplayName":"Update_Fail","Messages":[],"ComputerName":"DB66JX3","Duration":"00:00:00.0034110","StartTime":"2024-06-03T04:54:32.6759174+00:00","EndTime":"2024-06-03T04:54:32.679328+00:00","Properties":[{"Key":{"Id":"NUnit.Seed","Label":"Seed","Category":"","Description":"","Attributes":0,"ValueType":"System.String"},"Value":"716699736"}]}],"TestRunStatistics":{"ExecutedTests":45,"Stats":{"Passed":29,"Failed":16}},"ActiveTests":[{"Id":"716e655c-e2f9-506e-77e1-76838b098674","FullyQualifiedName":"EventManagementTest.RepositoryTests.ScheduledEventRepoTest.Update_Success","DisplayName":"Update_Success","ExecutorUri":"executor://NUnit3TestExecutor","Source":"C:\\Users\\VC\\Desktop\\mini_project\\EventManagementSolution\\EventManagementTest\\bin\\Debug\\net8.0\\fine-code-coverage\\build-output\\EventManagementTest.dll","CodeFilePath":null,"LineNumber":0,"Properties":[{"Key":{"Id":"NUnit.Seed","Label":"Seed","Category":"","Description":"","Attributes":0,"ValueType":"System.String"},"Value":"2019177518"}]}]}}
TpTrace Verbose: 0 : 31192, 7, 2024/06/03, 10:24:32.686, 24209352368096, vstest.console.dll, TestRunRequest:SendTestRunStatsChange: Starting.
TpTrace Verbose: 0 : 31192, 7, 2024/06/03, 10:24:32.686, 24209352369025, vstest.console.dll, InProgress is Update_Success
TpTrace Verbose: 0 : 31192, 7, 2024/06/03, 10:24:32.687, 24209352370026, vstest.console.dll, MulticastDelegateUtilities.SafeInvoke: TestRun.RunStatsChanged: Invoking callbacks was skipped because there are no subscribers.
TpTrace Information: 0 : 31192, 7, 2024/06/03, 10:24:32.687, 24209352370513, vstest.console.dll, TestRunRequest:SendTestRunStatsChange: Completed.
TpTrace Verbose: 0 : 31192, 4, 2024/06/03, 10:24:32.687, 24209352370746, vstest.console.dll, MulticastDelegateUtilities.SafeInvoke: InternalTestLoggerEvents.SendTestResult: Invoking callback 1/1 for Microsoft.VisualStudio.TestPlatform.CommandLine.Internal.ConsoleLogger., took 0 ms.
TpTrace Verbose: 0 : 31192, 7, 2024/06/03, 10:24:32.687, 24209352370977, vstest.console.dll, MulticastDelegateUtilities.SafeInvoke: LengthPrefixCommunicationChannel: MessageReceived: Invoking callback 1/1 for Microsoft.VisualStudio.TestPlatform.CommunicationUtilities.TestRequestSender+<>c__DisplayClass34_0., took 1 ms.
TpTrace Verbose: 0 : 31192, 4, 2024/06/03, 10:24:32.687, 24209352371983, vstest.console.dll, MulticastDelegateUtilities.SafeInvoke: InternalTestLoggerEvents.SendTestResult: Invoking callback 1/1 for Microsoft.VisualStudio.TestPlatform.CommandLine.Internal.ConsoleLogger., took 0 ms.
TpTrace Verbose: 0 : 31192, 7, 2024/06/03, 10:24:32.687, 24209352372468, vstest.console.dll, TcpClientExtensions.MessageLoopAsync: Polling on remoteEndPoint: 127.0.0.1:54896 localEndPoint: 127.0.0.1:54895 after 142 ms
TpTrace Verbose: 0 : 31192, 4, 2024/06/03, 10:24:32.687, 24209352373237, vstest.console.dll, MulticastDelegateUtilities.SafeInvoke: InternalTestLoggerEvents.SendTestResult: Invoking callback 1/1 for Microsoft.VisualStudio.TestPlatform.CommandLine.Internal.ConsoleLogger., took 0 ms.
TpTrace Verbose: 0 : 31192, 4, 2024/06/03, 10:24:32.687, 24209352374018, vstest.console.dll, MulticastDelegateUtilities.SafeInvoke: InternalTestLoggerEvents.SendTestResult: Invoking callback 1/1 for Microsoft.VisualStudio.TestPlatform.CommandLine.Internal.ConsoleLogger., took 0 ms.
TpTrace Verbose: 0 : 31192, 4, 2024/06/03, 10:24:32.687, 24209352374599, vstest.console.dll, MulticastDelegateUtilities.SafeInvoke: InternalTestLoggerEvents.SendTestResult: Invoking callback 1/1 for Microsoft.VisualStudio.TestPlatform.CommandLine.Internal.ConsoleLogger., took 0 ms.
TpTrace Verbose: 0 : 31192, 4, 2024/06/03, 10:24:32.687, 24209352377951, vstest.console.dll, MulticastDelegateUtilities.SafeInvoke: InternalTestLoggerEvents.SendTestResult: Invoking callback 1/1 for Microsoft.VisualStudio.TestPlatform.CommandLine.Internal.ConsoleLogger., took 0 ms.
TpTrace Verbose: 0 : 31192, 4, 2024/06/03, 10:24:32.688, 24209352381641, vstest.console.dll, MulticastDelegateUtilities.SafeInvoke: InternalTestLoggerEvents.SendTestResult: Invoking callback 1/1 for Microsoft.VisualStudio.TestPlatform.CommandLine.Internal.ConsoleLogger., took 0 ms.
TpTrace Verbose: 0 : 31192, 4, 2024/06/03, 10:24:32.688, 24209352385138, vstest.console.dll, MulticastDelegateUtilities.SafeInvoke: InternalTestLoggerEvents.SendTestResult: Invoking callback 1/1 for Microsoft.VisualStudio.TestPlatform.CommandLine.Internal.ConsoleLogger., took 0 ms.
TpTrace Verbose: 0 : 31192, 4, 2024/06/03, 10:24:32.688, 24209352385984, vstest.console.dll, MulticastDelegateUtilities.SafeInvoke: InternalTestLoggerEvents.SendTestResult: Invoking callback 1/1 for Microsoft.VisualStudio.TestPlatform.CommandLine.Internal.ConsoleLogger., took 0 ms.
TpTrace Verbose: 0 : 31192, 7, 2024/06/03, 10:24:32.764, 24209353148460, vstest.console.dll, TcpClientExtensions.MessageLoopAsync: NotifyDataAvailable remoteEndPoint: 127.0.0.1:54896 localEndPoint: 127.0.0.1:54895
TpTrace Verbose: 0 : 31192, 7, 2024/06/03, 10:24:32.765, 24209353156984, vstest.console.dll, TestRequestSender.OnExecutionMessageReceived: Received message: {"Version":7,"MessageType":"TestExecution.StatsChange","Payload":{"NewTestResults":[{"TestCase":{"Id":"716e655c-e2f9-506e-77e1-76838b098674","FullyQualifiedName":"EventManagementTest.RepositoryTests.ScheduledEventRepoTest.Update_Success","DisplayName":"Update_Success","ExecutorUri":"executor://NUnit3TestExecutor","Source":"C:\\Users\\VC\\Desktop\\mini_project\\EventManagementSolution\\EventManagementTest\\bin\\Debug\\net8.0\\fine-code-coverage\\build-output\\EventManagementTest.dll","CodeFilePath":null,"LineNumber":0,"Properties":[{"Key":{"Id":"NUnit.Seed","Label":"Seed","Category":"","Description":"","Attributes":0,"ValueType":"System.String"},"Value":"2019177518"}]},"Attachments":[],"Outcome":2,"ErrorMessage":"  Expected: False\r\n  But was:  True\r\n","ErrorStackTrace":"   at EventManagementTest.RepositoryTests.ScheduledEventRepoTest.Update_Success() in C:\\Users\\VC\\Desktop\\mini_project\\EventManagementSolution\\EventManagementTest\\RepositoryTests\\ScheduledEventRepoTest.cs:line 166\r\n\n1)    at EventManagementTest.RepositoryTests.ScheduledEventRepoTest.Update_Success() in C:\\Users\\VC\\Desktop\\mini_project\\EventManagementSolution\\EventManagementTest\\RepositoryTests\\ScheduledEventRepoTest.cs:line 166\r\n\n","DisplayName":"Update_Success","Messages":[],"ComputerName":"DB66JX3","Duration":"00:00:00.0060280","StartTime":"2024-06-03T04:54:32.6793686+00:00","EndTime":"2024-06-03T04:54:32.6853964+00:00","Properties":[{"Key":{"Id":"NUnit.Seed","Label":"Seed","Category":"","Description":"","Attributes":0,"ValueType":"System.String"},"Value":"2019177518"}]},{"TestCase":{"Id":"d2eca06a-3b92-85eb-f412-11162413e00b","FullyQualifiedName":"EventManagementTest.RepositoryTests.userProfileRepoTest.Add_Success","DisplayName":"Add_Success","ExecutorUri":"executor://NUnit3TestExecutor","Source":"C:\\Users\\VC\\Desktop\\mini_project\\EventManagementSolution\\EventManagementTest\\bin\\Debug\\net8.0\\fine-code-coverage\\build-output\\EventManagementTest.dll","CodeFilePath":null,"LineNumber":0,"Properties":[{"Key":{"Id":"NUnit.Seed","Label":"Seed","Category":"","Description":"","Attributes":0,"ValueType":"System.String"},"Value":"957176939"}]},"Attachments":[],"Outcome":1,"ErrorMessage":null,"ErrorStackTrace":null,"DisplayName":"Add_Success","Messages":[],"ComputerName":"DB66JX3","Duration":"00:00:00.0152470","StartTime":"2024-06-03T04:54:32.6864386+00:00","EndTime":"2024-06-03T04:54:32.701685+00:00","Properties":[{"Key":{"Id":"NUnit.Seed","Label":"Seed","Category":"","Description":"","Attributes":0,"ValueType":"System.String"},"Value":"957176939"}]},{"TestCase":{"Id":"63bd0a3c-1d3e-c370-c18a-e14e5b4537f6","FullyQualifiedName":"EventManagementTest.RepositoryTests.userProfileRepoTest.Delete_Fail","DisplayName":"Delete_Fail","ExecutorUri":"executor://NUnit3TestExecutor","Source":"C:\\Users\\VC\\Desktop\\mini_project\\EventManagementSolution\\EventManagementTest\\bin\\Debug\\net8.0\\fine-code-coverage\\build-output\\EventManagementTest.dll","CodeFilePath":null,"LineNumber":0,"Properties":[{"Key":{"Id":"NUnit.Seed","Label":"Seed","Category":"","Description":"","Attributes":0,"ValueType":"System.String"},"Value":"215280831"}]},"Attachments":[],"Outcome":1,"ErrorMessage":null,"ErrorStackTrace":null,"DisplayName":"Delete_Fail","Messages":[],"ComputerName":"DB66JX3","Duration":"00:00:00.0113060","StartTime":"2024-06-03T04:54:32.7017255+00:00","EndTime":"2024-06-03T04:54:32.7130306+00:00","Properties":[{"Key":{"Id":"NUnit.Seed","Label":"Seed","Category":"","Description":"","Attributes":0,"ValueType":"System.String"},"Value":"215280831"}]},{"TestCase":{"Id":"7f9fda44-400a-164a-8cc5-9b8678ccc0bd","FullyQualifiedName":"EventManagementTest.RepositoryTests.userProfileRepoTest.Delete_Success","DisplayName":"Delete_Success","ExecutorUri":"executor://NUnit3TestExecutor","Source":"C:\\Users\\VC\\Desktop\\mini_project\\EventManagementSolution\\EventManagementTest\\bin\\Debug\\net8.0\\fine-code-coverage\\build-output\\EventManagementTest.dll","CodeFilePath":null,"LineNumber":0,"Properties":[{"Key":{"Id":"NUnit.Seed","Label":"Seed","Category":"","Description":"","Attributes":0,"ValueType":"System.String"},"Value":"794847942"}]},"Attachments":[],"Outcome":2,"ErrorMessage":"System.InvalidOperationException : The instance of entity type 'UserProfile' cannot be tracked because another instance with the same key value for {'Id'} is already being tracked. When attaching existing entities, ensure that only one entity instance with a given key value is attached. Consider using 'DbContextOptionsBuilder.EnableSensitiveDataLogging' to see the conflicting key values.","ErrorStackTrace":"   at Microsoft.EntityFrameworkCore.ChangeTracking.Internal.IdentityMap`1.ThrowIdentityConflict(InternalEntityEntry entry)\r\n   at Microsoft.EntityFrameworkCore.ChangeTracking.Internal.IdentityMap`1.Add(TKey key, InternalEntityEntry entry, Boolean updateDuplicate)\r\n   at Microsoft.EntityFrameworkCore.ChangeTracking.Internal.IdentityMap`1.Add(TKey key, InternalEntityEntry entry)\r\n   at Microsoft.EntityFrameworkCore.ChangeTracking.Internal.IdentityMap`1.Add(InternalEntityEntry entry)\r\n   at Microsoft.EntityFrameworkCore.ChangeTracking.Internal.StateManager.StartTracking(InternalEntityEntry entry)\r\n   at Microsoft.EntityFrameworkCore.ChangeTracking.Internal.InternalEntityEntry.SetEntityState(EntityState oldState, EntityState newState, Boolean acceptChanges, Boolean modifyProperties)\r\n   at Microsoft.EntityFrameworkCore.ChangeTracking.Internal.InternalEntityEntry.SetEntityState(EntityState entityState, Boolean acceptChanges, Boolean modifyProperties, Nullable`1 forceStateWhenUnknownKey)\r\n   at Microsoft.EntityFrameworkCore.ChangeTracking.Internal.EntityGraphAttacher.PaintAction(EntityEntryGraphNode`1 node)\r\n   at Microsoft.EntityFrameworkCore.ChangeTracking.Internal.EntityEntryGraphIterator.TraverseGraph[TState](EntityEntryGraphNode`1 node, Func`2 handleNode)\r\n   at Microsoft.EntityFrameworkCore.ChangeTracking.Internal.EntityGraphAttacher.AttachGraph(InternalEntityEntry rootEntry, EntityState targetState, EntityState storeGeneratedWithKeySetTargetState, Boolean forceStateWhenUnknownKey)\r\n   at Microsoft.EntityFrameworkCore.DbContext.SetEntityState(InternalEntityEntry entry, EntityState entityState)\r\n   at Microsoft.EntityFrameworkCore.DbContext.SetEntityState[TEntity](TEntity entity, EntityState entityState)\r\n   at Microsoft.EntityFrameworkCore.DbContext.Add[TEntity](TEntity entity)\r\n   at EventManagementAPI.Repositories.UserProfileRepository.Add(UserProfile item) in C:\\Users\\VC\\Desktop\\mini_project\\EventManagementSolution\\EventManagementAPI\\Repositories\\UserProfileRepository.cs:line 18\r\n   at EventManagementTest.RepositoryTests.userProfileRepoTest.Delete_Success() in C:\\Users\\VC\\Desktop\\mini_project\\EventManagementSolution\\EventManagementTest\\RepositoryTests\\userProfileRepoTest.cs:line 61\r\n   at NUnit.Framework.Internal.TaskAwaitAdapter.GenericAdapter`1.GetResult()\r\n   at NUnit.Framework.Internal.AsyncToSyncAdapter.Await(Func`1 invoke)\r\n   at NUnit.Framework.Internal.Commands.TestMethodCommand.RunTestMethod(TestExecutionContext context)\r\n   at NUnit.Framework.Internal.Commands.TestMethodCommand.Execute(TestExecutionContext context)\r\n   at NUnit.Framework.Internal.Execution.SimpleWorkItem.<>c__DisplayClass4_0.<PerformWork>b__0()\r\n   at NUnit.Framework.Internal.ContextUtils.<>c__DisplayClass1_0`1.<DoIsolated>b__0(Object _)\r\n   at System.Threading.ExecutionContext.RunInternal(ExecutionContext executionContext, ContextCallback callback, Object state)\r\n--- End of stack trace from previous location ---\r\n   at System.Threading.ExecutionContext.RunInternal(ExecutionContext executionContext, ContextCallback callback, Object state)\r\n   at NUnit.Framework.Internal.ContextUtils.DoIsolated(ContextCallback callback, Object state)\r\n   at NUnit.Framework.Internal.ContextUtils.DoIsolated[T](Func`1 func)\r\n   at NUnit.Framework.Internal.Execution.SimpleWorkItem.PerformWork()\n","DisplayName":"Delete_Success","Messages":[],"ComputerName":"DB66JX3","Duration":"00:00:00.0028360","StartTime":"2024-06-03T04:54:32.7130827+00:00","EndTime":"2024-06-03T04:54:32.7159179+00:00","Properties":[{"Key":{"Id":"NUnit.Seed","Label":"Seed","Category":"","Description":"","Attributes":0,"ValueType":"System.String"},"Value":"794847942"}]},{"TestCase":{"Id":"c39c33c8-2491-47df-4cd0-cb02b1fb8c0f","FullyQualifiedName":"EventManagementTest.RepositoryTests.userProfileRepoTest.Get_Fail","DisplayName":"Get_Fail","ExecutorUri":"executor://NUnit3TestExecutor","Source":"C:\\Users\\VC\\Desktop\\mini_project\\EventManagementSolution\\EventManagementTest\\bin\\Debug\\net8.0\\fine-code-coverage\\build-output\\EventManagementTest.dll","CodeFilePath":null,"LineNumber":0,"Properties":[{"Key":{"Id":"NUnit.Seed","Label":"Seed","Category":"","Description":"","Attributes":0,"ValueType":"System.String"},"Value":"576857837"}]},"Attachments":[],"Outcome":1,"ErrorMessage":null,"ErrorStackTrace":null,"DisplayName":"Get_Fail","Messages":[],"ComputerName":"DB66JX3","Duration":"00:00:00.0013140","StartTime":"2024-06-03T04:54:32.7159553+00:00","EndTime":"2024-06-03T04:54:32.7172696+00:00","Properties":[{"Key":{"Id":"NUnit.Seed","Label":"Seed","Category":"","Description":"","Attributes":0,"ValueType":"System.String"},"Value":"576857837"}]},{"TestCase":{"Id":"ddd304a1-33da-2084-3063-aa795fd41e90","FullyQualifiedName":"EventManagementTest.RepositoryTests.userProfileRepoTest.Get_Success","DisplayName":"Get_Success","ExecutorUri":"executor://NUnit3TestExecutor","Source":"C:\\Users\\VC\\Desktop\\mini_project\\EventManagementSolution\\EventManagementTest\\bin\\Debug\\net8.0\\fine-code-coverage\\build-output\\EventManagementTest.dll","CodeFilePath":null,"LineNumber":0,"Properties":[{"Key":{"Id":"NUnit.Seed","Label":"Seed","Category":"","Description":"","Attributes":0,"ValueType":"System.String"},"Value":"877789179"}]},"Attachments":[],"Outcome":2,"ErrorMessage":"System.ArgumentException : An item with the same key has already been added. Key: 102","ErrorStackTrace":"   at System.Collections.Generic.Dictionary`2.TryInsert(TKey key, TValue value, InsertionBehavior behavior)\r\n   at System.Collections.Generic.Dictionary`2.Add(TKey key, TValue value)\r\n   at Microsoft.EntityFrameworkCore.InMemory.Storage.Internal.InMemoryTable`1.Create(IUpdateEntry entry)\r\n   at Microsoft.EntityFrameworkCore.InMemory.Storage.Internal.InMemoryStore.ExecuteTransaction(IList`1 entries, IDiagnosticsLogger`1 updateLogger)\r\n   at Microsoft.EntityFrameworkCore.InMemory.Storage.Internal.InMemoryDatabase.SaveChangesAsync(IList`1 entries, CancellationToken cancellationToken)\r\n   at Microsoft.EntityFrameworkCore.ChangeTracking.Internal.StateManager.SaveChangesAsync(IList`1 entriesToSave, CancellationToken cancellationToken)\r\n   at Microsoft.EntityFrameworkCore.ChangeTracking.Internal.StateManager.SaveChangesAsync(StateManager stateManager, Boolean acceptAllChangesOnSuccess, CancellationToken cancellationToken)\r\n   at Microsoft.EntityFrameworkCore.DbContext.SaveChangesAsync(Boolean acceptAllChangesOnSuccess, CancellationToken cancellationToken)\r\n   at Microsoft.EntityFrameworkCore.DbContext.SaveChangesAsync(Boolean acceptAllChangesOnSuccess, CancellationToken cancellationToken)\r\n   at EventManagementAPI.Repositories.UserProfileRepository.Add(UserProfile item) in C:\\Users\\VC\\Desktop\\mini_project\\EventManagementSolution\\EventManagementAPI\\Repositories\\UserProfileRepository.cs:line 19\r\n   at EventManagementTest.RepositoryTests.userProfileRepoTest.Get_Success() in C:\\Users\\VC\\Desktop\\mini_project\\EventManagementSolution\\EventManagementTest\\RepositoryTests\\userProfileRepoTest.cs:line 96\r\n   at NUnit.Framework.Internal.TaskAwaitAdapter.GenericAdapter`1.GetResult()\r\n   at NUnit.Framework.Internal.AsyncToSyncAdapter.Await(Func`1 invoke)\r\n   at NUnit.Framework.Internal.Commands.TestMethodCommand.RunTestMethod(TestExecutionContext context)\r\n   at NUnit.Framework.Internal.Commands.TestMethodCommand.Execute(TestExecutionContext context)\r\n   at NUnit.Framework.Internal.Execution.SimpleWorkItem.<>c__DisplayClass4_0.<PerformWork>b__0()\r\n   at NUnit.Framework.Internal.ContextUtils.<>c__DisplayClass1_0`1.<DoIsolated>b__0(Object _)\r\n   at System.Threading.ExecutionContext.RunInternal(ExecutionContext executionContext, ContextCallback callback, Object state)\r\n--- End of stack trace from previous location ---\r\n   at System.Threading.ExecutionContext.RunInternal(ExecutionContext executionContext, ContextCallback callback, Object state)\r\n   at NUnit.Framework.Internal.ContextUtils.DoIsolated(ContextCallback callback, Object state)\r\n   at NUnit.Framework.Internal.ContextUtils.DoIsolated[T](Func`1 func)\r\n   at NUnit.Framework.Internal.Execution.SimpleWorkItem.PerformWork()\n","DisplayName":"Get_Success","Messages":[],"ComputerName":"DB66JX3","Duration":"00:00:00.0028690","StartTime":"2024-06-03T04:54:32.7173049+00:00","EndTime":"2024-06-03T04:54:32.7201728+00:00","Properties":[{"Key":{"Id":"NUnit.Seed","Label":"Seed","Category":"","Description":"","Attributes":0,"ValueType":"System.String"},"Value":"877789179"}]},{"TestCase":{"Id":"85737a07-041d-2d53-5cff-e7cb686cd19f","FullyQualifiedName":"EventManagementTest.RepositoryTests.userProfileRepoTest.GetAll_Fail","DisplayName":"GetAll_Fail","ExecutorUri":"executor://NUnit3TestExecutor","Source":"C:\\Users\\VC\\Desktop\\mini_project\\EventManagementSolution\\EventManagementTest\\bin\\Debug\\net8.0\\fine-code-coverage\\build-output\\EventManagementTest.dll","CodeFilePath":null,"LineNumber":0,"Properties":[{"Key":{"Id":"NUnit.Seed","Label":"Seed","Category":"","Description":"","Attributes":0,"ValueType":"System.String"},"Value":"1607782539"}]},"Attachments":[],"Outcome":2,"ErrorMessage":"  Expected: <empty>\r\n  But was:  < <EventManagementAPI.Models.UserProfile> >\r\n","ErrorStackTrace":"   at EventManagementTest.RepositoryTests.userProfileRepoTest.GetAll_Fail() in C:\\Users\\VC\\Desktop\\mini_project\\EventManagementSolution\\EventManagementTest\\RepositoryTests\\userProfileRepoTest.cs:line 141\r\n   at NUnit.Framework.Internal.TaskAwaitAdapter.GenericAdapter`1.GetResult()\r\n   at NUnit.Framework.Internal.AsyncToSyncAdapter.Await(Func`1 invoke)\r\n   at NUnit.Framework.Internal.Commands.TestMethodCommand.RunTestMethod(TestExecutionContext context)\r\n   at NUnit.Framework.Internal.Commands.TestMethodCommand.Execute(TestExecutionContext context)\r\n   at NUnit.Framework.Internal.Execution.SimpleWorkItem.<>c__DisplayClass4_0.<PerformWork>b__0()\r\n   at NUnit.Framework.Internal.ContextUtils.<>c__DisplayClass1_0`1.<DoIsolated>b__0(Object _)\r\n\n1)    at EventManagementTest.RepositoryTests.userProfileRepoTest.GetAll_Fail() in C:\\Users\\VC\\Desktop\\mini_project\\EventManagementSolution\\EventManagementTest\\RepositoryTests\\userProfileRepoTest.cs:line 141\r\n   at System.Runtime.CompilerServices.AsyncMethodBuilderCore.Start[TStateMachine](TStateMachine& stateMachine)\r\n   at EventManagementTest.RepositoryTests.userProfileRepoTest.GetAll_Fail()\r\n\n","DisplayName":"GetAll_Fail","Messages":[],"ComputerName":"DB66JX3","Duration":"00:00:00.0104060","StartTime":"2024-06-03T04:54:32.7202559+00:00","EndTime":"2024-06-03T04:54:32.730662+00:00","Properties":[{"Key":{"Id":"NUnit.Seed","Label":"Seed","Category":"","Description":"","Attributes":0,"ValueType":"System.String"},"Value":"1607782539"}]},{"TestCase":{"Id":"63999365-44ed-d1ab-5869-abeee2d0f11e","FullyQualifiedName":"EventManagementTest.RepositoryTests.userProfileRepoTest.GetAll_Success","DisplayName":"GetAll_Success","ExecutorUri":"executor://NUnit3TestExecutor","Source":"C:\\Users\\VC\\Desktop\\mini_project\\EventManagementSolution\\EventManagementTest\\bin\\Debug\\net8.0\\fine-code-coverage\\build-output\\EventManagementTest.dll","CodeFilePath":null,"LineNumber":0,"Properties":[{"Key":{"Id":"NUnit.Seed","Label":"Seed","Category":"","Description":"","Attributes":0,"ValueType":"System.String"},"Value":"520017758"}]},"Attachments":[],"Outcome":2,"ErrorMessage":"System.InvalidOperationException : The instance of entity type 'UserProfile' cannot be tracked because another instance with the same key value for {'Id'} is already being tracked. When attaching existing entities, ensure that only one entity instance with a given key value is attached. Consider using 'DbContextOptionsBuilder.EnableSensitiveDataLogging' to see the conflicting key values.","ErrorStackTrace":"   at Microsoft.EntityFrameworkCore.ChangeTracking.Internal.IdentityMap`1.ThrowIdentityConflict(InternalEntityEntry entry)\r\n   at Microsoft.EntityFrameworkCore.ChangeTracking.Internal.IdentityMap`1.Add(TKey key, InternalEntityEntry entry, Boolean updateDuplicate)\r\n   at Microsoft.EntityFrameworkCore.ChangeTracking.Internal.IdentityMap`1.Add(TKey key, InternalEntityEntry entry)\r\n   at Microsoft.EntityFrameworkCore.ChangeTracking.Internal.IdentityMap`1.Add(InternalEntityEntry entry)\r\n   at Microsoft.EntityFrameworkCore.ChangeTracking.Internal.StateManager.StartTracking(InternalEntityEntry entry)\r\n   at Microsoft.EntityFrameworkCore.ChangeTracking.Internal.InternalEntityEntry.SetEntityState(EntityState oldState, EntityState newState, Boolean acceptChanges, Boolean modifyProperties)\r\n   at Microsoft.EntityFrameworkCore.ChangeTracking.Internal.InternalEntityEntry.SetEntityState(EntityState entityState, Boolean acceptChanges, Boolean modifyProperties, Nullable`1 forceStateWhenUnknownKey)\r\n   at Microsoft.EntityFrameworkCore.ChangeTracking.Internal.EntityGraphAttacher.PaintAction(EntityEntryGraphNode`1 node)\r\n   at Microsoft.EntityFrameworkCore.ChangeTracking.Internal.EntityEntryGraphIterator.TraverseGraph[TState](EntityEntryGraphNode`1 node, Func`2 handleNode)\r\n   at Microsoft.EntityFrameworkCore.ChangeTracking.Internal.EntityGraphAttacher.AttachGraph(InternalEntityEntry rootEntry, EntityState targetState, EntityState storeGeneratedWithKeySetTargetState, Boolean forceStateWhenUnknownKey)\r\n   at Microsoft.EntityFrameworkCore.DbContext.SetEntityState(InternalEntityEntry entry, EntityState entityState)\r\n   at Microsoft.EntityFrameworkCore.DbContext.SetEntityState[TEntity](TEntity entity, EntityState entityState)\r\n   at Microsoft.EntityFrameworkCore.DbContext.Add[TEntity](TEntity entity)\r\n   at EventManagementAPI.Repositories.UserProfileRepository.Add(UserProfile item) in C:\\Users\\VC\\Desktop\\mini_project\\EventManagementSolution\\EventManagementAPI\\Repositories\\UserProfileRepository.cs:line 18\r\n   at EventManagementTest.RepositoryTests.userProfileRepoTest.GetAll_Success() in C:\\Users\\VC\\Desktop\\mini_project\\EventManagementSolution\\EventManagementTest\\RepositoryTests\\userProfileRepoTest.cs:line 126\r\n   at NUnit.Framework.Internal.TaskAwaitAdapter.GenericAdapter`1.GetResult()\r\n   at NUnit.Framework.Internal.AsyncToSyncAdapter.Await(Func`1 invoke)\r\n   at NUnit.Framework.Internal.Commands.TestMethodCommand.RunTestMethod(TestExecutionContext context)\r\n   at NUnit.Framework.Internal.Commands.TestMethodCommand.Execute(TestExecutionContext context)\r\n   at NUnit.Framework.Internal.Execution.SimpleWorkItem.<>c__DisplayClass4_0.<PerformWork>b__0()\r\n   at NUnit.Framework.Internal.ContextUtils.<>c__DisplayClass1_0`1.<DoIsolated>b__0(Object _)\r\n   at System.Threading.ExecutionContext.RunInternal(ExecutionContext executionContext, ContextCallback callback, Object state)\r\n--- End of stack trace from previous location ---\r\n   at System.Threading.ExecutionContext.RunInternal(ExecutionContext executionContext, ContextCallback callback, Object state)\r\n   at NUnit.Framework.Internal.ContextUtils.DoIsolated(ContextCallback callback, Object state)\r\n   at NUnit.Framework.Internal.ContextUtils.DoIsolated[T](Func`1 func)\r\n   at NUnit.Framework.Internal.Execution.SimpleWorkItem.PerformWork()\n","DisplayName":"GetAll_Success","Messages":[],"ComputerName":"DB66JX3","Duration":"00:00:00.0014139","StartTime":"2024-06-03T04:54:32.7306942+00:00","EndTime":"2024-06-03T04:54:32.7321077+00:00","Properties":[{"Key":{"Id":"NUnit.Seed","Label":"Seed","Category":"","Description":"","Attributes":0,"ValueType":"System.String"},"Value":"520017758"}]},{"TestCase":{"Id":"8a3c5167-270b-3ec4-e3ac-d42de1f7ae27","FullyQualifiedName":"EventManagementTest.RepositoryTests.userProfileRepoTest.Update_Fail","DisplayName":"Update_Fail","ExecutorUri":"executor://NUnit3TestExecutor","Source":"C:\\Users\\VC\\Desktop\\mini_project\\EventManagementSolution\\EventManagementTest\\bin\\Debug\\net8.0\\fine-code-coverage\\build-output\\EventManagementTest.dll","CodeFilePath":null,"LineNumber":0,"Properties":[{"Key":{"Id":"NUnit.Seed","Label":"Seed","Category":"","Description":"","Attributes":0,"ValueType":"System.String"},"Value":"831916396"}]},"Attachments":[],"Outcome":1,"ErrorMessage":null,"ErrorStackTrace":null,"DisplayName":"Update_Fail","Messages":[],"ComputerName":"DB66JX3","Duration":"00:00:00.0018230","StartTime":"2024-06-03T04:54:32.7321353+00:00","EndTime":"2024-06-03T04:54:32.733957+00:00","Properties":[{"Key":{"Id":"NUnit.Seed","Label":"Seed","Category":"","Description":"","Attributes":0,"ValueType":"System.String"},"Value":"831916396"}]}],"TestRunStatistics":{"ExecutedTests":54,"Stats":{"Passed":33,"Failed":21}},"ActiveTests":[{"Id":"6ac2ffea-9ea5-c225-27c9-e49857dab069","FullyQualifiedName":"EventManagementTest.RepositoryTests.userProfileRepoTest.Update_Success","DisplayName":"Update_Success","ExecutorUri":"executor://NUnit3TestExecutor","Source":"C:\\Users\\VC\\Desktop\\mini_project\\EventManagementSolution\\EventManagementTest\\bin\\Debug\\net8.0\\fine-code-coverage\\build-output\\EventManagementTest.dll","CodeFilePath":null,"LineNumber":0,"Properties":[{"Key":{"Id":"NUnit.Seed","Label":"Seed","Category":"","Description":"","Attributes":0,"ValueType":"System.String"},"Value":"818713557"}]}]}}
TpTrace Verbose: 0 : 31192, 7, 2024/06/03, 10:24:32.768, 24209353184545, vstest.console.dll, TestRunRequest:SendTestRunStatsChange: Starting.
TpTrace Verbose: 0 : 31192, 7, 2024/06/03, 10:24:32.768, 24209353185965, vstest.console.dll, InProgress is Update_Success
TpTrace Verbose: 0 : 31192, 7, 2024/06/03, 10:24:32.768, 24209353187004, vstest.console.dll, MulticastDelegateUtilities.SafeInvoke: TestRun.RunStatsChanged: Invoking callbacks was skipped because there are no subscribers.
TpTrace Information: 0 : 31192, 7, 2024/06/03, 10:24:32.768, 24209353187518, vstest.console.dll, TestRunRequest:SendTestRunStatsChange: Completed.
TpTrace Verbose: 0 : 31192, 7, 2024/06/03, 10:24:32.768, 24209353188002, vstest.console.dll, MulticastDelegateUtilities.SafeInvoke: LengthPrefixCommunicationChannel: MessageReceived: Invoking callback 1/1 for Microsoft.VisualStudio.TestPlatform.CommunicationUtilities.TestRequestSender+<>c__DisplayClass34_0., took 3 ms.
TpTrace Verbose: 0 : 31192, 7, 2024/06/03, 10:24:32.768, 24209353188515, vstest.console.dll, TcpClientExtensions.MessageLoopAsync: Polling on remoteEndPoint: 127.0.0.1:54896 localEndPoint: 127.0.0.1:54895 after 81 ms
TpTrace Verbose: 0 : 31192, 4, 2024/06/03, 10:24:32.769, 24209353190685, vstest.console.dll, MulticastDelegateUtilities.SafeInvoke: InternalTestLoggerEvents.SendTestResult: Invoking callback 1/1 for Microsoft.VisualStudio.TestPlatform.CommandLine.Internal.ConsoleLogger., took 0 ms.
TpTrace Verbose: 0 : 31192, 4, 2024/06/03, 10:24:32.769, 24209353191961, vstest.console.dll, MulticastDelegateUtilities.SafeInvoke: InternalTestLoggerEvents.SendTestResult: Invoking callback 1/1 for Microsoft.VisualStudio.TestPlatform.CommandLine.Internal.ConsoleLogger., took 0 ms.
TpTrace Verbose: 0 : 31192, 4, 2024/06/03, 10:24:32.769, 24209353192678, vstest.console.dll, MulticastDelegateUtilities.SafeInvoke: InternalTestLoggerEvents.SendTestResult: Invoking callback 1/1 for Microsoft.VisualStudio.TestPlatform.CommandLine.Internal.ConsoleLogger., took 0 ms.
TpTrace Verbose: 0 : 31192, 4, 2024/06/03, 10:24:32.769, 24209353196025, vstest.console.dll, MulticastDelegateUtilities.SafeInvoke: InternalTestLoggerEvents.SendTestResult: Invoking callback 1/1 for Microsoft.VisualStudio.TestPlatform.CommandLine.Internal.ConsoleLogger., took 0 ms.
TpTrace Verbose: 0 : 31192, 4, 2024/06/03, 10:24:32.769, 24209353196812, vstest.console.dll, MulticastDelegateUtilities.SafeInvoke: InternalTestLoggerEvents.SendTestResult: Invoking callback 1/1 for Microsoft.VisualStudio.TestPlatform.CommandLine.Internal.ConsoleLogger., took 0 ms.
TpTrace Verbose: 0 : 31192, 4, 2024/06/03, 10:24:32.770, 24209353203964, vstest.console.dll, MulticastDelegateUtilities.SafeInvoke: InternalTestLoggerEvents.SendTestResult: Invoking callback 1/1 for Microsoft.VisualStudio.TestPlatform.CommandLine.Internal.ConsoleLogger., took 0 ms.
TpTrace Verbose: 0 : 31192, 4, 2024/06/03, 10:24:32.770, 24209353208487, vstest.console.dll, MulticastDelegateUtilities.SafeInvoke: InternalTestLoggerEvents.SendTestResult: Invoking callback 1/1 for Microsoft.VisualStudio.TestPlatform.CommandLine.Internal.ConsoleLogger., took 0 ms.
TpTrace Verbose: 0 : 31192, 4, 2024/06/03, 10:24:32.772, 24209353222641, vstest.console.dll, MulticastDelegateUtilities.SafeInvoke: InternalTestLoggerEvents.SendTestResult: Invoking callback 1/1 for Microsoft.VisualStudio.TestPlatform.CommandLine.Internal.ConsoleLogger., took 1 ms.
TpTrace Verbose: 0 : 31192, 4, 2024/06/03, 10:24:32.772, 24209353224315, vstest.console.dll, MulticastDelegateUtilities.SafeInvoke: InternalTestLoggerEvents.SendTestResult: Invoking callback 1/1 for Microsoft.VisualStudio.TestPlatform.CommandLine.Internal.ConsoleLogger., took 0 ms.
TpTrace Verbose: 0 : 31192, 7, 2024/06/03, 10:24:32.815, 24209353658660, vstest.console.dll, TcpClientExtensions.MessageLoopAsync: NotifyDataAvailable remoteEndPoint: 127.0.0.1:54896 localEndPoint: 127.0.0.1:54895
TpTrace Verbose: 0 : 31192, 7, 2024/06/03, 10:24:32.816, 24209353665860, vstest.console.dll, TestRequestSender.OnExecutionMessageReceived: Received message: {"Version":7,"MessageType":"TestExecution.StatsChange","Payload":{"NewTestResults":[{"TestCase":{"Id":"6ac2ffea-9ea5-c225-27c9-e49857dab069","FullyQualifiedName":"EventManagementTest.RepositoryTests.userProfileRepoTest.Update_Success","DisplayName":"Update_Success","ExecutorUri":"executor://NUnit3TestExecutor","Source":"C:\\Users\\VC\\Desktop\\mini_project\\EventManagementSolution\\EventManagementTest\\bin\\Debug\\net8.0\\fine-code-coverage\\build-output\\EventManagementTest.dll","CodeFilePath":null,"LineNumber":0,"Properties":[{"Key":{"Id":"NUnit.Seed","Label":"Seed","Category":"","Description":"","Attributes":0,"ValueType":"System.String"},"Value":"818713557"}]},"Attachments":[],"Outcome":2,"ErrorMessage":"System.AggregateException : One or more errors occurred. (No such User Exists)\r\n  ----> EventManagementAPI.Exceptions.NoSuchUserException : No such User Exists","ErrorStackTrace":"   at System.Threading.Tasks.Task.ThrowIfExceptional(Boolean includeTaskCanceledExceptions)\r\n   at System.Threading.Tasks.Task`1.GetResultCore(Boolean waitCompletionNotification)\r\n   at EventManagementTest.RepositoryTests.userProfileRepoTest.Update_Success() in C:\\Users\\VC\\Desktop\\mini_project\\EventManagementSolution\\EventManagementTest\\RepositoryTests\\userProfileRepoTest.cs:line 156\r\n   at NUnit.Framework.Internal.TaskAwaitAdapter.GenericAdapter`1.GetResult()\r\n   at NUnit.Framework.Internal.AsyncToSyncAdapter.Await(Func`1 invoke)\r\n   at NUnit.Framework.Internal.Commands.TestMethodCommand.RunTestMethod(TestExecutionContext context)\r\n   at NUnit.Framework.Internal.Commands.TestMethodCommand.Execute(TestExecutionContext context)\r\n   at NUnit.Framework.Internal.Execution.SimpleWorkItem.<>c__DisplayClass4_0.<PerformWork>b__0()\r\n   at NUnit.Framework.Internal.ContextUtils.<>c__DisplayClass1_0`1.<DoIsolated>b__0(Object _)\r\n   at System.Threading.ExecutionContext.RunInternal(ExecutionContext executionContext, ContextCallback callback, Object state)\r\n--- End of stack trace from previous location ---\r\n   at System.Threading.ExecutionContext.RunInternal(ExecutionContext executionContext, ContextCallback callback, Object state)\r\n   at NUnit.Framework.Internal.ContextUtils.DoIsolated(ContextCallback callback, Object state)\r\n   at NUnit.Framework.Internal.ContextUtils.DoIsolated[T](Func`1 func)\r\n   at NUnit.Framework.Internal.Execution.SimpleWorkItem.PerformWork()\r\n--NoSuchUserException\r\n   at EventManagementAPI.Repositories.UserProfileRepository.Update(UserProfile item) in C:\\Users\\VC\\Desktop\\mini_project\\EventManagementSolution\\EventManagementAPI\\Repositories\\UserProfileRepository.cs:line 56\n","DisplayName":"Update_Success","Messages":[],"ComputerName":"DB66JX3","Duration":"00:00:00.0019490","StartTime":"2024-06-03T04:54:32.7339944+00:00","EndTime":"2024-06-03T04:54:32.7359427+00:00","Properties":[{"Key":{"Id":"NUnit.Seed","Label":"Seed","Category":"","Description":"","Attributes":0,"ValueType":"System.String"},"Value":"818713557"}]},{"TestCase":{"Id":"c5b71a93-3f42-e121-398b-376e9e9be284","FullyQualifiedName":"EventManagementTest.RepositoryTests.UserRepoTest.Add_Success","DisplayName":"Add_Success","ExecutorUri":"executor://NUnit3TestExecutor","Source":"C:\\Users\\VC\\Desktop\\mini_project\\EventManagementSolution\\EventManagementTest\\bin\\Debug\\net8.0\\fine-code-coverage\\build-output\\EventManagementTest.dll","CodeFilePath":null,"LineNumber":0,"Properties":[{"Key":{"Id":"NUnit.Seed","Label":"Seed","Category":"","Description":"","Attributes":0,"ValueType":"System.String"},"Value":"547087074"}]},"Attachments":[],"Outcome":1,"ErrorMessage":null,"ErrorStackTrace":null,"DisplayName":"Add_Success","Messages":[],"ComputerName":"DB66JX3","Duration":"00:00:00.0183590","StartTime":"2024-06-03T04:54:32.7376988+00:00","EndTime":"2024-06-03T04:54:32.7560566+00:00","Properties":[{"Key":{"Id":"NUnit.Seed","Label":"Seed","Category":"","Description":"","Attributes":0,"ValueType":"System.String"},"Value":"547087074"}]},{"TestCase":{"Id":"0a8e6f83-e648-507d-5e09-392d644a8fde","FullyQualifiedName":"EventManagementTest.RepositoryTests.UserRepoTest.Delete_Fail","DisplayName":"Delete_Fail","ExecutorUri":"executor://NUnit3TestExecutor","Source":"C:\\Users\\VC\\Desktop\\mini_project\\EventManagementSolution\\EventManagementTest\\bin\\Debug\\net8.0\\fine-code-coverage\\build-output\\EventManagementTest.dll","CodeFilePath":null,"LineNumber":0,"Properties":[{"Key":{"Id":"NUnit.Seed","Label":"Seed","Category":"","Description":"","Attributes":0,"ValueType":"System.String"},"Value":"220794473"}]},"Attachments":[],"Outcome":1,"ErrorMessage":null,"ErrorStackTrace":null,"DisplayName":"Delete_Fail","Messages":[],"ComputerName":"DB66JX3","Duration":"00:00:00.0189210","StartTime":"2024-06-03T04:54:32.7571172+00:00","EndTime":"2024-06-03T04:54:32.7760383+00:00","Properties":[{"Key":{"Id":"NUnit.Seed","Label":"Seed","Category":"","Description":"","Attributes":0,"ValueType":"System.String"},"Value":"220794473"}]},{"TestCase":{"Id":"9860161b-acf6-8021-4d00-766930630e81","FullyQualifiedName":"EventManagementTest.RepositoryTests.UserRepoTest.Delete_Success","DisplayName":"Delete_Success","ExecutorUri":"executor://NUnit3TestExecutor","Source":"C:\\Users\\VC\\Desktop\\mini_project\\EventManagementSolution\\EventManagementTest\\bin\\Debug\\net8.0\\fine-code-coverage\\build-output\\EventManagementTest.dll","CodeFilePath":null,"LineNumber":0,"Properties":[{"Key":{"Id":"NUnit.Seed","Label":"Seed","Category":"","Description":"","Attributes":0,"ValueType":"System.String"},"Value":"182744240"}]},"Attachments":[],"Outcome":1,"ErrorMessage":null,"ErrorStackTrace":null,"DisplayName":"Delete_Success","Messages":[],"ComputerName":"DB66JX3","Duration":"00:00:00.0118300","StartTime":"2024-06-03T04:54:32.7761136+00:00","EndTime":"2024-06-03T04:54:32.7879432+00:00","Properties":[{"Key":{"Id":"NUnit.Seed","Label":"Seed","Category":"","Description":"","Attributes":0,"ValueType":"System.String"},"Value":"182744240"}]},{"TestCase":{"Id":"1c04c275-2cae-004b-64f2-d0ab623ee18c","FullyQualifiedName":"EventManagementTest.RepositoryTests.UserRepoTest.Get_Fail","DisplayName":"Get_Fail","ExecutorUri":"executor://NUnit3TestExecutor","Source":"C:\\Users\\VC\\Desktop\\mini_project\\EventManagementSolution\\EventManagementTest\\bin\\Debug\\net8.0\\fine-code-coverage\\build-output\\EventManagementTest.dll","CodeFilePath":null,"LineNumber":0,"Properties":[{"Key":{"Id":"NUnit.Seed","Label":"Seed","Category":"","Description":"","Attributes":0,"ValueType":"System.String"},"Value":"2029122009"}]},"Attachments":[],"Outcome":1,"ErrorMessage":null,"ErrorStackTrace":null,"DisplayName":"Get_Fail","Messages":[],"ComputerName":"DB66JX3","Duration":"00:00:00.0009220","StartTime":"2024-06-03T04:54:32.7879914+00:00","EndTime":"2024-06-03T04:54:32.7889132+00:00","Properties":[{"Key":{"Id":"NUnit.Seed","Label":"Seed","Category":"","Description":"","Attributes":0,"ValueType":"System.String"},"Value":"2029122009"}]},{"TestCase":{"Id":"50617576-52b4-b5db-4eef-f5c645e68721","FullyQualifiedName":"EventManagementTest.RepositoryTests.UserRepoTest.Get_Success","DisplayName":"Get_Success","ExecutorUri":"executor://NUnit3TestExecutor","Source":"C:\\Users\\VC\\Desktop\\mini_project\\EventManagementSolution\\EventManagementTest\\bin\\Debug\\net8.0\\fine-code-coverage\\build-output\\EventManagementTest.dll","CodeFilePath":null,"LineNumber":0,"Properties":[{"Key":{"Id":"NUnit.Seed","Label":"Seed","Category":"","Description":"","Attributes":0,"ValueType":"System.String"},"Value":"2021611053"}]},"Attachments":[],"Outcome":1,"ErrorMessage":null,"ErrorStackTrace":null,"DisplayName":"Get_Success","Messages":[],"ComputerName":"DB66JX3","Duration":"00:00:00.0016390","StartTime":"2024-06-03T04:54:32.7889389+00:00","EndTime":"2024-06-03T04:54:32.7905775+00:00","Properties":[{"Key":{"Id":"NUnit.Seed","Label":"Seed","Category":"","Description":"","Attributes":0,"ValueType":"System.String"},"Value":"2021611053"}]},{"TestCase":{"Id":"24824a3e-1161-1f42-5fae-5a8779432aba","FullyQualifiedName":"EventManagementTest.RepositoryTests.UserRepoTest.GetAll_Fail","DisplayName":"GetAll_Fail","ExecutorUri":"executor://NUnit3TestExecutor","Source":"C:\\Users\\VC\\Desktop\\mini_project\\EventManagementSolution\\EventManagementTest\\bin\\Debug\\net8.0\\fine-code-coverage\\build-output\\EventManagementTest.dll","CodeFilePath":null,"LineNumber":0,"Properties":[{"Key":{"Id":"NUnit.Seed","Label":"Seed","Category":"","Description":"","Attributes":0,"ValueType":"System.String"},"Value":"447548256"}]},"Attachments":[],"Outcome":2,"ErrorMessage":"  Expected: <empty>\r\n  But was:  < <EventManagementAPI.Models.User>, <EventManagementAPI.Models.User> >\r\n","ErrorStackTrace":"   at EventManagementTest.RepositoryTests.UserRepoTest.GetAll_Fail() in C:\\Users\\VC\\Desktop\\mini_project\\EventManagementSolution\\EventManagementTest\\RepositoryTests\\UserRepoTest.cs:line 140\r\n   at NUnit.Framework.Internal.TaskAwaitAdapter.GenericAdapter`1.GetResult()\r\n   at NUnit.Framework.Internal.AsyncToSyncAdapter.Await(Func`1 invoke)\r\n   at NUnit.Framework.Internal.Commands.TestMethodCommand.RunTestMethod(TestExecutionContext context)\r\n   at NUnit.Framework.Internal.Commands.TestMethodCommand.Execute(TestExecutionContext context)\r\n   at NUnit.Framework.Internal.Execution.SimpleWorkItem.<>c__DisplayClass4_0.<PerformWork>b__0()\r\n   at NUnit.Framework.Internal.ContextUtils.<>c__DisplayClass1_0`1.<DoIsolated>b__0(Object _)\r\n\n1)    at EventManagementTest.RepositoryTests.UserRepoTest.GetAll_Fail() in C:\\Users\\VC\\Desktop\\mini_project\\EventManagementSolution\\EventManagementTest\\RepositoryTests\\UserRepoTest.cs:line 140\r\n   at System.Runtime.CompilerServices.AsyncMethodBuilderCore.Start[TStateMachine](TStateMachine& stateMachine)\r\n   at EventManagementTest.RepositoryTests.UserRepoTest.GetAll_Fail()\r\n\n","DisplayName":"GetAll_Fail","Messages":[],"ComputerName":"DB66JX3","Duration":"00:00:00.0104950","StartTime":"2024-06-03T04:54:32.7906031+00:00","EndTime":"2024-06-03T04:54:32.8010855+00:00","Properties":[{"Key":{"Id":"NUnit.Seed","Label":"Seed","Category":"","Description":"","Attributes":0,"ValueType":"System.String"},"Value":"447548256"}]},{"TestCase":{"Id":"b6c51180-0a35-1226-cff5-6d27325556cf","FullyQualifiedName":"EventManagementTest.RepositoryTests.UserRepoTest.GetAll_Success","DisplayName":"GetAll_Success","ExecutorUri":"executor://NUnit3TestExecutor","Source":"C:\\Users\\VC\\Desktop\\mini_project\\EventManagementSolution\\EventManagementTest\\bin\\Debug\\net8.0\\fine-code-coverage\\build-output\\EventManagementTest.dll","CodeFilePath":null,"LineNumber":0,"Properties":[{"Key":{"Id":"NUnit.Seed","Label":"Seed","Category":"","Description":"","Attributes":0,"ValueType":"System.String"},"Value":"920998033"}]},"Attachments":[],"Outcome":2,"ErrorMessage":"System.AggregateException : One or more errors occurred. (The instance of entity type 'User' cannot be tracked because another instance with the same key value for {'UserProfileId'} is already being tracked. When attaching existing entities, ensure that only one entity instance with a given key value is attached. Consider using 'DbContextOptionsBuilder.EnableSensitiveDataLogging' to see the conflicting key values.)\r\n  ----> System.InvalidOperationException : The instance of entity type 'User' cannot be tracked because another instance with the same key value for {'UserProfileId'} is already being tracked. When attaching existing entities, ensure that only one entity instance with a given key value is attached. Consider using 'DbContextOptionsBuilder.EnableSensitiveDataLogging' to see the conflicting key values.","ErrorStackTrace":"   at System.Threading.Tasks.Task.ThrowIfExceptional(Boolean includeTaskCanceledExceptions)\r\n   at System.Threading.Tasks.Task`1.GetResultCore(Boolean waitCompletionNotification)\r\n   at EventManagementTest.RepositoryTests.UserRepoTest.GetAll_Success() in C:\\Users\\VC\\Desktop\\mini_project\\EventManagementSolution\\EventManagementTest\\RepositoryTests\\UserRepoTest.cs:line 121\r\n   at NUnit.Framework.Internal.TaskAwaitAdapter.GenericAdapter`1.GetResult()\r\n   at NUnit.Framework.Internal.AsyncToSyncAdapter.Await(Func`1 invoke)\r\n   at NUnit.Framework.Internal.Commands.TestMethodCommand.RunTestMethod(TestExecutionContext context)\r\n   at NUnit.Framework.Internal.Commands.TestMethodCommand.Execute(TestExecutionContext context)\r\n   at NUnit.Framework.Internal.Execution.SimpleWorkItem.<>c__DisplayClass4_0.<PerformWork>b__0()\r\n   at NUnit.Framework.Internal.ContextUtils.<>c__DisplayClass1_0`1.<DoIsolated>b__0(Object _)\r\n   at System.Threading.ExecutionContext.RunInternal(ExecutionContext executionContext, ContextCallback callback, Object state)\r\n--- End of stack trace from previous location ---\r\n   at System.Threading.ExecutionContext.RunInternal(ExecutionContext executionContext, ContextCallback callback, Object state)\r\n   at NUnit.Framework.Internal.ContextUtils.DoIsolated(ContextCallback callback, Object state)\r\n   at NUnit.Framework.Internal.ContextUtils.DoIsolated[T](Func`1 func)\r\n   at NUnit.Framework.Internal.Execution.SimpleWorkItem.PerformWork()\r\n--InvalidOperationException\r\n   at Microsoft.EntityFrameworkCore.ChangeTracking.Internal.IdentityMap`1.ThrowIdentityConflict(InternalEntityEntry entry)\r\n   at Microsoft.EntityFrameworkCore.ChangeTracking.Internal.IdentityMap`1.Add(TKey key, InternalEntityEntry entry, Boolean updateDuplicate)\r\n   at Microsoft.EntityFrameworkCore.ChangeTracking.Internal.IdentityMap`1.Add(TKey key, InternalEntityEntry entry)\r\n   at Microsoft.EntityFrameworkCore.ChangeTracking.Internal.IdentityMap`1.Add(InternalEntityEntry entry)\r\n   at Microsoft.EntityFrameworkCore.ChangeTracking.Internal.StateManager.StartTracking(InternalEntityEntry entry)\r\n   at Microsoft.EntityFrameworkCore.ChangeTracking.Internal.InternalEntityEntry.SetEntityState(EntityState oldState, EntityState newState, Boolean acceptChanges, Boolean modifyProperties)\r\n   at Microsoft.EntityFrameworkCore.ChangeTracking.Internal.InternalEntityEntry.SetEntityState(EntityState entityState, Boolean acceptChanges, Boolean modifyProperties, Nullable`1 forceStateWhenUnknownKey)\r\n   at Microsoft.EntityFrameworkCore.ChangeTracking.Internal.EntityGraphAttacher.PaintAction(EntityEntryGraphNode`1 node)\r\n   at Microsoft.EntityFrameworkCore.ChangeTracking.Internal.EntityEntryGraphIterator.TraverseGraph[TState](EntityEntryGraphNode`1 node, Func`2 handleNode)\r\n   at Microsoft.EntityFrameworkCore.ChangeTracking.Internal.EntityGraphAttacher.AttachGraph(InternalEntityEntry rootEntry, EntityState targetState, EntityState storeGeneratedWithKeySetTargetState, Boolean forceStateWhenUnknownKey)\r\n   at Microsoft.EntityFrameworkCore.DbContext.SetEntityState(InternalEntityEntry entry, EntityState entityState)\r\n   at Microsoft.EntityFrameworkCore.DbContext.SetEntityState[TEntity](TEntity entity, EntityState entityState)\r\n   at Microsoft.EntityFrameworkCore.DbContext.Add[TEntity](TEntity entity)\r\n   at EventManagementAPI.Repositories.UserRepository.Add(User item) in C:\\Users\\VC\\Desktop\\mini_project\\EventManagementSolution\\EventManagementAPI\\Repositories\\UserRepository.cs:line 19\n","DisplayName":"GetAll_Success","Messages":[],"ComputerName":"DB66JX3","Duration":"00:00:00.0023249","StartTime":"2024-06-03T04:54:32.8012561+00:00","EndTime":"2024-06-03T04:54:32.8035799+00:00","Properties":[{"Key":{"Id":"NUnit.Seed","Label":"Seed","Category":"","Description":"","Attributes":0,"ValueType":"System.String"},"Value":"920998033"}]},{"TestCase":{"Id":"ee5a1ca4-0e51-b2a4-5b42-24db7a6be755","FullyQualifiedName":"EventManagementTest.RepositoryTests.UserRepoTest.Update_Fail","DisplayName":"Update_Fail","ExecutorUri":"executor://NUnit3TestExecutor","Source":"C:\\Users\\VC\\Desktop\\mini_project\\EventManagementSolution\\EventManagementTest\\bin\\Debug\\net8.0\\fine-code-coverage\\build-output\\EventManagementTest.dll","CodeFilePath":null,"LineNumber":0,"Properties":[{"Key":{"Id":"NUnit.Seed","Label":"Seed","Category":"","Description":"","Attributes":0,"ValueType":"System.String"},"Value":"44429528"}]},"Attachments":[],"Outcome":1,"ErrorMessage":null,"ErrorStackTrace":null,"DisplayName":"Update_Fail","Messages":[],"ComputerName":"DB66JX3","Duration":"00:00:00.0029420","StartTime":"2024-06-03T04:54:32.8036293+00:00","EndTime":"2024-06-03T04:54:32.8065708+00:00","Properties":[{"Key":{"Id":"NUnit.Seed","Label":"Seed","Category":"","Description":"","Attributes":0,"ValueType":"System.String"},"Value":"44429528"}]}],"TestRunStatistics":{"ExecutedTests":63,"Stats":{"Passed":39,"Failed":24}},"ActiveTests":[{"Id":"3c31dcd5-c074-15a2-2702-d8c59ae0665a","FullyQualifiedName":"EventManagementTest.RepositoryTests.UserRepoTest.Update_Success","DisplayName":"Update_Success","ExecutorUri":"executor://NUnit3TestExecutor","Source":"C:\\Users\\VC\\Desktop\\mini_project\\EventManagementSolution\\EventManagementTest\\bin\\Debug\\net8.0\\fine-code-coverage\\build-output\\EventManagementTest.dll","CodeFilePath":null,"LineNumber":0,"Properties":[{"Key":{"Id":"NUnit.Seed","Label":"Seed","Category":"","Description":"","Attributes":0,"ValueType":"System.String"},"Value":"442373836"}]}]}}
TpTrace Verbose: 0 : 31192, 7, 2024/06/03, 10:24:32.818, 24209353687463, vstest.console.dll, TestRunRequest:SendTestRunStatsChange: Starting.
TpTrace Verbose: 0 : 31192, 7, 2024/06/03, 10:24:32.818, 24209353688858, vstest.console.dll, InProgress is Update_Success
TpTrace Verbose: 0 : 31192, 7, 2024/06/03, 10:24:32.819, 24209353691623, vstest.console.dll, MulticastDelegateUtilities.SafeInvoke: TestRun.RunStatsChanged: Invoking callbacks was skipped because there are no subscribers.
TpTrace Information: 0 : 31192, 7, 2024/06/03, 10:24:32.819, 24209353692622, vstest.console.dll, TestRunRequest:SendTestRunStatsChange: Completed.
TpTrace Verbose: 0 : 31192, 7, 2024/06/03, 10:24:32.819, 24209353693176, vstest.console.dll, MulticastDelegateUtilities.SafeInvoke: LengthPrefixCommunicationChannel: MessageReceived: Invoking callback 1/1 for Microsoft.VisualStudio.TestPlatform.CommunicationUtilities.TestRequestSender+<>c__DisplayClass34_0., took 2 ms.
TpTrace Verbose: 0 : 31192, 7, 2024/06/03, 10:24:32.819, 24209353693726, vstest.console.dll, TcpClientExtensions.MessageLoopAsync: Polling on remoteEndPoint: 127.0.0.1:54896 localEndPoint: 127.0.0.1:54895 after 50 ms
TpTrace Verbose: 0 : 31192, 4, 2024/06/03, 10:24:32.819, 24209353695436, vstest.console.dll, MulticastDelegateUtilities.SafeInvoke: InternalTestLoggerEvents.SendTestResult: Invoking callback 1/1 for Microsoft.VisualStudio.TestPlatform.CommandLine.Internal.ConsoleLogger., took 0 ms.
TpTrace Verbose: 0 : 31192, 4, 2024/06/03, 10:24:32.819, 24209353696726, vstest.console.dll, MulticastDelegateUtilities.SafeInvoke: InternalTestLoggerEvents.SendTestResult: Invoking callback 1/1 for Microsoft.VisualStudio.TestPlatform.CommandLine.Internal.ConsoleLogger., took 0 ms.
TpTrace Verbose: 0 : 31192, 4, 2024/06/03, 10:24:32.819, 24209353697398, vstest.console.dll, MulticastDelegateUtilities.SafeInvoke: InternalTestLoggerEvents.SendTestResult: Invoking callback 1/1 for Microsoft.VisualStudio.TestPlatform.CommandLine.Internal.ConsoleLogger., took 0 ms.
TpTrace Verbose: 0 : 31192, 4, 2024/06/03, 10:24:32.819, 24209353698285, vstest.console.dll, MulticastDelegateUtilities.SafeInvoke: InternalTestLoggerEvents.SendTestResult: Invoking callback 1/1 for Microsoft.VisualStudio.TestPlatform.CommandLine.Internal.ConsoleLogger., took 0 ms.
TpTrace Verbose: 0 : 31192, 4, 2024/06/03, 10:24:32.820, 24209353700111, vstest.console.dll, MulticastDelegateUtilities.SafeInvoke: InternalTestLoggerEvents.SendTestResult: Invoking callback 1/1 for Microsoft.VisualStudio.TestPlatform.CommandLine.Internal.ConsoleLogger., took 0 ms.
TpTrace Verbose: 0 : 31192, 4, 2024/06/03, 10:24:32.820, 24209353702193, vstest.console.dll, MulticastDelegateUtilities.SafeInvoke: InternalTestLoggerEvents.SendTestResult: Invoking callback 1/1 for Microsoft.VisualStudio.TestPlatform.CommandLine.Internal.ConsoleLogger., took 0 ms.
TpTrace Verbose: 0 : 31192, 4, 2024/06/03, 10:24:32.820, 24209353706009, vstest.console.dll, MulticastDelegateUtilities.SafeInvoke: InternalTestLoggerEvents.SendTestResult: Invoking callback 1/1 for Microsoft.VisualStudio.TestPlatform.CommandLine.Internal.ConsoleLogger., took 0 ms.
TpTrace Verbose: 0 : 31192, 4, 2024/06/03, 10:24:32.828, 24209353787687, vstest.console.dll, MulticastDelegateUtilities.SafeInvoke: InternalTestLoggerEvents.SendTestResult: Invoking callback 1/1 for Microsoft.VisualStudio.TestPlatform.CommandLine.Internal.ConsoleLogger., took 7 ms.
TpTrace Verbose: 0 : 31192, 4, 2024/06/03, 10:24:32.829, 24209353790652, vstest.console.dll, MulticastDelegateUtilities.SafeInvoke: InternalTestLoggerEvents.SendTestResult: Invoking callback 1/1 for Microsoft.VisualStudio.TestPlatform.CommandLine.Internal.ConsoleLogger., took 0 ms.
TpTrace Verbose: 0 : 31192, 7, 2024/06/03, 10:24:32.988, 24209355385873, vstest.console.dll, TcpClientExtensions.MessageLoopAsync: NotifyDataAvailable remoteEndPoint: 127.0.0.1:54896 localEndPoint: 127.0.0.1:54895
TpTrace Verbose: 0 : 31192, 7, 2024/06/03, 10:24:32.989, 24209355392461, vstest.console.dll, TestRequestSender.OnExecutionMessageReceived: Received message: {"Version":7,"MessageType":"TestExecution.StatsChange","Payload":{"NewTestResults":[{"TestCase":{"Id":"3c31dcd5-c074-15a2-2702-d8c59ae0665a","FullyQualifiedName":"EventManagementTest.RepositoryTests.UserRepoTest.Update_Success","DisplayName":"Update_Success","ExecutorUri":"executor://NUnit3TestExecutor","Source":"C:\\Users\\VC\\Desktop\\mini_project\\EventManagementSolution\\EventManagementTest\\bin\\Debug\\net8.0\\fine-code-coverage\\build-output\\EventManagementTest.dll","CodeFilePath":null,"LineNumber":0,"Properties":[{"Key":{"Id":"NUnit.Seed","Label":"Seed","Category":"","Description":"","Attributes":0,"ValueType":"System.String"},"Value":"442373836"}]},"Attachments":[],"Outcome":2,"ErrorMessage":"System.InvalidOperationException : The instance of entity type 'User' cannot be tracked because another instance with the same key value for {'UserProfileId'} is already being tracked. When attaching existing entities, ensure that only one entity instance with a given key value is attached. Consider using 'DbContextOptionsBuilder.EnableSensitiveDataLogging' to see the conflicting key values.","ErrorStackTrace":"   at Microsoft.EntityFrameworkCore.ChangeTracking.Internal.IdentityMap`1.ThrowIdentityConflict(InternalEntityEntry entry)\r\n   at Microsoft.EntityFrameworkCore.ChangeTracking.Internal.IdentityMap`1.Add(TKey key, InternalEntityEntry entry, Boolean updateDuplicate)\r\n   at Microsoft.EntityFrameworkCore.ChangeTracking.Internal.IdentityMap`1.Add(TKey key, InternalEntityEntry entry)\r\n   at Microsoft.EntityFrameworkCore.ChangeTracking.Internal.IdentityMap`1.Add(InternalEntityEntry entry)\r\n   at Microsoft.EntityFrameworkCore.ChangeTracking.Internal.StateManager.StartTracking(InternalEntityEntry entry)\r\n   at Microsoft.EntityFrameworkCore.ChangeTracking.Internal.InternalEntityEntry.SetEntityState(EntityState oldState, EntityState newState, Boolean acceptChanges, Boolean modifyProperties)\r\n   at Microsoft.EntityFrameworkCore.ChangeTracking.Internal.InternalEntityEntry.SetEntityState(EntityState entityState, Boolean acceptChanges, Boolean modifyProperties, Nullable`1 forceStateWhenUnknownKey)\r\n   at Microsoft.EntityFrameworkCore.ChangeTracking.Internal.EntityGraphAttacher.PaintAction(EntityEntryGraphNode`1 node)\r\n   at Microsoft.EntityFrameworkCore.ChangeTracking.Internal.EntityEntryGraphIterator.TraverseGraph[TState](EntityEntryGraphNode`1 node, Func`2 handleNode)\r\n   at Microsoft.EntityFrameworkCore.ChangeTracking.Internal.EntityGraphAttacher.AttachGraph(InternalEntityEntry rootEntry, EntityState targetState, EntityState storeGeneratedWithKeySetTargetState, Boolean forceStateWhenUnknownKey)\r\n   at Microsoft.EntityFrameworkCore.DbContext.SetEntityState(InternalEntityEntry entry, EntityState entityState)\r\n   at Microsoft.EntityFrameworkCore.DbContext.SetEntityState[TEntity](TEntity entity, EntityState entityState)\r\n   at Microsoft.EntityFrameworkCore.DbContext.Add[TEntity](TEntity entity)\r\n   at EventManagementAPI.Repositories.UserRepository.Add(User item) in C:\\Users\\VC\\Desktop\\mini_project\\EventManagementSolution\\EventManagementAPI\\Repositories\\UserRepository.cs:line 19\r\n   at EventManagementTest.RepositoryTests.UserRepoTest.Update_Success() in C:\\Users\\VC\\Desktop\\mini_project\\EventManagementSolution\\EventManagementTest\\RepositoryTests\\UserRepoTest.cs:line 154\r\n   at NUnit.Framework.Internal.TaskAwaitAdapter.GenericAdapter`1.GetResult()\r\n   at NUnit.Framework.Internal.AsyncToSyncAdapter.Await(Func`1 invoke)\r\n   at NUnit.Framework.Internal.Commands.TestMethodCommand.RunTestMethod(TestExecutionContext context)\r\n   at NUnit.Framework.Internal.Commands.TestMethodCommand.Execute(TestExecutionContext context)\r\n   at NUnit.Framework.Internal.Execution.SimpleWorkItem.<>c__DisplayClass4_0.<PerformWork>b__0()\r\n   at NUnit.Framework.Internal.ContextUtils.<>c__DisplayClass1_0`1.<DoIsolated>b__0(Object _)\r\n   at System.Threading.ExecutionContext.RunInternal(ExecutionContext executionContext, ContextCallback callback, Object state)\r\n--- End of stack trace from previous location ---\r\n   at System.Threading.ExecutionContext.RunInternal(ExecutionContext executionContext, ContextCallback callback, Object state)\r\n   at NUnit.Framework.Internal.ContextUtils.DoIsolated(ContextCallback callback, Object state)\r\n   at NUnit.Framework.Internal.ContextUtils.DoIsolated[T](Func`1 func)\r\n   at NUnit.Framework.Internal.Execution.SimpleWorkItem.PerformWork()\n","DisplayName":"Update_Success","Messages":[],"ComputerName":"DB66JX3","Duration":"00:00:00.0023140","StartTime":"2024-06-03T04:54:32.806609+00:00","EndTime":"2024-06-03T04:54:32.8089224+00:00","Properties":[{"Key":{"Id":"NUnit.Seed","Label":"Seed","Category":"","Description":"","Attributes":0,"ValueType":"System.String"},"Value":"442373836"}]},{"TestCase":{"Id":"01ac4c4f-7c19-3794-85d4-7a312c151f7e","FullyQualifiedName":"EventManagementTest.ServiceTests.AdminServiceTest.CreateEvent_Test","DisplayName":"CreateEvent_Test","ExecutorUri":"executor://NUnit3TestExecutor","Source":"C:\\Users\\VC\\Desktop\\mini_project\\EventManagementSolution\\EventManagementTest\\bin\\Debug\\net8.0\\fine-code-coverage\\build-output\\EventManagementTest.dll","CodeFilePath":null,"LineNumber":0,"Properties":[{"Key":{"Id":"NUnit.Seed","Label":"Seed","Category":"","Description":"","Attributes":0,"ValueType":"System.String"},"Value":"2090296765"}]},"Attachments":[],"Outcome":1,"ErrorMessage":null,"ErrorStackTrace":null,"DisplayName":"CreateEvent_Test","Messages":[],"ComputerName":"DB66JX3","Duration":"00:00:00.0169990","StartTime":"2024-06-03T04:54:32.8102493+00:00","EndTime":"2024-06-03T04:54:32.8272482+00:00","Properties":[{"Key":{"Id":"NUnit.Seed","Label":"Seed","Category":"","Description":"","Attributes":0,"ValueType":"System.String"},"Value":"2090296765"}]},{"TestCase":{"Id":"428d79cc-382e-11fb-d2a4-43148d20259e","FullyQualifiedName":"EventManagementTest.ServiceTests.AdminServiceTest.GetAllEvent_Test","DisplayName":"GetAllEvent_Test","ExecutorUri":"executor://NUnit3TestExecutor","Source":"C:\\Users\\VC\\Desktop\\mini_project\\EventManagementSolution\\EventManagementTest\\bin\\Debug\\net8.0\\fine-code-coverage\\build-output\\EventManagementTest.dll","CodeFilePath":null,"LineNumber":0,"Properties":[{"Key":{"Id":"NUnit.Seed","Label":"Seed","Category":"","Description":"","Attributes":0,"ValueType":"System.String"},"Value":"501493181"}]},"Attachments":[],"Outcome":2,"ErrorMessage":"  Expected: 1\r\n  But was:  3\r\n","ErrorStackTrace":"   at EventManagementTest.ServiceTests.AdminServiceTest.GetAllEvent_Test() in C:\\Users\\VC\\Desktop\\mini_project\\EventManagementSolution\\EventManagementTest\\ServiceTests\\AdminServiceTest.cs:line 69\r\n\n1)    at EventManagementTest.ServiceTests.AdminServiceTest.GetAllEvent_Test() in C:\\Users\\VC\\Desktop\\mini_project\\EventManagementSolution\\EventManagementTest\\ServiceTests\\AdminServiceTest.cs:line 69\r\n\n","DisplayName":"GetAllEvent_Test","Messages":[],"ComputerName":"DB66JX3","Duration":"00:00:00.0050350","StartTime":"2024-06-03T04:54:32.8297889+00:00","EndTime":"2024-06-03T04:54:32.8348242+00:00","Properties":[{"Key":{"Id":"NUnit.Seed","Label":"Seed","Category":"","Description":"","Attributes":0,"ValueType":"System.String"},"Value":"501493181"}]},{"TestCase":{"Id":"1c4c3060-2126-3340-f357-8a4aada6da4a","FullyQualifiedName":"EventManagementTest.ServiceTests.AdminServiceTest.GetEventCategories_Fail","DisplayName":"GetEventCategories_Fail","ExecutorUri":"executor://NUnit3TestExecutor","Source":"C:\\Users\\VC\\Desktop\\mini_project\\EventManagementSolution\\EventManagementTest\\bin\\Debug\\net8.0\\fine-code-coverage\\build-output\\EventManagementTest.dll","CodeFilePath":null,"LineNumber":0,"Properties":[{"Key":{"Id":"NUnit.Seed","Label":"Seed","Category":"","Description":"","Attributes":0,"ValueType":"System.String"},"Value":"111556234"}]},"Attachments":[],"Outcome":2,"ErrorMessage":"  Expected: <EventManagementAPI.Exceptions.NoSuchEventException>\r\n  But was:  null\r\n","ErrorStackTrace":"   at EventManagementTest.ServiceTests.AdminServiceTest.GetEventCategories_Fail() in C:\\Users\\VC\\Desktop\\mini_project\\EventManagementSolution\\EventManagementTest\\ServiceTests\\AdminServiceTest.cs:line 89\r\n\n1)    at EventManagementTest.ServiceTests.AdminServiceTest.GetEventCategories_Fail() in C:\\Users\\VC\\Desktop\\mini_project\\EventManagementSolution\\EventManagementTest\\ServiceTests\\AdminServiceTest.cs:line 89\r\n\n","DisplayName":"GetEventCategories_Fail","Messages":[],"ComputerName":"DB66JX3","Duration":"00:00:00.0040500","StartTime":"2024-06-03T04:54:32.834928+00:00","EndTime":"2024-06-03T04:54:32.838977+00:00","Properties":[{"Key":{"Id":"NUnit.Seed","Label":"Seed","Category":"","Description":"","Attributes":0,"ValueType":"System.String"},"Value":"111556234"}]},{"TestCase":{"Id":"e41fca2a-b38c-e031-1aa4-548a2a68f6a5","FullyQualifiedName":"EventManagementTest.ServiceTests.AdminServiceTest.GetEventCategories_Test","DisplayName":"GetEventCategories_Test","ExecutorUri":"executor://NUnit3TestExecutor","Source":"C:\\Users\\VC\\Desktop\\mini_project\\EventManagementSolution\\EventManagementTest\\bin\\Debug\\net8.0\\fine-code-coverage\\build-output\\EventManagementTest.dll","CodeFilePath":null,"LineNumber":0,"Properties":[{"Key":{"Id":"NUnit.Seed","Label":"Seed","Category":"","Description":"","Attributes":0,"ValueType":"System.String"},"Value":"1475125553"}]},"Attachments":[],"Outcome":1,"ErrorMessage":null,"ErrorStackTrace":null,"DisplayName":"GetEventCategories_Test","Messages":[],"ComputerName":"DB66JX3","Duration":"00:00:00.0006940","StartTime":"2024-06-03T04:54:32.8390155+00:00","EndTime":"2024-06-03T04:54:32.8397092+00:00","Properties":[{"Key":{"Id":"NUnit.Seed","Label":"Seed","Category":"","Description":"","Attributes":0,"ValueType":"System.String"},"Value":"1475125553"}]},{"TestCase":{"Id":"208171bc-6f9d-a3ea-57a6-b87fe5ae2541","FullyQualifiedName":"EventManagementTest.ServiceTests.AdminServiceTest.GetScheduledEvent_Success","DisplayName":"GetScheduledEvent_Success","ExecutorUri":"executor://NUnit3TestExecutor","Source":"C:\\Users\\VC\\Desktop\\mini_project\\EventManagementSolution\\EventManagementTest\\bin\\Debug\\net8.0\\fine-code-coverage\\build-output\\EventManagementTest.dll","CodeFilePath":null,"LineNumber":0,"Properties":[{"Key":{"Id":"NUnit.Seed","Label":"Seed","Category":"","Description":"","Attributes":0,"ValueType":"System.String"},"Value":"1788649257"}]},"Attachments":[],"Outcome":2,"ErrorMessage":"  Expected: 0\r\n  But was:  1\r\n","ErrorStackTrace":"   at EventManagementTest.ServiceTests.AdminServiceTest.GetScheduledEvent_Success() in C:\\Users\\VC\\Desktop\\mini_project\\EventManagementSolution\\EventManagementTest\\ServiceTests\\AdminServiceTest.cs:line 98\r\n\n1)    at EventManagementTest.ServiceTests.AdminServiceTest.GetScheduledEvent_Success() in C:\\Users\\VC\\Desktop\\mini_project\\EventManagementSolution\\EventManagementTest\\ServiceTests\\AdminServiceTest.cs:line 98\r\n\n","DisplayName":"GetScheduledEvent_Success","Messages":[],"ComputerName":"DB66JX3","Duration":"00:00:00.0025730","StartTime":"2024-06-03T04:54:32.8397373+00:00","EndTime":"2024-06-03T04:54:32.8423097+00:00","Properties":[{"Key":{"Id":"NUnit.Seed","Label":"Seed","Category":"","Description":"","Attributes":0,"ValueType":"System.String"},"Value":"1788649257"}]},{"TestCase":{"Id":"44b89763-5bb2-d79b-f222-10de49e2b489","FullyQualifiedName":"EventManagementTest.ServiceTests.AdminServiceTest.UpdateEvent_Fail","DisplayName":"UpdateEvent_Fail","ExecutorUri":"executor://NUnit3TestExecutor","Source":"C:\\Users\\VC\\Desktop\\mini_project\\EventManagementSolution\\EventManagementTest\\bin\\Debug\\net8.0\\fine-code-coverage\\build-output\\EventManagementTest.dll","CodeFilePath":null,"LineNumber":0,"Properties":[{"Key":{"Id":"NUnit.Seed","Label":"Seed","Category":"","Description":"","Attributes":0,"ValueType":"System.String"},"Value":"848227306"}]},"Attachments":[],"Outcome":2,"ErrorMessage":"  Expected: <EventManagementAPI.Exceptions.NoSuchEventException>\r\n  But was:  null\r\n","ErrorStackTrace":"   at EventManagementTest.ServiceTests.AdminServiceTest.UpdateEvent_Fail() in C:\\Users\\VC\\Desktop\\mini_project\\EventManagementSolution\\EventManagementTest\\ServiceTests\\AdminServiceTest.cs:line 131\r\n\n1)    at EventManagementTest.ServiceTests.AdminServiceTest.UpdateEvent_Fail() in C:\\Users\\VC\\Desktop\\mini_project\\EventManagementSolution\\EventManagementTest\\ServiceTests\\AdminServiceTest.cs:line 131\r\n\n","DisplayName":"UpdateEvent_Fail","Messages":[],"ComputerName":"DB66JX3","Duration":"00:00:00.0050400","StartTime":"2024-06-03T04:54:32.8423351+00:00","EndTime":"2024-06-03T04:54:32.8473749+00:00","Properties":[{"Key":{"Id":"NUnit.Seed","Label":"Seed","Category":"","Description":"","Attributes":0,"ValueType":"System.String"},"Value":"848227306"}]},{"TestCase":{"Id":"0baf6d7b-d7dd-701a-7659-cc9ce1c46652","FullyQualifiedName":"EventManagementTest.ServiceTests.AdminServiceTest.UpdateEvent_Success","DisplayName":"UpdateEvent_Success","ExecutorUri":"executor://NUnit3TestExecutor","Source":"C:\\Users\\VC\\Desktop\\mini_project\\EventManagementSolution\\EventManagementTest\\bin\\Debug\\net8.0\\fine-code-coverage\\build-output\\EventManagementTest.dll","CodeFilePath":null,"LineNumber":0,"Properties":[{"Key":{"Id":"NUnit.Seed","Label":"Seed","Category":"","Description":"","Attributes":0,"ValueType":"System.String"},"Value":"1042784977"}]},"Attachments":[],"Outcome":1,"ErrorMessage":null,"ErrorStackTrace":null,"DisplayName":"UpdateEvent_Success","Messages":[],"ComputerName":"DB66JX3","Duration":"00:00:00.0008970","StartTime":"2024-06-03T04:54:32.8474036+00:00","EndTime":"2024-06-03T04:54:32.8483003+00:00","Properties":[{"Key":{"Id":"NUnit.Seed","Label":"Seed","Category":"","Description":"","Attributes":0,"ValueType":"System.String"},"Value":"1042784977"}]},{"TestCase":{"Id":"d7b72af4-1545-1a42-335e-7bb7de944154","FullyQualifiedName":"EventManagementTest.ServiceTests.AdminServiceTest.UpdateScheduledEvent_Test","DisplayName":"UpdateScheduledEvent_Test","ExecutorUri":"executor://NUnit3TestExecutor","Source":"C:\\Users\\VC\\Desktop\\mini_project\\EventManagementSolution\\EventManagementTest\\bin\\Debug\\net8.0\\fine-code-coverage\\build-output\\EventManagementTest.dll","CodeFilePath":null,"LineNumber":0,"Properties":[{"Key":{"Id":"NUnit.Seed","Label":"Seed","Category":"","Description":"","Attributes":0,"ValueType":"System.String"},"Value":"413991972"}]},"Attachments":[],"Outcome":2,"ErrorMessage":"  Expected: <EventManagementAPI.Exceptions.NoSuchScheduledEventException>\r\n  But was:  null\r\n","ErrorStackTrace":"   at EventManagementTest.ServiceTests.AdminServiceTest.UpdateScheduledEvent_Test() in C:\\Users\\VC\\Desktop\\mini_project\\EventManagementSolution\\EventManagementTest\\ServiceTests\\AdminServiceTest.cs:line 136\r\n\n1)    at EventManagementTest.ServiceTests.AdminServiceTest.UpdateScheduledEvent_Test() in C:\\Users\\VC\\Desktop\\mini_project\\EventManagementSolution\\EventManagementTest\\ServiceTests\\AdminServiceTest.cs:line 136\r\n\n","DisplayName":"UpdateScheduledEvent_Test","Messages":[],"ComputerName":"DB66JX3","Duration":"00:00:00.0047470","StartTime":"2024-06-03T04:54:32.848323+00:00","EndTime":"2024-06-03T04:54:32.8530693+00:00","Properties":[{"Key":{"Id":"NUnit.Seed","Label":"Seed","Category":"","Description":"","Attributes":0,"ValueType":"System.String"},"Value":"413991972"}]}],"TestRunStatistics":{"ExecutedTests":72,"Stats":{"Passed":42,"Failed":30}},"ActiveTests":[{"Id":"cfb6ec9d-b6aa-5850-7ef6-f1cfc562d8d7","FullyQualifiedName":"EventManagementTest.ServiceTests.UserServiceTest.Login_Fail","DisplayName":"Login_Fail","ExecutorUri":"executor://NUnit3TestExecutor","Source":"C:\\Users\\VC\\Desktop\\mini_project\\EventManagementSolution\\EventManagementTest\\bin\\Debug\\net8.0\\fine-code-coverage\\build-output\\EventManagementTest.dll","CodeFilePath":null,"LineNumber":0,"Properties":[{"Key":{"Id":"NUnit.Seed","Label":"Seed","Category":"","Description":"","Attributes":0,"ValueType":"System.String"},"Value":"223976655"}]}]}}
TpTrace Verbose: 0 : 31192, 7, 2024/06/03, 10:24:32.991, 24209355412538, vstest.console.dll, TestRunRequest:SendTestRunStatsChange: Starting.
TpTrace Verbose: 0 : 31192, 7, 2024/06/03, 10:24:32.991, 24209355413792, vstest.console.dll, InProgress is Login_Fail
TpTrace Verbose: 0 : 31192, 7, 2024/06/03, 10:24:32.991, 24209355414959, vstest.console.dll, MulticastDelegateUtilities.SafeInvoke: TestRun.RunStatsChanged: Invoking callbacks was skipped because there are no subscribers.
TpTrace Information: 0 : 31192, 7, 2024/06/03, 10:24:32.991, 24209355415559, vstest.console.dll, TestRunRequest:SendTestRunStatsChange: Completed.
TpTrace Verbose: 0 : 31192, 7, 2024/06/03, 10:24:32.991, 24209355416392, vstest.console.dll, MulticastDelegateUtilities.SafeInvoke: LengthPrefixCommunicationChannel: MessageReceived: Invoking callback 1/1 for Microsoft.VisualStudio.TestPlatform.CommunicationUtilities.TestRequestSender+<>c__DisplayClass34_0., took 2 ms.
TpTrace Verbose: 0 : 31192, 7, 2024/06/03, 10:24:32.991, 24209355416984, vstest.console.dll, TcpClientExtensions.MessageLoopAsync: Polling on remoteEndPoint: 127.0.0.1:54896 localEndPoint: 127.0.0.1:54895 after 172 ms
TpTrace Verbose: 0 : 31192, 4, 2024/06/03, 10:24:32.992, 24209355419113, vstest.console.dll, MulticastDelegateUtilities.SafeInvoke: InternalTestLoggerEvents.SendTestResult: Invoking callback 1/1 for Microsoft.VisualStudio.TestPlatform.CommandLine.Internal.ConsoleLogger., took 0 ms.
TpTrace Verbose: 0 : 31192, 4, 2024/06/03, 10:24:32.992, 24209355420584, vstest.console.dll, MulticastDelegateUtilities.SafeInvoke: InternalTestLoggerEvents.SendTestResult: Invoking callback 1/1 for Microsoft.VisualStudio.TestPlatform.CommandLine.Internal.ConsoleLogger., took 0 ms.
TpTrace Verbose: 0 : 31192, 4, 2024/06/03, 10:24:32.992, 24209355424065, vstest.console.dll, MulticastDelegateUtilities.SafeInvoke: InternalTestLoggerEvents.SendTestResult: Invoking callback 1/1 for Microsoft.VisualStudio.TestPlatform.CommandLine.Internal.ConsoleLogger., took 0 ms.
TpTrace Verbose: 0 : 31192, 4, 2024/06/03, 10:24:32.992, 24209355427606, vstest.console.dll, MulticastDelegateUtilities.SafeInvoke: InternalTestLoggerEvents.SendTestResult: Invoking callback 1/1 for Microsoft.VisualStudio.TestPlatform.CommandLine.Internal.ConsoleLogger., took 0 ms.
TpTrace Verbose: 0 : 31192, 4, 2024/06/03, 10:24:32.992, 24209355428826, vstest.console.dll, MulticastDelegateUtilities.SafeInvoke: InternalTestLoggerEvents.SendTestResult: Invoking callback 1/1 for Microsoft.VisualStudio.TestPlatform.CommandLine.Internal.ConsoleLogger., took 0 ms.
TpTrace Verbose: 0 : 31192, 4, 2024/06/03, 10:24:32.993, 24209355432545, vstest.console.dll, MulticastDelegateUtilities.SafeInvoke: InternalTestLoggerEvents.SendTestResult: Invoking callback 1/1 for Microsoft.VisualStudio.TestPlatform.CommandLine.Internal.ConsoleLogger., took 0 ms.
TpTrace Verbose: 0 : 31192, 4, 2024/06/03, 10:24:32.993, 24209355437011, vstest.console.dll, MulticastDelegateUtilities.SafeInvoke: InternalTestLoggerEvents.SendTestResult: Invoking callback 1/1 for Microsoft.VisualStudio.TestPlatform.CommandLine.Internal.ConsoleLogger., took 0 ms.
TpTrace Verbose: 0 : 31192, 4, 2024/06/03, 10:24:32.994, 24209355439440, vstest.console.dll, MulticastDelegateUtilities.SafeInvoke: InternalTestLoggerEvents.SendTestResult: Invoking callback 1/1 for Microsoft.VisualStudio.TestPlatform.CommandLine.Internal.ConsoleLogger., took 0 ms.
TpTrace Verbose: 0 : 31192, 4, 2024/06/03, 10:24:32.994, 24209355443101, vstest.console.dll, MulticastDelegateUtilities.SafeInvoke: InternalTestLoggerEvents.SendTestResult: Invoking callback 1/1 for Microsoft.VisualStudio.TestPlatform.CommandLine.Internal.ConsoleLogger., took 0 ms.
TpTrace Verbose: 0 : 31192, 7, 2024/06/03, 10:24:33.057, 24209356077709, vstest.console.dll, TcpClientExtensions.MessageLoopAsync: NotifyDataAvailable remoteEndPoint: 127.0.0.1:54896 localEndPoint: 127.0.0.1:54895
TpTrace Verbose: 0 : 31192, 7, 2024/06/03, 10:24:33.058, 24209356084902, vstest.console.dll, TestRequestSender.OnExecutionMessageReceived: Received message: {"Version":7,"MessageType":"TestSession.Message","Payload":{"MessageLevel":0,"Message":"NUnit Adapter 4.5.0.0: Test execution complete"}}
TpTrace Verbose: 0 : 31192, 7, 2024/06/03, 10:24:33.058, 24209356087066, vstest.console.dll, TestRunRequest:SendTestRunMessage: Starting.
TpTrace Verbose: 0 : 31192, 7, 2024/06/03, 10:24:33.058, 24209356088204, vstest.console.dll, MulticastDelegateUtilities.SafeInvoke: TestRun.LogMessages: Invoking callback 1/1 for Microsoft.VisualStudio.TestPlatform.CommandLine.TestRunResultAggregator., took 0 ms.
TpTrace Information: 0 : 31192, 7, 2024/06/03, 10:24:33.058, 24209356088686, vstest.console.dll, TestRunRequest:SendTestRunMessage: Completed.
TpTrace Verbose: 0 : 31192, 7, 2024/06/03, 10:24:33.059, 24209356089149, vstest.console.dll, MulticastDelegateUtilities.SafeInvoke: LengthPrefixCommunicationChannel: MessageReceived: Invoking callback 1/1 for Microsoft.VisualStudio.TestPlatform.CommunicationUtilities.TestRequestSender+<>c__DisplayClass34_0., took 0 ms.
TpTrace Verbose: 0 : 31192, 7, 2024/06/03, 10:24:33.059, 24209356089650, vstest.console.dll, TcpClientExtensions.MessageLoopAsync: Polling on remoteEndPoint: 127.0.0.1:54896 localEndPoint: 127.0.0.1:54895 after 67 ms
TpTrace Verbose: 0 : 31192, 4, 2024/06/03, 10:24:33.059, 24209356090469, vstest.console.dll, MulticastDelegateUtilities.SafeInvoke: InternalTestLoggerEvents.SendTestRunMessage: Invoking callback 1/1 for Microsoft.VisualStudio.TestPlatform.CommandLine.Internal.ConsoleLogger., took 0 ms.
TpTrace Verbose: 0 : 31192, 7, 2024/06/03, 10:24:33.080, 24209356302682, vstest.console.dll, TcpClientExtensions.MessageLoopAsync: NotifyDataAvailable remoteEndPoint: 127.0.0.1:54896 localEndPoint: 127.0.0.1:54895
TpTrace Verbose: 0 : 31192, 7, 2024/06/03, 10:24:33.080, 24209356306534, vstest.console.dll, TestRequestSender.OnExecutionMessageReceived: Received message: {"Version":7,"MessageType":"TestExecution.Completed","Payload":{"TestRunCompleteArgs":{"TestRunStatistics":{"ExecutedTests":78,"Stats":{"Passed":46,"Failed":32}},"IsCanceled":false,"IsAborted":false,"Error":null,"AttachmentSets":[],"InvokedDataCollectors":[],"ElapsedTimeInRunningTests":"00:00:02.0059695","Metrics":{},"DiscoveredExtensions":{"TestDiscoverers":["NUnit.VisualStudio.TestAdapter.NUnit3TestDiscoverer, NUnit3.TestAdapter, Version=4.5.0.0, Culture=neutral, PublicKeyToken=4cb40d35494691ac"],"TestExecutors":["executor://NUnit3TestExecutor"],"TestExecutors2":[],"TestSettingsProviders":[]}},"LastRunTests":{"NewTestResults":[{"TestCase":{"Id":"cfb6ec9d-b6aa-5850-7ef6-f1cfc562d8d7","FullyQualifiedName":"EventManagementTest.ServiceTests.UserServiceTest.Login_Fail","DisplayName":"Login_Fail","ExecutorUri":"executor://NUnit3TestExecutor","Source":"C:\\Users\\VC\\Desktop\\mini_project\\EventManagementSolution\\EventManagementTest\\bin\\Debug\\net8.0\\fine-code-coverage\\build-output\\EventManagementTest.dll","CodeFilePath":null,"LineNumber":0,"Properties":[{"Key":{"Id":"NUnit.Seed","Label":"Seed","Category":"","Description":"","Attributes":0,"ValueType":"System.String"},"Value":"223976655"}]},"Attachments":[],"Outcome":1,"ErrorMessage":null,"ErrorStackTrace":null,"DisplayName":"Login_Fail","Messages":[],"ComputerName":"DB66JX3","Duration":"00:00:00.0078100","StartTime":"2024-06-03T04:54:32.9914143+00:00","EndTime":"2024-06-03T04:54:32.9992245+00:00","Properties":[{"Key":{"Id":"NUnit.Seed","Label":"Seed","Category":"","Description":"","Attributes":0,"ValueType":"System.String"},"Value":"223976655"}]},{"TestCase":{"Id":"35c13c44-daf6-daa5-d285-d56dcab5c265","FullyQualifiedName":"EventManagementTest.ServiceTests.UserServiceTest.LoginSuccessTest","DisplayName":"LoginSuccessTest","ExecutorUri":"executor://NUnit3TestExecutor","Source":"C:\\Users\\VC\\Desktop\\mini_project\\EventManagementSolution\\EventManagementTest\\bin\\Debug\\net8.0\\fine-code-coverage\\build-output\\EventManagementTest.dll","CodeFilePath":null,"LineNumber":0,"Properties":[{"Key":{"Id":"NUnit.Seed","Label":"Seed","Category":"","Description":"","Attributes":0,"ValueType":"System.String"},"Value":"732707193"}]},"Attachments":[],"Outcome":2,"ErrorMessage":"EventManagementAPI.Exceptions.UnauthorizedUserException : Invalid username or password","ErrorStackTrace":"   at EventManagementAPI.Services.UserService.Login(UserLoginDTO loginDTO) in C:\\Users\\VC\\Desktop\\mini_project\\EventManagementSolution\\EventManagementAPI\\Services\\UserService.cs:line 38\r\n   at EventManagementTest.ServiceTests.UserServiceTest.LoginSuccessTest() in C:\\Users\\VC\\Desktop\\mini_project\\EventManagementSolution\\EventManagementTest\\ServiceTests\\UserServiceTest.cs:line 140\r\n   at NUnit.Framework.Internal.TaskAwaitAdapter.GenericAdapter`1.GetResult()\r\n   at NUnit.Framework.Internal.AsyncToSyncAdapter.Await(Func`1 invoke)\r\n   at NUnit.Framework.Internal.Commands.TestMethodCommand.RunTestMethod(TestExecutionContext context)\r\n   at NUnit.Framework.Internal.Commands.TestMethodCommand.Execute(TestExecutionContext context)\r\n   at NUnit.Framework.Internal.Execution.SimpleWorkItem.<>c__DisplayClass4_0.<PerformWork>b__0()\r\n   at NUnit.Framework.Internal.ContextUtils.<>c__DisplayClass1_0`1.<DoIsolated>b__0(Object _)\r\n   at System.Threading.ExecutionContext.RunInternal(ExecutionContext executionContext, ContextCallback callback, Object state)\r\n--- End of stack trace from previous location ---\r\n   at System.Threading.ExecutionContext.RunInternal(ExecutionContext executionContext, ContextCallback callback, Object state)\r\n   at NUnit.Framework.Internal.ContextUtils.DoIsolated(ContextCallback callback, Object state)\r\n   at NUnit.Framework.Internal.ContextUtils.DoIsolated[T](Func`1 func)\r\n   at NUnit.Framework.Internal.Execution.SimpleWorkItem.PerformWork()\n","DisplayName":"LoginSuccessTest","Messages":[],"ComputerName":"DB66JX3","Duration":"00:00:00.0174850","StartTime":"2024-06-03T04:54:33.0036603+00:00","EndTime":"2024-06-03T04:54:33.0211446+00:00","Properties":[{"Key":{"Id":"NUnit.Seed","Label":"Seed","Category":"","Description":"","Attributes":0,"ValueType":"System.String"},"Value":"732707193"}]},{"TestCase":{"Id":"fe90ad0d-2869-27bf-2f72-b88f64672971","FullyQualifiedName":"EventManagementTest.ServiceTests.UserServiceTest.LoginWrongPassword_Test","DisplayName":"LoginWrongPassword_Test","ExecutorUri":"executor://NUnit3TestExecutor","Source":"C:\\Users\\VC\\Desktop\\mini_project\\EventManagementSolution\\EventManagementTest\\bin\\Debug\\net8.0\\fine-code-coverage\\build-output\\EventManagementTest.dll","CodeFilePath":null,"LineNumber":0,"Properties":[{"Key":{"Id":"NUnit.Seed","Label":"Seed","Category":"","Description":"","Attributes":0,"ValueType":"System.String"},"Value":"449656357"}]},"Attachments":[],"Outcome":1,"ErrorMessage":null,"ErrorStackTrace":null,"DisplayName":"LoginWrongPassword_Test","Messages":[],"ComputerName":"DB66JX3","Duration":"00:00:00.0043400","StartTime":"2024-06-03T04:54:33.0214591+00:00","EndTime":"2024-06-03T04:54:33.0257996+00:00","Properties":[{"Key":{"Id":"NUnit.Seed","Label":"Seed","Category":"","Description":"","Attributes":0,"ValueType":"System.String"},"Value":"449656357"}]},{"TestCase":{"Id":"571c90fa-3790-aac1-80ea-ff3d5c1b2e4f","FullyQualifiedName":"EventManagementTest.ServiceTests.UserServiceTest.Register_Success","DisplayName":"Register_Success","ExecutorUri":"executor://NUnit3TestExecutor","Source":"C:\\Users\\VC\\Desktop\\mini_project\\EventManagementSolution\\EventManagementTest\\bin\\Debug\\net8.0\\fine-code-coverage\\build-output\\EventManagementTest.dll","CodeFilePath":null,"LineNumber":0,"Properties":[{"Key":{"Id":"NUnit.Seed","Label":"Seed","Category":"","Description":"","Attributes":0,"ValueType":"System.String"},"Value":"466997611"}]},"Attachments":[],"Outcome":2,"ErrorMessage":"System.AggregateException : One or more errors occurred. (Not able to register at this moment)\r\n  ----> EventManagementAPI.Exceptions.UnableToRegisterException : Not able to register at this moment","ErrorStackTrace":"   at System.Threading.Tasks.Task.ThrowIfExceptional(Boolean includeTaskCanceledExceptions)\r\n   at System.Threading.Tasks.Task`1.GetResultCore(Boolean waitCompletionNotification)\r\n   at EventManagementTest.ServiceTests.UserServiceTest.Register_Success() in C:\\Users\\VC\\Desktop\\mini_project\\EventManagementSolution\\EventManagementTest\\ServiceTests\\UserServiceTest.cs:line 68\r\n   at System.RuntimeMethodHandle.InvokeMethod(Object target, Void** arguments, Signature sig, Boolean isConstructor)\r\n   at System.Reflection.MethodBaseInvoker.InvokeWithNoArgs(Object obj, BindingFlags invokeAttr)\r\n--UnableToRegisterException\r\n   at EventManagementAPI.Services.UserService.Register(UserRegisterDTO profileDTO) in C:\\Users\\VC\\Desktop\\mini_project\\EventManagementSolution\\EventManagementAPI\\Services\\UserService.cs:line 72\n","DisplayName":"Register_Success","Messages":[],"ComputerName":"DB66JX3","Duration":"00:00:00.0019880","StartTime":"2024-06-03T04:54:33.0258429+00:00","EndTime":"2024-06-03T04:54:33.0278307+00:00","Properties":[{"Key":{"Id":"NUnit.Seed","Label":"Seed","Category":"","Description":"","Attributes":0,"ValueType":"System.String"},"Value":"466997611"}]},{"TestCase":{"Id":"a08b2085-8df2-432b-c1e7-a316a3283ca3","FullyQualifiedName":"EventManagementTest.ServiceTests.UserServiceTest.RegisterException_Fail","DisplayName":"RegisterException_Fail","ExecutorUri":"executor://NUnit3TestExecutor","Source":"C:\\Users\\VC\\Desktop\\mini_project\\EventManagementSolution\\EventManagementTest\\bin\\Debug\\net8.0\\fine-code-coverage\\build-output\\EventManagementTest.dll","CodeFilePath":null,"LineNumber":0,"Properties":[{"Key":{"Id":"NUnit.Seed","Label":"Seed","Category":"","Description":"","Attributes":0,"ValueType":"System.String"},"Value":"2022213132"}]},"Attachments":[],"Outcome":1,"ErrorMessage":null,"ErrorStackTrace":null,"DisplayName":"RegisterException_Fail","Messages":[],"ComputerName":"DB66JX3","Duration":"00:00:00.0031390","StartTime":"2024-06-03T04:54:33.0278699+00:00","EndTime":"2024-06-03T04:54:33.031008+00:00","Properties":[{"Key":{"Id":"NUnit.Seed","Label":"Seed","Category":"","Description":"","Attributes":0,"ValueType":"System.String"},"Value":"2022213132"}]},{"TestCase":{"Id":"0998f1b9-10a2-9276-6900-9e3ebeb4c50e","FullyQualifiedName":"EventManagementTest.ServiceTests.UserServiceTest.RegisterRevertUser_Fail","DisplayName":"RegisterRevertUser_Fail","ExecutorUri":"executor://NUnit3TestExecutor","Source":"C:\\Users\\VC\\Desktop\\mini_project\\EventManagementSolution\\EventManagementTest\\bin\\Debug\\net8.0\\fine-code-coverage\\build-output\\EventManagementTest.dll","CodeFilePath":null,"LineNumber":0,"Properties":[{"Key":{"Id":"NUnit.Seed","Label":"Seed","Category":"","Description":"","Attributes":0,"ValueType":"System.String"},"Value":"1889869211"}]},"Attachments":[],"Outcome":1,"ErrorMessage":null,"ErrorStackTrace":null,"DisplayName":"RegisterRevertUser_Fail","Messages":[],"ComputerName":"DB66JX3","Duration":"00:00:00.0043580","StartTime":"2024-06-03T04:54:33.0310493+00:00","EndTime":"2024-06-03T04:54:33.0354071+00:00","Properties":[{"Key":{"Id":"NUnit.Seed","Label":"Seed","Category":"","Description":"","Attributes":0,"ValueType":"System.String"},"Value":"1889869211"}]}],"TestRunStatistics":{"ExecutedTests":78,"Stats":{"Passed":46,"Failed":32}},"ActiveTests":[]},"RunAttachments":[],"ExecutorUris":["executor://nunit3testexecutor/"]}}
TpTrace Verbose: 0 : 31192, 7, 2024/06/03, 10:24:33.080, 24209356308608, vstest.console.dll, TestRequestSender.EndSession: Sending end session.
TpTrace Verbose: 0 : 31192, 7, 2024/06/03, 10:24:33.081, 24209356310634, vstest.console.dll, ProxyOperationManager.Close: waiting for test host to exit for 100 ms
TpTrace Verbose: 0 : 31192, 11, 2024/06/03, 10:24:33.110, 24209356603972, vstest.console.dll, TestHostManagerCallbacks.ctor: Experimental forwarding output is disabled.
TpTrace Warning: 0 : 31192, 11, 2024/06/03, 10:24:33.110, 24209356605550, vstest.console.dll, TestHostManagerCallbacks.ErrorReceivedCallback Test host standard error line: 
TpTrace Verbose: 0 : 31192, 11, 2024/06/03, 10:24:33.132, 24209356825714, vstest.console.dll, TestHostProvider.ExitCallBack: Host exited starting callback.
TpTrace Information: 0 : 31192, 11, 2024/06/03, 10:24:33.132, 24209356827549, vstest.console.dll, TestHostManagerCallbacks.ExitCallBack: Testhost processId: 1496 exited with exitcode: 0 error: ''
TpTrace Verbose: 0 : 31192, 11, 2024/06/03, 10:24:33.132, 24209356828066, vstest.console.dll, DotnetTestHostManager.OnHostExited: invoking OnHostExited callback
TpTrace Verbose: 0 : 31192, 11, 2024/06/03, 10:24:33.132, 24209356828830, vstest.console.dll, CrossPlatEngine.TestHostManagerHostExited: calling on client process exit callback.
TpTrace Information: 0 : 31192, 11, 2024/06/03, 10:24:33.133, 24209356829523, vstest.console.dll, TestRequestSender.OnClientProcessExit: Test host process exited. Standard error: 
TpTrace Information: 0 : 31192, 7, 2024/06/03, 10:24:33.133, 24209356829864, vstest.console.dll, SocketServer.Stop: Stop server endPoint: 127.0.0.1:54895
TpTrace Information: 0 : 31192, 11, 2024/06/03, 10:24:33.133, 24209356830248, vstest.console.dll, SocketServer.Stop: Stop server endPoint: 127.0.0.1:54895
TpTrace Information: 0 : 31192, 7, 2024/06/03, 10:24:33.133, 24209356830717, vstest.console.dll, SocketServer.Stop: Cancellation requested. Stopping message loop.
TpTrace Information: 0 : 31192, 11, 2024/06/03, 10:24:33.133, 24209356831569, vstest.console.dll, SocketServer.Stop: Cancellation requested. Stopping message loop.
TpTrace Verbose: 0 : 31192, 11, 2024/06/03, 10:24:33.133, 24209356833196, vstest.console.dll, MulticastDelegateUtilities.SafeInvoke: HostProviderEvents.OnHostExited: Invoking callback 1/1 for Microsoft.VisualStudio.TestPlatform.CrossPlatEngine.Client.ProxyOperationManager., took 0 ms.
TpTrace Information: 0 : 31192, 7, 2024/06/03, 10:24:33.133, 24209356837549, vstest.console.dll, Closing the connection
TpTrace Verbose: 0 : 31192, 7, 2024/06/03, 10:24:33.134, 24209356840947, vstest.console.dll, ProxyDataCollectionManager.InvokeDataCollectionServiceAction: Starting.
TpTrace Information: 0 : 31192, 7, 2024/06/03, 10:24:33.134, 24209356841646, vstest.console.dll, ProxyDataCollectionManager.AfterTestRunEnd: Get attachment set and invoked data collectors processId: 14748 port: 54892
TpTrace Verbose: 0 : 31192, 7, 2024/06/03, 10:24:33.134, 24209356842354, vstest.console.dll, DataCollectionRequestSender.SendAfterTestRunStartAndGetResult: Send AfterTestRunEnd message with isCancelled: False
TpTrace Verbose: 0 : 31192, 7, 2024/06/03, 10:24:33.144, 24209356941632, vstest.console.dll, DataCollectionRequestSender.SendAfterTestRunStartAndGetResult: Received message: (DataCollection.AfterTestRunEndResult) -> {"MessageType":"DataCollection.AfterTestRunEndResult","Payload":{"AttachmentSets":[],"InvokedDataCollectors":[{"Uri":"datacollector://Microsoft/TestPlatform/Extensions/Blame/v1","FriendlyName":"Blame","AssemblyQualifiedName":"Microsoft.TestPlatform.Extensions.BlameDataCollector.BlameCollector, Microsoft.TestPlatform.Extensions.BlameDataCollector, Version=15.0.0.0, Culture=neutral, PublicKeyToken=b03f5f7f11d50a3a","FilePath":"C:\\Program Files\\dotnet\\sdk\\8.0.202\\Extensions\\Microsoft.TestPlatform.Extensions.BlameDataCollector.dll","HasAttachmentProcessor":false}],"Metrics":{}}}
TpTrace Information: 0 : 31192, 7, 2024/06/03, 10:24:33.150, 24209357007939, vstest.console.dll, ProxyDataCollectionManager.InvokeDataCollectionServiceAction: Completed.
TpTrace Warning: 0 : 31192, 10, 2024/06/03, 10:24:33.171, 24209357216835, vstest.console.dll, DataCollectionLauncher.ErrorReceivedCallback datacollector standard error line: 
TpTrace Information: 0 : 31192, 10, 2024/06/03, 10:24:33.181, 24209357309219, vstest.console.dll, DataCollectionLauncher.ExitCallBack: Data collector exited with exitcode: 0 error: ''
TpTrace Verbose: 0 : 31192, 7, 2024/06/03, 10:24:33.189, 24209357395883, vstest.console.dll, TestRunRequest:SendTestRunStatsChange: Starting.
TpTrace Verbose: 0 : 31192, 7, 2024/06/03, 10:24:33.189, 24209357397323, vstest.console.dll, MulticastDelegateUtilities.SafeInvoke: TestRun.RunStatsChanged: Invoking callbacks was skipped because there are no subscribers.
TpTrace Information: 0 : 31192, 7, 2024/06/03, 10:24:33.189, 24209357397758, vstest.console.dll, TestRunRequest:SendTestRunStatsChange: Completed.
TpTrace Verbose: 0 : 31192, 4, 2024/06/03, 10:24:33.189, 24209357398283, vstest.console.dll, MulticastDelegateUtilities.SafeInvoke: InternalTestLoggerEvents.SendTestResult: Invoking callback 1/1 for Microsoft.VisualStudio.TestPlatform.CommandLine.Internal.ConsoleLogger., took 0 ms.
TpTrace Verbose: 0 : 31192, 7, 2024/06/03, 10:24:33.190, 24209357401715, vstest.console.dll, ParallelProxyExecutionManager: HandlePartialRunComplete: Total workloads = 1, Total started clients = 1 Total completed clients = 1, Run complete = True, Run canceled: False.
TpTrace Verbose: 0 : 31192, 7, 2024/06/03, 10:24:33.190, 24209357402333, vstest.console.dll, ParallelProxyExecutionManager: HandlePartialRunComplete: All runs completed stopping all managers.
TpTrace Verbose: 0 : 31192, 7, 2024/06/03, 10:24:33.190, 24209357402831, vstest.console.dll, ParallelOperationManager.StopAllManagers: Stopping all managers.
TpTrace Verbose: 0 : 31192, 4, 2024/06/03, 10:24:33.190, 24209357402809, vstest.console.dll, MulticastDelegateUtilities.SafeInvoke: InternalTestLoggerEvents.SendTestResult: Invoking callback 1/1 for Microsoft.VisualStudio.TestPlatform.CommandLine.Internal.ConsoleLogger., took 0 ms.
TpTrace Verbose: 0 : 31192, 7, 2024/06/03, 10:24:33.190, 24209357403248, vstest.console.dll, ParallelOperationManager.ClearSlots: Clearing all slots. Slots should accept more work: False
TpTrace Verbose: 0 : 31192, 4, 2024/06/03, 10:24:33.190, 24209357404526, vstest.console.dll, MulticastDelegateUtilities.SafeInvoke: InternalTestLoggerEvents.SendTestResult: Invoking callback 1/1 for Microsoft.VisualStudio.TestPlatform.CommandLine.Internal.ConsoleLogger., took 0 ms.
TpTrace Verbose: 0 : 31192, 7, 2024/06/03, 10:24:33.190, 24209357404629, vstest.console.dll, ParallelOperationManager.SetOccupiedSlotCount: Setting slot counts AvailableSlotCount = 1, OccupiedSlotCount = 0.
TpTrace Verbose: 0 : 31192, 7, 2024/06/03, 10:24:33.190, 24209357407024, vstest.console.dll, Occupied slots:

TpTrace Verbose: 0 : 31192, 4, 2024/06/03, 10:24:33.191, 24209357409580, vstest.console.dll, MulticastDelegateUtilities.SafeInvoke: InternalTestLoggerEvents.SendTestResult: Invoking callback 1/1 for Microsoft.VisualStudio.TestPlatform.CommandLine.Internal.ConsoleLogger., took 0 ms.
TpTrace Verbose: 0 : 31192, 4, 2024/06/03, 10:24:33.191, 24209357410793, vstest.console.dll, MulticastDelegateUtilities.SafeInvoke: InternalTestLoggerEvents.SendTestResult: Invoking callback 1/1 for Microsoft.VisualStudio.TestPlatform.CommandLine.Internal.ConsoleLogger., took 0 ms.
TpTrace Verbose: 0 : 31192, 4, 2024/06/03, 10:24:33.191, 24209357411683, vstest.console.dll, MulticastDelegateUtilities.SafeInvoke: InternalTestLoggerEvents.SendTestResult: Invoking callback 1/1 for Microsoft.VisualStudio.TestPlatform.CommandLine.Internal.ConsoleLogger., took 0 ms.
TpTrace Verbose: 0 : 31192, 4, 2024/06/03, 10:24:33.200, 24209357500451, vstest.console.dll, MulticastDelegateUtilities.SafeInvoke: InternalTestLoggerEvents.SendTestRunComplete: Invoking callback 1/2 for Microsoft.TestPlatform.Extensions.BlameDataCollector.BlameLogger., took 0 ms.
TpTrace Verbose: 0 : 31192, 4, 2024/06/03, 10:24:33.206, 24209357567802, vstest.console.dll, MulticastDelegateUtilities.SafeInvoke: InternalTestLoggerEvents.SendTestRunComplete: Invoking callback 2/2 for Microsoft.VisualStudio.TestPlatform.CommandLine.Internal.ConsoleLogger., took 6 ms.
TpTrace Verbose: 0 : 31192, 7, 2024/06/03, 10:24:33.207, 24209357571680, vstest.console.dll, TestRunRequest:TestRunComplete: Starting. IsAborted:False IsCanceled:False.
TpTrace Verbose: 0 : 31192, 7, 2024/06/03, 10:24:33.207, 24209357573691, vstest.console.dll, ParallelOperationManager.DoActionOnAllManagers: Calling an action on all managers.
TpTrace Verbose: 0 : 31192, 7, 2024/06/03, 10:24:33.208, 24209357581695, vstest.console.dll, TestLoggerManager.HandleTestRunComplete: Ignoring as the object is disposed.
TpTrace Verbose: 0 : 31192, 7, 2024/06/03, 10:24:33.208, 24209357583612, vstest.console.dll, MulticastDelegateUtilities.SafeInvoke: TestRun.TestRunComplete: Invoking callback 1/2 for Microsoft.VisualStudio.TestPlatform.CommandLine.TestRunResultAggregator., took 0 ms.
TpTrace Verbose: 0 : 31192, 7, 2024/06/03, 10:24:33.208, 24209357584746, vstest.console.dll, MulticastDelegateUtilities.SafeInvoke: TestRun.TestRunComplete: Invoking callback 2/2 for Microsoft.VisualStudio.TestPlatform.CommandLine.Processors.RunTestsArgumentExecutor+TestRunRequestEventsRegistrar., took 0 ms.
TpTrace Information: 0 : 31192, 7, 2024/06/03, 10:24:33.208, 24209357585810, vstest.console.dll, TestRunRequest:TestRunComplete: Completed.
TpTrace Verbose: 0 : 31192, 1, 2024/06/03, 10:24:33.208, 24209357585874, vstest.console.dll, TestRunRequest.Dispose: Starting.
TpTrace Information: 0 : 31192, 1, 2024/06/03, 10:24:33.208, 24209357586888, vstest.console.dll, TestRunRequest.Dispose: Completed.
TpTrace Verbose: 0 : 31192, 7, 2024/06/03, 10:24:33.208, 24209357586253, vstest.console.dll, TestRequestSender.SetOperationComplete: Setting operation complete.
TpTrace Information: 0 : 31192, 7, 2024/06/03, 10:24:33.208, 24209357587874, vstest.console.dll, SocketServer.Stop: Stop server endPoint: 127.0.0.1:54895
TpTrace Information: 0 : 31192, 1, 2024/06/03, 10:24:33.208, 24209357588009, vstest.console.dll, TestRequestManager.RunTests: run tests completed.
TpTrace Information: 0 : 31192, 1, 2024/06/03, 10:24:33.208, 24209357589054, vstest.console.dll, RunTestsArgumentProcessor:Execute: Test run is completed.
TpTrace Information: 0 : 31192, 7, 2024/06/03, 10:24:33.208, 24209357588272, vstest.console.dll, SocketServer.Stop: Cancellation requested. Stopping message loop.
TpTrace Verbose: 0 : 31192, 7, 2024/06/03, 10:24:33.209, 24209357590545, vstest.console.dll, MulticastDelegateUtilities.SafeInvoke: LengthPrefixCommunicationChannel: MessageReceived: Invoking callback 1/1 for Microsoft.VisualStudio.TestPlatform.CommunicationUtilities.TestRequestSender+<>c__DisplayClass34_0., took 128 ms.
TpTrace Information: 0 : 31192, 7, 2024/06/03, 10:24:33.209, 24209357591055, vstest.console.dll, SocketServer.PrivateStop: Stopping server endPoint: 127.0.0.1:54895 error: 
TpTrace Verbose: 0 : 31192, 1, 2024/06/03, 10:24:33.209, 24209357591591, vstest.console.dll, Executor.Execute: Exiting with exit code of 1
TpTrace Verbose: 0 : 31192, 7, 2024/06/03, 10:24:33.209, 24209357595971, vstest.console.dll, LengthPrefixCommunicationChannel.Dispose: Dispose reader and writer.
